Calling target program-options parser
[05:10:17.458] [bmv2] [D] [thread 12990] Set default default entry for table 'MyIngress.ipv4_lpm': MyIngress.drop - 
[05:10:17.458] [bmv2] [D] [thread 12990] Set default default entry for table 'MyIngress.ecmp_group_to_nhop': NoAction - 
Adding interface s3-eth1 as port 1
[05:10:17.460] [bmv2] [D] [thread 12990] Adding interface s3-eth1 as port 1
Adding interface s3-eth2 as port 2
[05:10:17.472] [bmv2] [D] [thread 12990] Adding interface s3-eth2 as port 2
[05:10:17.501] [bmv2] [I] [thread 12990] Starting Thrift server on port 9092
[05:10:17.502] [bmv2] [I] [thread 12990] Thrift server was started
[05:10:17.584] [bmv2] [D] [thread 12996] [0.0] [cxt 0] Processing packet received on port 2
[05:10:17.584] [bmv2] [D] [thread 12996] [0.0] [cxt 0] Parser 'parser': start
[05:10:17.584] [bmv2] [D] [thread 12996] [0.0] [cxt 0] Parser 'parser' entering state 'start'
[05:10:17.584] [bmv2] [D] [thread 12996] [0.0] [cxt 0] Extracting header 'ethernet'
[05:10:17.584] [bmv2] [D] [thread 12996] [0.0] [cxt 0] Parser state 'start': key is 86dd
[05:10:17.584] [bmv2] [T] [thread 12996] [0.0] [cxt 0] Bytes parsed: 14
[05:10:17.584] [bmv2] [D] [thread 12996] [0.0] [cxt 0] Parser 'parser': end
[05:10:17.584] [bmv2] [D] [thread 12996] [0.0] [cxt 0] Pipeline 'ingress': start
[05:10:17.584] [bmv2] [T] [thread 12996] [0.0] [cxt 0] /home/p4/drill/ecmp/p4src/ecmp.p4(83) Condition "hdr.ipv4.isValid()" (node_2) is false
[05:10:17.584] [bmv2] [D] [thread 12996] [0.0] [cxt 0] Pipeline 'ingress': end
[05:10:17.584] [bmv2] [D] [thread 12996] [0.0] [cxt 0] Egress port is 0
[05:10:17.584] [bmv2] [D] [thread 12997] [0.0] [cxt 0] Pipeline 'egress': start
[05:10:17.585] [bmv2] [D] [thread 12997] [0.0] [cxt 0] Pipeline 'egress': end
[05:10:17.585] [bmv2] [D] [thread 12997] [0.0] [cxt 0] Deparser 'deparser': start
[05:10:17.585] [bmv2] [T] [thread 12997] [0.0] [cxt 0] Skipping checksum 'cksum' update because condition not met
[05:10:17.585] [bmv2] [D] [thread 12997] [0.0] [cxt 0] Deparsing header 'ethernet'
[05:10:17.585] [bmv2] [D] [thread 12997] [0.0] [cxt 0] Deparser 'deparser': end
[05:10:17.585] [bmv2] [D] [thread 13001] [0.0] [cxt 0] Transmitting packet of size 90 out of port 0
[05:10:17.769] [bmv2] [D] [thread 12996] [1.0] [cxt 0] Processing packet received on port 2
[05:10:17.769] [bmv2] [D] [thread 12996] [1.0] [cxt 0] Parser 'parser': start
[05:10:17.769] [bmv2] [D] [thread 12996] [1.0] [cxt 0] Parser 'parser' entering state 'start'
[05:10:17.769] [bmv2] [D] [thread 12996] [1.0] [cxt 0] Extracting header 'ethernet'
[05:10:17.769] [bmv2] [D] [thread 12996] [1.0] [cxt 0] Parser state 'start': key is 86dd
[05:10:17.769] [bmv2] [T] [thread 12996] [1.0] [cxt 0] Bytes parsed: 14
[05:10:17.769] [bmv2] [D] [thread 12996] [1.0] [cxt 0] Parser 'parser': end
[05:10:17.769] [bmv2] [D] [thread 12996] [1.0] [cxt 0] Pipeline 'ingress': start
[05:10:17.769] [bmv2] [T] [thread 12996] [1.0] [cxt 0] /home/p4/drill/ecmp/p4src/ecmp.p4(83) Condition "hdr.ipv4.isValid()" (node_2) is false
[05:10:17.769] [bmv2] [D] [thread 12996] [1.0] [cxt 0] Pipeline 'ingress': end
[05:10:17.769] [bmv2] [D] [thread 12996] [1.0] [cxt 0] Egress port is 0
[05:10:17.769] [bmv2] [D] [thread 12997] [1.0] [cxt 0] Pipeline 'egress': start
[05:10:17.769] [bmv2] [D] [thread 12997] [1.0] [cxt 0] Pipeline 'egress': end
[05:10:17.769] [bmv2] [D] [thread 12997] [1.0] [cxt 0] Deparser 'deparser': start
[05:10:17.769] [bmv2] [T] [thread 12997] [1.0] [cxt 0] Skipping checksum 'cksum' update because condition not met
[05:10:17.769] [bmv2] [D] [thread 12997] [1.0] [cxt 0] Deparsing header 'ethernet'
[05:10:17.769] [bmv2] [D] [thread 12997] [1.0] [cxt 0] Deparser 'deparser': end
[05:10:17.769] [bmv2] [D] [thread 13001] [1.0] [cxt 0] Transmitting packet of size 86 out of port 0
[05:10:17.896] [bmv2] [D] [thread 12996] [2.0] [cxt 0] Processing packet received on port 2
[05:10:17.896] [bmv2] [D] [thread 12996] [2.0] [cxt 0] Parser 'parser': start
[05:10:17.896] [bmv2] [D] [thread 12996] [2.0] [cxt 0] Parser 'parser' entering state 'start'
[05:10:17.896] [bmv2] [D] [thread 12996] [2.0] [cxt 0] Extracting header 'ethernet'
[05:10:17.896] [bmv2] [D] [thread 12996] [2.0] [cxt 0] Parser state 'start': key is 86dd
[05:10:17.897] [bmv2] [T] [thread 12996] [2.0] [cxt 0] Bytes parsed: 14
[05:10:17.897] [bmv2] [D] [thread 12996] [2.0] [cxt 0] Parser 'parser': end
[05:10:17.897] [bmv2] [D] [thread 12996] [2.0] [cxt 0] Pipeline 'ingress': start
[05:10:17.897] [bmv2] [T] [thread 12996] [2.0] [cxt 0] /home/p4/drill/ecmp/p4src/ecmp.p4(83) Condition "hdr.ipv4.isValid()" (node_2) is false
[05:10:17.897] [bmv2] [D] [thread 12996] [2.0] [cxt 0] Pipeline 'ingress': end
[05:10:17.897] [bmv2] [D] [thread 12996] [2.0] [cxt 0] Egress port is 0
[05:10:17.897] [bmv2] [D] [thread 12997] [2.0] [cxt 0] Pipeline 'egress': start
[05:10:17.897] [bmv2] [D] [thread 12997] [2.0] [cxt 0] Pipeline 'egress': end
[05:10:17.897] [bmv2] [D] [thread 12997] [2.0] [cxt 0] Deparser 'deparser': start
[05:10:17.897] [bmv2] [T] [thread 12997] [2.0] [cxt 0] Skipping checksum 'cksum' update because condition not met
[05:10:17.897] [bmv2] [D] [thread 12997] [2.0] [cxt 0] Deparsing header 'ethernet'
[05:10:17.897] [bmv2] [D] [thread 12997] [2.0] [cxt 0] Deparser 'deparser': end
[05:10:17.897] [bmv2] [D] [thread 13001] [2.0] [cxt 0] Transmitting packet of size 86 out of port 0
[05:10:18.561] [bmv2] [T] [thread 13155] bm_get_config
[05:10:18.563] [bmv2] [T] [thread 13155] bm_set_default_action
[05:10:18.564] [bmv2] [D] [thread 13155] Set default entry for table 'MyIngress.ipv4_lpm': MyIngress.drop - 
[05:10:18.564] [bmv2] [T] [thread 13155] bm_set_default_action
[05:10:18.564] [bmv2] [D] [thread 13155] Set default entry for table 'MyIngress.ecmp_group_to_nhop': MyIngress.drop - 
[05:10:18.567] [bmv2] [T] [thread 13155] bm_table_add_entry
[05:10:18.567] [bmv2] [D] [thread 13155] Entry 0 added to table 'MyIngress.ipv4_lpm'
[05:10:18.567] [bmv2] [D] [thread 13155] Dumping entry 0
Match key:
* hdr.ipv4.dstAddr    : LPM       0a000101/32
Action entry: MyIngress.set_nhop - 10300,1,

[05:10:18.568] [bmv2] [T] [thread 13155] bm_table_add_entry
[05:10:18.568] [bmv2] [D] [thread 13155] Entry 1 added to table 'MyIngress.ipv4_lpm'
[05:10:18.568] [bmv2] [D] [thread 13155] Dumping entry 1
Match key:
* hdr.ipv4.dstAddr    : LPM       0a000602/32
Action entry: MyIngress.set_nhop - 60300,2,

[05:10:21.613] [bmv2] [D] [thread 12996] [3.0] [cxt 0] Processing packet received on port 1
[05:10:21.613] [bmv2] [D] [thread 12996] [3.0] [cxt 0] Parser 'parser': start
[05:10:21.613] [bmv2] [D] [thread 12996] [3.0] [cxt 0] Parser 'parser' entering state 'start'
[05:10:21.613] [bmv2] [D] [thread 12996] [3.0] [cxt 0] Extracting header 'ethernet'
[05:10:21.613] [bmv2] [D] [thread 12996] [3.0] [cxt 0] Parser state 'start': key is 0800
[05:10:21.613] [bmv2] [T] [thread 12996] [3.0] [cxt 0] Bytes parsed: 14
[05:10:21.613] [bmv2] [D] [thread 12996] [3.0] [cxt 0] Parser 'parser' entering state 'parse_ipv4'
[05:10:21.613] [bmv2] [D] [thread 12996] [3.0] [cxt 0] Extracting header 'ipv4'
[05:10:21.613] [bmv2] [D] [thread 12996] [3.0] [cxt 0] Parser state 'parse_ipv4': key is 01
[05:10:21.613] [bmv2] [T] [thread 12996] [3.0] [cxt 0] Bytes parsed: 34
[05:10:21.613] [bmv2] [D] [thread 12996] [3.0] [cxt 0] Parser 'parser': end
[05:10:21.613] [bmv2] [D] [thread 12996] [3.0] [cxt 0] Pipeline 'ingress': start
[05:10:21.613] [bmv2] [T] [thread 12996] [3.0] [cxt 0] /home/p4/drill/ecmp/p4src/ecmp.p4(83) Condition "hdr.ipv4.isValid()" (node_2) is true
[05:10:21.613] [bmv2] [T] [thread 12996] [3.0] [cxt 0] Applying table 'MyIngress.ipv4_lpm'
[05:10:21.613] [bmv2] [D] [thread 12996] [3.0] [cxt 0] Looking up key:
* hdr.ipv4.dstAddr    : 0a000602

[05:10:21.613] [bmv2] [D] [thread 12996] [3.0] [cxt 0] Table 'MyIngress.ipv4_lpm': hit with handle 1
[05:10:21.613] [bmv2] [D] [thread 12996] [3.0] [cxt 0] Dumping entry 1
Match key:
* hdr.ipv4.dstAddr    : LPM       0a000602/32
Action entry: MyIngress.set_nhop - 60300,2,

[05:10:21.613] [bmv2] [D] [thread 12996] [3.0] [cxt 0] Action entry is MyIngress.set_nhop - 60300,2,
[05:10:21.613] [bmv2] [T] [thread 12996] [3.0] [cxt 0] Action MyIngress.set_nhop
[05:10:21.613] [bmv2] [T] [thread 12996] [3.0] [cxt 0] /home/p4/drill/ecmp/p4src/ecmp.p4(45) Primitive hdr.ethernet.srcAddr = hdr.ethernet.dstAddr
[05:10:21.613] [bmv2] [T] [thread 12996] [3.0] [cxt 0] /home/p4/drill/ecmp/p4src/ecmp.p4(48) Primitive hdr.ethernet.dstAddr = dstAddr
[05:10:21.613] [bmv2] [T] [thread 12996] [3.0] [cxt 0] /home/p4/drill/ecmp/p4src/ecmp.p4(51) Primitive standard_metadata.egress_spec = port
[05:10:21.613] [bmv2] [T] [thread 12996] [3.0] [cxt 0] /home/p4/drill/ecmp/p4src/ecmp.p4(54) Primitive hdr.ipv4.ttl = hdr.ipv4.ttl - 1
[05:10:21.613] [bmv2] [D] [thread 12996] [3.0] [cxt 0] Pipeline 'ingress': end
[05:10:21.613] [bmv2] [D] [thread 12996] [3.0] [cxt 0] Egress port is 2
[05:10:21.614] [bmv2] [D] [thread 12999] [3.0] [cxt 0] Pipeline 'egress': start
[05:10:21.614] [bmv2] [D] [thread 12999] [3.0] [cxt 0] Pipeline 'egress': end
[05:10:21.614] [bmv2] [D] [thread 12999] [3.0] [cxt 0] Deparser 'deparser': start
[05:10:21.614] [bmv2] [D] [thread 12999] [3.0] [cxt 0] Updating checksum 'cksum'
[05:10:21.614] [bmv2] [D] [thread 12999] [3.0] [cxt 0] Deparsing header 'ethernet'
[05:10:21.614] [bmv2] [D] [thread 12999] [3.0] [cxt 0] Deparsing header 'ipv4'
[05:10:21.614] [bmv2] [D] [thread 12999] [3.0] [cxt 0] Deparser 'deparser': end
[05:10:21.614] [bmv2] [D] [thread 13001] [3.0] [cxt 0] Transmitting packet of size 98 out of port 2
[05:10:21.617] [bmv2] [D] [thread 12996] [4.0] [cxt 0] Processing packet received on port 2
[05:10:21.617] [bmv2] [D] [thread 12996] [4.0] [cxt 0] Parser 'parser': start
[05:10:21.617] [bmv2] [D] [thread 12996] [4.0] [cxt 0] Parser 'parser' entering state 'start'
[05:10:21.617] [bmv2] [D] [thread 12996] [4.0] [cxt 0] Extracting header 'ethernet'
[05:10:21.617] [bmv2] [D] [thread 12996] [4.0] [cxt 0] Parser state 'start': key is 0800
[05:10:21.617] [bmv2] [T] [thread 12996] [4.0] [cxt 0] Bytes parsed: 14
[05:10:21.617] [bmv2] [D] [thread 12996] [4.0] [cxt 0] Parser 'parser' entering state 'parse_ipv4'
[05:10:21.617] [bmv2] [D] [thread 12996] [4.0] [cxt 0] Extracting header 'ipv4'
[05:10:21.617] [bmv2] [D] [thread 12996] [4.0] [cxt 0] Parser state 'parse_ipv4': key is 01
[05:10:21.617] [bmv2] [T] [thread 12996] [4.0] [cxt 0] Bytes parsed: 34
[05:10:21.617] [bmv2] [D] [thread 12996] [4.0] [cxt 0] Parser 'parser': end
[05:10:21.617] [bmv2] [D] [thread 12996] [4.0] [cxt 0] Pipeline 'ingress': start
[05:10:21.617] [bmv2] [T] [thread 12996] [4.0] [cxt 0] /home/p4/drill/ecmp/p4src/ecmp.p4(83) Condition "hdr.ipv4.isValid()" (node_2) is true
[05:10:21.617] [bmv2] [T] [thread 12996] [4.0] [cxt 0] Applying table 'MyIngress.ipv4_lpm'
[05:10:21.617] [bmv2] [D] [thread 12996] [4.0] [cxt 0] Looking up key:
* hdr.ipv4.dstAddr    : 0a000101

[05:10:21.617] [bmv2] [D] [thread 12996] [4.0] [cxt 0] Table 'MyIngress.ipv4_lpm': hit with handle 0
[05:10:21.617] [bmv2] [D] [thread 12996] [4.0] [cxt 0] Dumping entry 0
Match key:
* hdr.ipv4.dstAddr    : LPM       0a000101/32
Action entry: MyIngress.set_nhop - 10300,1,

[05:10:21.617] [bmv2] [D] [thread 12996] [4.0] [cxt 0] Action entry is MyIngress.set_nhop - 10300,1,
[05:10:21.617] [bmv2] [T] [thread 12996] [4.0] [cxt 0] Action MyIngress.set_nhop
[05:10:21.618] [bmv2] [T] [thread 12996] [4.0] [cxt 0] /home/p4/drill/ecmp/p4src/ecmp.p4(45) Primitive hdr.ethernet.srcAddr = hdr.ethernet.dstAddr
[05:10:21.618] [bmv2] [T] [thread 12996] [4.0] [cxt 0] /home/p4/drill/ecmp/p4src/ecmp.p4(48) Primitive hdr.ethernet.dstAddr = dstAddr
[05:10:21.618] [bmv2] [T] [thread 12996] [4.0] [cxt 0] /home/p4/drill/ecmp/p4src/ecmp.p4(51) Primitive standard_metadata.egress_spec = port
[05:10:21.618] [bmv2] [T] [thread 12996] [4.0] [cxt 0] /home/p4/drill/ecmp/p4src/ecmp.p4(54) Primitive hdr.ipv4.ttl = hdr.ipv4.ttl - 1
[05:10:21.618] [bmv2] [D] [thread 12996] [4.0] [cxt 0] Pipeline 'ingress': end
[05:10:21.618] [bmv2] [D] [thread 12996] [4.0] [cxt 0] Egress port is 1
[05:10:21.618] [bmv2] [D] [thread 12998] [4.0] [cxt 0] Pipeline 'egress': start
[05:10:21.618] [bmv2] [D] [thread 12998] [4.0] [cxt 0] Pipeline 'egress': end
[05:10:21.618] [bmv2] [D] [thread 12998] [4.0] [cxt 0] Deparser 'deparser': start
[05:10:21.618] [bmv2] [D] [thread 12998] [4.0] [cxt 0] Updating checksum 'cksum'
[05:10:21.618] [bmv2] [D] [thread 12998] [4.0] [cxt 0] Deparsing header 'ethernet'
[05:10:21.618] [bmv2] [D] [thread 12998] [4.0] [cxt 0] Deparsing header 'ipv4'
[05:10:21.618] [bmv2] [D] [thread 12998] [4.0] [cxt 0] Deparser 'deparser': end
[05:10:21.618] [bmv2] [D] [thread 13001] [4.0] [cxt 0] Transmitting packet of size 98 out of port 1
[05:10:21.627] [bmv2] [D] [thread 12996] [5.0] [cxt 0] Processing packet received on port 2
[05:10:21.627] [bmv2] [D] [thread 12996] [5.0] [cxt 0] Parser 'parser': start
[05:10:21.627] [bmv2] [D] [thread 12996] [5.0] [cxt 0] Parser 'parser' entering state 'start'
[05:10:21.627] [bmv2] [D] [thread 12996] [5.0] [cxt 0] Extracting header 'ethernet'
[05:10:21.627] [bmv2] [D] [thread 12996] [5.0] [cxt 0] Parser state 'start': key is 0800
[05:10:21.627] [bmv2] [T] [thread 12996] [5.0] [cxt 0] Bytes parsed: 14
[05:10:21.627] [bmv2] [D] [thread 12996] [5.0] [cxt 0] Parser 'parser' entering state 'parse_ipv4'
[05:10:21.627] [bmv2] [D] [thread 12996] [5.0] [cxt 0] Extracting header 'ipv4'
[05:10:21.627] [bmv2] [D] [thread 12996] [5.0] [cxt 0] Parser state 'parse_ipv4': key is 01
[05:10:21.627] [bmv2] [T] [thread 12996] [5.0] [cxt 0] Bytes parsed: 34
[05:10:21.627] [bmv2] [D] [thread 12996] [5.0] [cxt 0] Parser 'parser': end
[05:10:21.627] [bmv2] [D] [thread 12996] [5.0] [cxt 0] Pipeline 'ingress': start
[05:10:21.627] [bmv2] [T] [thread 12996] [5.0] [cxt 0] /home/p4/drill/ecmp/p4src/ecmp.p4(83) Condition "hdr.ipv4.isValid()" (node_2) is true
[05:10:21.628] [bmv2] [T] [thread 12996] [5.0] [cxt 0] Applying table 'MyIngress.ipv4_lpm'
[05:10:21.628] [bmv2] [D] [thread 12996] [5.0] [cxt 0] Looking up key:
* hdr.ipv4.dstAddr    : 0a000101

[05:10:21.628] [bmv2] [D] [thread 12996] [5.0] [cxt 0] Table 'MyIngress.ipv4_lpm': hit with handle 0
[05:10:21.628] [bmv2] [D] [thread 12996] [5.0] [cxt 0] Dumping entry 0
Match key:
* hdr.ipv4.dstAddr    : LPM       0a000101/32
Action entry: MyIngress.set_nhop - 10300,1,

[05:10:21.628] [bmv2] [D] [thread 12996] [5.0] [cxt 0] Action entry is MyIngress.set_nhop - 10300,1,
[05:10:21.628] [bmv2] [T] [thread 12996] [5.0] [cxt 0] Action MyIngress.set_nhop
[05:10:21.628] [bmv2] [T] [thread 12996] [5.0] [cxt 0] /home/p4/drill/ecmp/p4src/ecmp.p4(45) Primitive hdr.ethernet.srcAddr = hdr.ethernet.dstAddr
[05:10:21.628] [bmv2] [T] [thread 12996] [5.0] [cxt 0] /home/p4/drill/ecmp/p4src/ecmp.p4(48) Primitive hdr.ethernet.dstAddr = dstAddr
[05:10:21.628] [bmv2] [T] [thread 12996] [5.0] [cxt 0] /home/p4/drill/ecmp/p4src/ecmp.p4(51) Primitive standard_metadata.egress_spec = port
[05:10:21.628] [bmv2] [T] [thread 12996] [5.0] [cxt 0] /home/p4/drill/ecmp/p4src/ecmp.p4(54) Primitive hdr.ipv4.ttl = hdr.ipv4.ttl - 1
[05:10:21.628] [bmv2] [D] [thread 12996] [5.0] [cxt 0] Pipeline 'ingress': end
[05:10:21.628] [bmv2] [D] [thread 12996] [5.0] [cxt 0] Egress port is 1
[05:10:21.628] [bmv2] [D] [thread 12998] [5.0] [cxt 0] Pipeline 'egress': start
[05:10:21.628] [bmv2] [D] [thread 12998] [5.0] [cxt 0] Pipeline 'egress': end
[05:10:21.628] [bmv2] [D] [thread 12998] [5.0] [cxt 0] Deparser 'deparser': start
[05:10:21.628] [bmv2] [D] [thread 12998] [5.0] [cxt 0] Updating checksum 'cksum'
[05:10:21.628] [bmv2] [D] [thread 12998] [5.0] [cxt 0] Deparsing header 'ethernet'
[05:10:21.628] [bmv2] [D] [thread 12998] [5.0] [cxt 0] Deparsing header 'ipv4'
[05:10:21.628] [bmv2] [D] [thread 12998] [5.0] [cxt 0] Deparser 'deparser': end
[05:10:21.628] [bmv2] [D] [thread 13001] [5.0] [cxt 0] Transmitting packet of size 98 out of port 1
[05:10:21.631] [bmv2] [D] [thread 12996] [6.0] [cxt 0] Processing packet received on port 1
[05:10:21.631] [bmv2] [D] [thread 12996] [6.0] [cxt 0] Parser 'parser': start
[05:10:21.631] [bmv2] [D] [thread 12996] [6.0] [cxt 0] Parser 'parser' entering state 'start'
[05:10:21.631] [bmv2] [D] [thread 12996] [6.0] [cxt 0] Extracting header 'ethernet'
[05:10:21.631] [bmv2] [D] [thread 12996] [6.0] [cxt 0] Parser state 'start': key is 0800
[05:10:21.631] [bmv2] [T] [thread 12996] [6.0] [cxt 0] Bytes parsed: 14
[05:10:21.631] [bmv2] [D] [thread 12996] [6.0] [cxt 0] Parser 'parser' entering state 'parse_ipv4'
[05:10:21.631] [bmv2] [D] [thread 12996] [6.0] [cxt 0] Extracting header 'ipv4'
[05:10:21.631] [bmv2] [D] [thread 12996] [6.0] [cxt 0] Parser state 'parse_ipv4': key is 01
[05:10:21.631] [bmv2] [T] [thread 12996] [6.0] [cxt 0] Bytes parsed: 34
[05:10:21.631] [bmv2] [D] [thread 12996] [6.0] [cxt 0] Parser 'parser': end
[05:10:21.631] [bmv2] [D] [thread 12996] [6.0] [cxt 0] Pipeline 'ingress': start
[05:10:21.631] [bmv2] [T] [thread 12996] [6.0] [cxt 0] /home/p4/drill/ecmp/p4src/ecmp.p4(83) Condition "hdr.ipv4.isValid()" (node_2) is true
[05:10:21.631] [bmv2] [T] [thread 12996] [6.0] [cxt 0] Applying table 'MyIngress.ipv4_lpm'
[05:10:21.631] [bmv2] [D] [thread 12996] [6.0] [cxt 0] Looking up key:
* hdr.ipv4.dstAddr    : 0a000602

[05:10:21.631] [bmv2] [D] [thread 12996] [6.0] [cxt 0] Table 'MyIngress.ipv4_lpm': hit with handle 1
[05:10:21.631] [bmv2] [D] [thread 12996] [6.0] [cxt 0] Dumping entry 1
Match key:
* hdr.ipv4.dstAddr    : LPM       0a000602/32
Action entry: MyIngress.set_nhop - 60300,2,

[05:10:21.631] [bmv2] [D] [thread 12996] [6.0] [cxt 0] Action entry is MyIngress.set_nhop - 60300,2,
[05:10:21.631] [bmv2] [T] [thread 12996] [6.0] [cxt 0] Action MyIngress.set_nhop
[05:10:21.631] [bmv2] [T] [thread 12996] [6.0] [cxt 0] /home/p4/drill/ecmp/p4src/ecmp.p4(45) Primitive hdr.ethernet.srcAddr = hdr.ethernet.dstAddr
[05:10:21.631] [bmv2] [T] [thread 12996] [6.0] [cxt 0] /home/p4/drill/ecmp/p4src/ecmp.p4(48) Primitive hdr.ethernet.dstAddr = dstAddr
[05:10:21.631] [bmv2] [T] [thread 12996] [6.0] [cxt 0] /home/p4/drill/ecmp/p4src/ecmp.p4(51) Primitive standard_metadata.egress_spec = port
[05:10:21.631] [bmv2] [T] [thread 12996] [6.0] [cxt 0] /home/p4/drill/ecmp/p4src/ecmp.p4(54) Primitive hdr.ipv4.ttl = hdr.ipv4.ttl - 1
[05:10:21.631] [bmv2] [D] [thread 12996] [6.0] [cxt 0] Pipeline 'ingress': end
[05:10:21.631] [bmv2] [D] [thread 12996] [6.0] [cxt 0] Egress port is 2
[05:10:21.631] [bmv2] [D] [thread 12999] [6.0] [cxt 0] Pipeline 'egress': start
[05:10:21.631] [bmv2] [D] [thread 12999] [6.0] [cxt 0] Pipeline 'egress': end
[05:10:21.631] [bmv2] [D] [thread 12999] [6.0] [cxt 0] Deparser 'deparser': start
[05:10:21.631] [bmv2] [D] [thread 12999] [6.0] [cxt 0] Updating checksum 'cksum'
[05:10:21.631] [bmv2] [D] [thread 12999] [6.0] [cxt 0] Deparsing header 'ethernet'
[05:10:21.631] [bmv2] [D] [thread 12999] [6.0] [cxt 0] Deparsing header 'ipv4'
[05:10:21.631] [bmv2] [D] [thread 12999] [6.0] [cxt 0] Deparser 'deparser': end
[05:10:21.631] [bmv2] [D] [thread 13001] [6.0] [cxt 0] Transmitting packet of size 98 out of port 2
open: No such file or directory
open: No such file or directory
open: No such file or directory
