Calling target program-options parser
[05:10:17.694] [bmv2] [D] [thread 13029] Set default default entry for table 'MyIngress.ipv4_lpm': MyIngress.drop - 
[05:10:17.694] [bmv2] [D] [thread 13029] Set default default entry for table 'MyIngress.ecmp_group_to_nhop': NoAction - 
Adding interface s6-eth1 as port 1
[05:10:17.696] [bmv2] [D] [thread 13029] Adding interface s6-eth1 as port 1
Adding interface s6-eth2 as port 2
[05:10:17.709] [bmv2] [D] [thread 13029] Adding interface s6-eth2 as port 2
Adding interface s6-eth3 as port 3
[05:10:17.718] [bmv2] [D] [thread 13029] Adding interface s6-eth3 as port 3
Adding interface s6-eth4 as port 4
[05:10:17.728] [bmv2] [D] [thread 13029] Adding interface s6-eth4 as port 4
Adding interface s6-eth5 as port 5
[05:10:17.738] [bmv2] [D] [thread 13029] Adding interface s6-eth5 as port 5
[05:10:17.752] [bmv2] [I] [thread 13029] Starting Thrift server on port 9095
[05:10:17.753] [bmv2] [I] [thread 13029] Thrift server was started
[05:10:17.769] [bmv2] [D] [thread 13035] [0.0] [cxt 0] Processing packet received on port 2
[05:10:17.769] [bmv2] [D] [thread 13035] [0.0] [cxt 0] Parser 'parser': start
[05:10:17.769] [bmv2] [D] [thread 13035] [0.0] [cxt 0] Parser 'parser' entering state 'start'
[05:10:17.769] [bmv2] [D] [thread 13035] [0.0] [cxt 0] Extracting header 'ethernet'
[05:10:17.769] [bmv2] [D] [thread 13035] [0.0] [cxt 0] Parser state 'start': key is 86dd
[05:10:17.769] [bmv2] [T] [thread 13035] [0.0] [cxt 0] Bytes parsed: 14
[05:10:17.770] [bmv2] [D] [thread 13035] [0.0] [cxt 0] Parser 'parser': end
[05:10:17.770] [bmv2] [D] [thread 13035] [0.0] [cxt 0] Pipeline 'ingress': start
[05:10:17.770] [bmv2] [T] [thread 13035] [0.0] [cxt 0] /home/p4/drill/ecmp/p4src/ecmp.p4(83) Condition "hdr.ipv4.isValid()" (node_2) is false
[05:10:17.770] [bmv2] [D] [thread 13035] [0.0] [cxt 0] Pipeline 'ingress': end
[05:10:17.770] [bmv2] [D] [thread 13035] [0.0] [cxt 0] Egress port is 0
[05:10:17.770] [bmv2] [D] [thread 13036] [0.0] [cxt 0] Pipeline 'egress': start
[05:10:17.770] [bmv2] [D] [thread 13036] [0.0] [cxt 0] Pipeline 'egress': end
[05:10:17.770] [bmv2] [D] [thread 13036] [0.0] [cxt 0] Deparser 'deparser': start
[05:10:17.770] [bmv2] [T] [thread 13036] [0.0] [cxt 0] Skipping checksum 'cksum' update because condition not met
[05:10:17.770] [bmv2] [D] [thread 13036] [0.0] [cxt 0] Deparsing header 'ethernet'
[05:10:17.770] [bmv2] [D] [thread 13036] [0.0] [cxt 0] Deparser 'deparser': end
[05:10:17.770] [bmv2] [D] [thread 13040] [0.0] [cxt 0] Transmitting packet of size 90 out of port 0
[05:10:17.770] [bmv2] [D] [thread 13035] [1.0] [cxt 0] Processing packet received on port 3
[05:10:17.770] [bmv2] [D] [thread 13035] [1.0] [cxt 0] Parser 'parser': start
[05:10:17.770] [bmv2] [D] [thread 13035] [1.0] [cxt 0] Parser 'parser' entering state 'start'
[05:10:17.770] [bmv2] [D] [thread 13035] [1.0] [cxt 0] Extracting header 'ethernet'
[05:10:17.770] [bmv2] [D] [thread 13035] [1.0] [cxt 0] Parser state 'start': key is 86dd
[05:10:17.770] [bmv2] [T] [thread 13035] [1.0] [cxt 0] Bytes parsed: 14
[05:10:17.770] [bmv2] [D] [thread 13035] [1.0] [cxt 0] Parser 'parser': end
[05:10:17.770] [bmv2] [D] [thread 13035] [1.0] [cxt 0] Pipeline 'ingress': start
[05:10:17.770] [bmv2] [T] [thread 13035] [1.0] [cxt 0] /home/p4/drill/ecmp/p4src/ecmp.p4(83) Condition "hdr.ipv4.isValid()" (node_2) is false
[05:10:17.770] [bmv2] [D] [thread 13035] [1.0] [cxt 0] Pipeline 'ingress': end
[05:10:17.770] [bmv2] [D] [thread 13035] [1.0] [cxt 0] Egress port is 0
[05:10:17.770] [bmv2] [D] [thread 13036] [1.0] [cxt 0] Pipeline 'egress': start
[05:10:17.770] [bmv2] [D] [thread 13036] [1.0] [cxt 0] Pipeline 'egress': end
[05:10:17.770] [bmv2] [D] [thread 13036] [1.0] [cxt 0] Deparser 'deparser': start
[05:10:17.770] [bmv2] [T] [thread 13036] [1.0] [cxt 0] Skipping checksum 'cksum' update because condition not met
[05:10:17.770] [bmv2] [D] [thread 13036] [1.0] [cxt 0] Deparsing header 'ethernet'
[05:10:17.770] [bmv2] [D] [thread 13036] [1.0] [cxt 0] Deparser 'deparser': end
[05:10:17.771] [bmv2] [D] [thread 13040] [1.0] [cxt 0] Transmitting packet of size 86 out of port 0
[05:10:17.834] [bmv2] [D] [thread 13035] [2.0] [cxt 0] Processing packet received on port 4
[05:10:17.834] [bmv2] [D] [thread 13035] [2.0] [cxt 0] Parser 'parser': start
[05:10:17.834] [bmv2] [D] [thread 13035] [2.0] [cxt 0] Parser 'parser' entering state 'start'
[05:10:17.834] [bmv2] [D] [thread 13035] [2.0] [cxt 0] Extracting header 'ethernet'
[05:10:17.834] [bmv2] [D] [thread 13035] [2.0] [cxt 0] Parser state 'start': key is 86dd
[05:10:17.834] [bmv2] [T] [thread 13035] [2.0] [cxt 0] Bytes parsed: 14
[05:10:17.834] [bmv2] [D] [thread 13035] [2.0] [cxt 0] Parser 'parser': end
[05:10:17.834] [bmv2] [D] [thread 13035] [2.0] [cxt 0] Pipeline 'ingress': start
[05:10:17.834] [bmv2] [T] [thread 13035] [2.0] [cxt 0] /home/p4/drill/ecmp/p4src/ecmp.p4(83) Condition "hdr.ipv4.isValid()" (node_2) is false
[05:10:17.834] [bmv2] [D] [thread 13035] [2.0] [cxt 0] Pipeline 'ingress': end
[05:10:17.834] [bmv2] [D] [thread 13035] [2.0] [cxt 0] Egress port is 0
[05:10:17.834] [bmv2] [D] [thread 13036] [2.0] [cxt 0] Pipeline 'egress': start
[05:10:17.834] [bmv2] [D] [thread 13036] [2.0] [cxt 0] Pipeline 'egress': end
[05:10:17.834] [bmv2] [D] [thread 13036] [2.0] [cxt 0] Deparser 'deparser': start
[05:10:17.834] [bmv2] [T] [thread 13036] [2.0] [cxt 0] Skipping checksum 'cksum' update because condition not met
[05:10:17.834] [bmv2] [D] [thread 13036] [2.0] [cxt 0] Deparsing header 'ethernet'
[05:10:17.834] [bmv2] [D] [thread 13036] [2.0] [cxt 0] Deparser 'deparser': end
[05:10:17.835] [bmv2] [D] [thread 13040] [2.0] [cxt 0] Transmitting packet of size 86 out of port 0
[05:10:17.897] [bmv2] [D] [thread 13035] [3.0] [cxt 0] Processing packet received on port 3
[05:10:17.897] [bmv2] [D] [thread 13035] [3.0] [cxt 0] Parser 'parser': start
[05:10:17.897] [bmv2] [D] [thread 13035] [3.0] [cxt 0] Parser 'parser' entering state 'start'
[05:10:17.897] [bmv2] [D] [thread 13035] [3.0] [cxt 0] Extracting header 'ethernet'
[05:10:17.897] [bmv2] [D] [thread 13035] [3.0] [cxt 0] Parser state 'start': key is 86dd
[05:10:17.897] [bmv2] [T] [thread 13035] [3.0] [cxt 0] Bytes parsed: 14
[05:10:17.897] [bmv2] [D] [thread 13035] [3.0] [cxt 0] Parser 'parser': end
[05:10:17.897] [bmv2] [D] [thread 13035] [3.0] [cxt 0] Pipeline 'ingress': start
[05:10:17.897] [bmv2] [T] [thread 13035] [3.0] [cxt 0] /home/p4/drill/ecmp/p4src/ecmp.p4(83) Condition "hdr.ipv4.isValid()" (node_2) is false
[05:10:17.897] [bmv2] [D] [thread 13035] [3.0] [cxt 0] Pipeline 'ingress': end
[05:10:17.897] [bmv2] [D] [thread 13035] [3.0] [cxt 0] Egress port is 0
[05:10:17.897] [bmv2] [D] [thread 13036] [3.0] [cxt 0] Pipeline 'egress': start
[05:10:17.897] [bmv2] [D] [thread 13036] [3.0] [cxt 0] Pipeline 'egress': end
[05:10:17.897] [bmv2] [D] [thread 13036] [3.0] [cxt 0] Deparser 'deparser': start
[05:10:17.897] [bmv2] [T] [thread 13036] [3.0] [cxt 0] Skipping checksum 'cksum' update because condition not met
[05:10:17.897] [bmv2] [D] [thread 13036] [3.0] [cxt 0] Deparsing header 'ethernet'
[05:10:17.897] [bmv2] [D] [thread 13036] [3.0] [cxt 0] Deparser 'deparser': end
[05:10:17.897] [bmv2] [D] [thread 13040] [3.0] [cxt 0] Transmitting packet of size 86 out of port 0
[05:10:17.898] [bmv2] [D] [thread 13035] [4.0] [cxt 0] Processing packet received on port 5
[05:10:17.898] [bmv2] [D] [thread 13035] [4.0] [cxt 0] Parser 'parser': start
[05:10:17.898] [bmv2] [D] [thread 13035] [4.0] [cxt 0] Parser 'parser' entering state 'start'
[05:10:17.898] [bmv2] [D] [thread 13035] [4.0] [cxt 0] Extracting header 'ethernet'
[05:10:17.898] [bmv2] [D] [thread 13035] [4.0] [cxt 0] Parser state 'start': key is 86dd
[05:10:17.898] [bmv2] [T] [thread 13035] [4.0] [cxt 0] Bytes parsed: 14
[05:10:17.898] [bmv2] [D] [thread 13035] [4.0] [cxt 0] Parser 'parser': end
[05:10:17.898] [bmv2] [D] [thread 13035] [4.0] [cxt 0] Pipeline 'ingress': start
[05:10:17.898] [bmv2] [T] [thread 13035] [4.0] [cxt 0] /home/p4/drill/ecmp/p4src/ecmp.p4(83) Condition "hdr.ipv4.isValid()" (node_2) is false
[05:10:17.898] [bmv2] [D] [thread 13035] [4.0] [cxt 0] Pipeline 'ingress': end
[05:10:17.898] [bmv2] [D] [thread 13035] [4.0] [cxt 0] Egress port is 0
[05:10:17.899] [bmv2] [D] [thread 13036] [4.0] [cxt 0] Pipeline 'egress': start
[05:10:17.899] [bmv2] [D] [thread 13036] [4.0] [cxt 0] Pipeline 'egress': end
[05:10:17.899] [bmv2] [D] [thread 13036] [4.0] [cxt 0] Deparser 'deparser': start
[05:10:17.899] [bmv2] [T] [thread 13036] [4.0] [cxt 0] Skipping checksum 'cksum' update because condition not met
[05:10:17.899] [bmv2] [D] [thread 13036] [4.0] [cxt 0] Deparsing header 'ethernet'
[05:10:17.899] [bmv2] [D] [thread 13036] [4.0] [cxt 0] Deparser 'deparser': end
[05:10:17.899] [bmv2] [D] [thread 13040] [4.0] [cxt 0] Transmitting packet of size 86 out of port 0
[05:10:17.961] [bmv2] [D] [thread 13035] [5.0] [cxt 0] Processing packet received on port 5
[05:10:17.961] [bmv2] [D] [thread 13035] [5.0] [cxt 0] Parser 'parser': start
[05:10:17.961] [bmv2] [D] [thread 13035] [5.0] [cxt 0] Parser 'parser' entering state 'start'
[05:10:17.961] [bmv2] [D] [thread 13035] [5.0] [cxt 0] Extracting header 'ethernet'
[05:10:17.961] [bmv2] [D] [thread 13035] [5.0] [cxt 0] Parser state 'start': key is 86dd
[05:10:17.961] [bmv2] [T] [thread 13035] [5.0] [cxt 0] Bytes parsed: 14
[05:10:17.961] [bmv2] [D] [thread 13035] [5.0] [cxt 0] Parser 'parser': end
[05:10:17.961] [bmv2] [D] [thread 13035] [5.0] [cxt 0] Pipeline 'ingress': start
[05:10:17.961] [bmv2] [T] [thread 13035] [5.0] [cxt 0] /home/p4/drill/ecmp/p4src/ecmp.p4(83) Condition "hdr.ipv4.isValid()" (node_2) is false
[05:10:17.961] [bmv2] [D] [thread 13035] [5.0] [cxt 0] Pipeline 'ingress': end
[05:10:17.961] [bmv2] [D] [thread 13035] [5.0] [cxt 0] Egress port is 0
[05:10:17.961] [bmv2] [D] [thread 13036] [5.0] [cxt 0] Pipeline 'egress': start
[05:10:17.961] [bmv2] [D] [thread 13036] [5.0] [cxt 0] Pipeline 'egress': end
[05:10:17.961] [bmv2] [D] [thread 13036] [5.0] [cxt 0] Deparser 'deparser': start
[05:10:17.961] [bmv2] [T] [thread 13036] [5.0] [cxt 0] Skipping checksum 'cksum' update because condition not met
[05:10:17.961] [bmv2] [D] [thread 13036] [5.0] [cxt 0] Deparsing header 'ethernet'
[05:10:17.961] [bmv2] [D] [thread 13036] [5.0] [cxt 0] Deparser 'deparser': end
[05:10:17.962] [bmv2] [D] [thread 13040] [5.0] [cxt 0] Transmitting packet of size 90 out of port 0
[05:10:18.959] [bmv2] [T] [thread 13161] bm_get_config
[05:10:18.961] [bmv2] [T] [thread 13161] bm_set_default_action
[05:10:18.961] [bmv2] [D] [thread 13161] Set default entry for table 'MyIngress.ipv4_lpm': MyIngress.drop - 
[05:10:18.962] [bmv2] [T] [thread 13161] bm_set_default_action
[05:10:18.962] [bmv2] [D] [thread 13161] Set default entry for table 'MyIngress.ecmp_group_to_nhop': MyIngress.drop - 
[05:10:18.963] [bmv2] [T] [thread 13161] bm_table_add_entry
[05:10:18.963] [bmv2] [D] [thread 13161] Entry 0 added to table 'MyIngress.ipv4_lpm'
[05:10:18.963] [bmv2] [D] [thread 13161] Dumping entry 0
Match key:
* hdr.ipv4.dstAddr    : LPM       0a000602/32
Action entry: MyIngress.set_nhop - a000602,1,

[05:10:18.963] [bmv2] [T] [thread 13161] bm_table_add_entry
[05:10:18.963] [bmv2] [D] [thread 13161] Entry 1 added to table 'MyIngress.ipv4_lpm'
[05:10:18.963] [bmv2] [D] [thread 13161] Dumping entry 1
Match key:
* hdr.ipv4.dstAddr    : LPM       0a000100/24
Action entry: MyIngress.ecmp_group - 1,4,

[05:10:18.964] [bmv2] [T] [thread 13161] bm_table_add_entry
[05:10:18.964] [bmv2] [D] [thread 13161] Entry 0 added to table 'MyIngress.ecmp_group_to_nhop'
[05:10:18.964] [bmv2] [D] [thread 13161] Dumping entry 0
Match key:
* meta.ecmp_group_id  : EXACT     0001
* meta.ecmp_hash      : EXACT     0000
Action entry: MyIngress.set_nhop - 20600,2,

[05:10:18.965] [bmv2] [T] [thread 13161] bm_table_add_entry
[05:10:18.965] [bmv2] [D] [thread 13161] Entry 1 added to table 'MyIngress.ecmp_group_to_nhop'
[05:10:18.965] [bmv2] [D] [thread 13161] Dumping entry 1
Match key:
* meta.ecmp_group_id  : EXACT     0001
* meta.ecmp_hash      : EXACT     0001
Action entry: MyIngress.set_nhop - 30600,3,

[05:10:18.966] [bmv2] [T] [thread 13161] bm_table_add_entry
[05:10:18.966] [bmv2] [D] [thread 13161] Entry 2 added to table 'MyIngress.ecmp_group_to_nhop'
[05:10:18.966] [bmv2] [D] [thread 13161] Dumping entry 2
Match key:
* meta.ecmp_group_id  : EXACT     0001
* meta.ecmp_hash      : EXACT     0002
Action entry: MyIngress.set_nhop - 40600,4,

[05:10:18.966] [bmv2] [T] [thread 13161] bm_table_add_entry
[05:10:18.966] [bmv2] [D] [thread 13161] Entry 3 added to table 'MyIngress.ecmp_group_to_nhop'
[05:10:18.966] [bmv2] [D] [thread 13161] Dumping entry 3
Match key:
* meta.ecmp_group_id  : EXACT     0001
* meta.ecmp_hash      : EXACT     0003
Action entry: MyIngress.set_nhop - 50600,5,

[05:10:21.615] [bmv2] [D] [thread 13035] [6.0] [cxt 0] Processing packet received on port 3
[05:10:21.615] [bmv2] [D] [thread 13035] [6.0] [cxt 0] Parser 'parser': start
[05:10:21.615] [bmv2] [D] [thread 13035] [6.0] [cxt 0] Parser 'parser' entering state 'start'
[05:10:21.615] [bmv2] [D] [thread 13035] [6.0] [cxt 0] Extracting header 'ethernet'
[05:10:21.615] [bmv2] [D] [thread 13035] [6.0] [cxt 0] Parser state 'start': key is 0800
[05:10:21.615] [bmv2] [T] [thread 13035] [6.0] [cxt 0] Bytes parsed: 14
[05:10:21.615] [bmv2] [D] [thread 13035] [6.0] [cxt 0] Parser 'parser' entering state 'parse_ipv4'
[05:10:21.615] [bmv2] [D] [thread 13035] [6.0] [cxt 0] Extracting header 'ipv4'
[05:10:21.615] [bmv2] [D] [thread 13035] [6.0] [cxt 0] Parser state 'parse_ipv4': key is 01
[05:10:21.615] [bmv2] [T] [thread 13035] [6.0] [cxt 0] Bytes parsed: 34
[05:10:21.615] [bmv2] [D] [thread 13035] [6.0] [cxt 0] Parser 'parser': end
[05:10:21.615] [bmv2] [D] [thread 13035] [6.0] [cxt 0] Pipeline 'ingress': start
[05:10:21.615] [bmv2] [T] [thread 13035] [6.0] [cxt 0] /home/p4/drill/ecmp/p4src/ecmp.p4(83) Condition "hdr.ipv4.isValid()" (node_2) is true
[05:10:21.615] [bmv2] [T] [thread 13035] [6.0] [cxt 0] Applying table 'MyIngress.ipv4_lpm'
[05:10:21.615] [bmv2] [D] [thread 13035] [6.0] [cxt 0] Looking up key:
* hdr.ipv4.dstAddr    : 0a000602

[05:10:21.615] [bmv2] [D] [thread 13035] [6.0] [cxt 0] Table 'MyIngress.ipv4_lpm': hit with handle 0
[05:10:21.615] [bmv2] [D] [thread 13035] [6.0] [cxt 0] Dumping entry 0
Match key:
* hdr.ipv4.dstAddr    : LPM       0a000602/32
Action entry: MyIngress.set_nhop - a000602,1,

[05:10:21.615] [bmv2] [D] [thread 13035] [6.0] [cxt 0] Action entry is MyIngress.set_nhop - a000602,1,
[05:10:21.615] [bmv2] [T] [thread 13035] [6.0] [cxt 0] Action MyIngress.set_nhop
[05:10:21.615] [bmv2] [T] [thread 13035] [6.0] [cxt 0] /home/p4/drill/ecmp/p4src/ecmp.p4(45) Primitive hdr.ethernet.srcAddr = hdr.ethernet.dstAddr
[05:10:21.615] [bmv2] [T] [thread 13035] [6.0] [cxt 0] /home/p4/drill/ecmp/p4src/ecmp.p4(48) Primitive hdr.ethernet.dstAddr = dstAddr
[05:10:21.615] [bmv2] [T] [thread 13035] [6.0] [cxt 0] /home/p4/drill/ecmp/p4src/ecmp.p4(51) Primitive standard_metadata.egress_spec = port
[05:10:21.615] [bmv2] [T] [thread 13035] [6.0] [cxt 0] /home/p4/drill/ecmp/p4src/ecmp.p4(54) Primitive hdr.ipv4.ttl = hdr.ipv4.ttl - 1
[05:10:21.615] [bmv2] [D] [thread 13035] [6.0] [cxt 0] Pipeline 'ingress': end
[05:10:21.615] [bmv2] [D] [thread 13035] [6.0] [cxt 0] Egress port is 1
[05:10:21.615] [bmv2] [D] [thread 13037] [6.0] [cxt 0] Pipeline 'egress': start
[05:10:21.615] [bmv2] [D] [thread 13037] [6.0] [cxt 0] Pipeline 'egress': end
[05:10:21.615] [bmv2] [D] [thread 13037] [6.0] [cxt 0] Deparser 'deparser': start
[05:10:21.615] [bmv2] [D] [thread 13037] [6.0] [cxt 0] Updating checksum 'cksum'
[05:10:21.615] [bmv2] [D] [thread 13037] [6.0] [cxt 0] Deparsing header 'ethernet'
[05:10:21.615] [bmv2] [D] [thread 13037] [6.0] [cxt 0] Deparsing header 'ipv4'
[05:10:21.615] [bmv2] [D] [thread 13037] [6.0] [cxt 0] Deparser 'deparser': end
[05:10:21.616] [bmv2] [D] [thread 13040] [6.0] [cxt 0] Transmitting packet of size 98 out of port 1
[05:10:21.616] [bmv2] [D] [thread 13035] [7.0] [cxt 0] Processing packet received on port 1
[05:10:21.616] [bmv2] [D] [thread 13035] [7.0] [cxt 0] Parser 'parser': start
[05:10:21.616] [bmv2] [D] [thread 13035] [7.0] [cxt 0] Parser 'parser' entering state 'start'
[05:10:21.616] [bmv2] [D] [thread 13035] [7.0] [cxt 0] Extracting header 'ethernet'
[05:10:21.616] [bmv2] [D] [thread 13035] [7.0] [cxt 0] Parser state 'start': key is 0800
[05:10:21.616] [bmv2] [T] [thread 13035] [7.0] [cxt 0] Bytes parsed: 14
[05:10:21.616] [bmv2] [D] [thread 13035] [7.0] [cxt 0] Parser 'parser' entering state 'parse_ipv4'
[05:10:21.616] [bmv2] [D] [thread 13035] [7.0] [cxt 0] Extracting header 'ipv4'
[05:10:21.616] [bmv2] [D] [thread 13035] [7.0] [cxt 0] Parser state 'parse_ipv4': key is 01
[05:10:21.616] [bmv2] [T] [thread 13035] [7.0] [cxt 0] Bytes parsed: 34
[05:10:21.616] [bmv2] [D] [thread 13035] [7.0] [cxt 0] Parser 'parser': end
[05:10:21.616] [bmv2] [D] [thread 13035] [7.0] [cxt 0] Pipeline 'ingress': start
[05:10:21.616] [bmv2] [T] [thread 13035] [7.0] [cxt 0] /home/p4/drill/ecmp/p4src/ecmp.p4(83) Condition "hdr.ipv4.isValid()" (node_2) is true
[05:10:21.616] [bmv2] [T] [thread 13035] [7.0] [cxt 0] Applying table 'MyIngress.ipv4_lpm'
[05:10:21.616] [bmv2] [D] [thread 13035] [7.0] [cxt 0] Looking up key:
* hdr.ipv4.dstAddr    : 0a000101

[05:10:21.616] [bmv2] [D] [thread 13035] [7.0] [cxt 0] Table 'MyIngress.ipv4_lpm': hit with handle 1
[05:10:21.616] [bmv2] [D] [thread 13035] [7.0] [cxt 0] Dumping entry 1
Match key:
* hdr.ipv4.dstAddr    : LPM       0a000100/24
Action entry: MyIngress.ecmp_group - 1,4,

[05:10:21.616] [bmv2] [D] [thread 13035] [7.0] [cxt 0] Action entry is MyIngress.ecmp_group - 1,4,
[05:10:21.616] [bmv2] [T] [thread 13035] [7.0] [cxt 0] Action MyIngress.ecmp_group
[05:10:21.616] [bmv2] [T] [thread 13035] [7.0] [cxt 0] /home/p4/drill/ecmp/p4src/ecmp.p4(32) Primitive hdr.ipv4.srcAddr
[05:10:21.616] [bmv2] [T] [thread 13035] [7.0] [cxt 0] /home/p4/drill/ecmp/p4src/ecmp.p4(33) Primitive hdr.ipv4.dstAddr
[05:10:21.616] [bmv2] [T] [thread 13035] [7.0] [cxt 0] /home/p4/drill/ecmp/p4src/ecmp.p4(34) Primitive hdr.tcp.srcPort
[05:10:21.616] [bmv2] [T] [thread 13035] [7.0] [cxt 0] /home/p4/drill/ecmp/p4src/ecmp.p4(35) Primitive hdr.tcp.dstPort
[05:10:21.616] [bmv2] [T] [thread 13035] [7.0] [cxt 0] /home/p4/drill/ecmp/p4src/ecmp.p4(36) Primitive hdr.ipv4.protocol
[05:10:21.616] [bmv2] [T] [thread 13035] [7.0] [cxt 0] /home/p4/drill/ecmp/p4src/ecmp.p4(29) Primitive hash(meta.ecmp_hash, ...
[05:10:21.616] [bmv2] [T] [thread 13035] [7.0] [cxt 0] hash(base=0, max=4) = 1
[05:10:21.616] [bmv2] [T] [thread 13035] [7.0] [cxt 0] /home/p4/drill/ecmp/p4src/ecmp.p4(39) Primitive meta.ecmp_group_id = ecmp_group_id
[05:10:21.616] [bmv2] [T] [thread 13035] [7.0] [cxt 0] Applying table 'MyIngress.ecmp_group_to_nhop'
[05:10:21.616] [bmv2] [D] [thread 13035] [7.0] [cxt 0] Looking up key:
* meta.ecmp_group_id  : 0001
* meta.ecmp_hash      : 0001

[05:10:21.616] [bmv2] [D] [thread 13035] [7.0] [cxt 0] Table 'MyIngress.ecmp_group_to_nhop': hit with handle 1
[05:10:21.616] [bmv2] [D] [thread 13035] [7.0] [cxt 0] Dumping entry 1
Match key:
* meta.ecmp_group_id  : EXACT     0001
* meta.ecmp_hash      : EXACT     0001
Action entry: MyIngress.set_nhop - 30600,3,

[05:10:21.616] [bmv2] [D] [thread 13035] [7.0] [cxt 0] Action entry is MyIngress.set_nhop - 30600,3,
[05:10:21.616] [bmv2] [T] [thread 13035] [7.0] [cxt 0] Action MyIngress.set_nhop
[05:10:21.616] [bmv2] [T] [thread 13035] [7.0] [cxt 0] /home/p4/drill/ecmp/p4src/ecmp.p4(45) Primitive hdr.ethernet.srcAddr = hdr.ethernet.dstAddr
[05:10:21.616] [bmv2] [T] [thread 13035] [7.0] [cxt 0] /home/p4/drill/ecmp/p4src/ecmp.p4(48) Primitive hdr.ethernet.dstAddr = dstAddr
[05:10:21.616] [bmv2] [T] [thread 13035] [7.0] [cxt 0] /home/p4/drill/ecmp/p4src/ecmp.p4(51) Primitive standard_metadata.egress_spec = port
[05:10:21.616] [bmv2] [T] [thread 13035] [7.0] [cxt 0] /home/p4/drill/ecmp/p4src/ecmp.p4(54) Primitive hdr.ipv4.ttl = hdr.ipv4.ttl - 1
[05:10:21.616] [bmv2] [D] [thread 13035] [7.0] [cxt 0] Pipeline 'ingress': end
[05:10:21.616] [bmv2] [D] [thread 13035] [7.0] [cxt 0] Egress port is 3
[05:10:21.617] [bmv2] [D] [thread 13039] [7.0] [cxt 0] Pipeline 'egress': start
[05:10:21.617] [bmv2] [D] [thread 13039] [7.0] [cxt 0] Pipeline 'egress': end
[05:10:21.617] [bmv2] [D] [thread 13039] [7.0] [cxt 0] Deparser 'deparser': start
[05:10:21.617] [bmv2] [D] [thread 13039] [7.0] [cxt 0] Updating checksum 'cksum'
[05:10:21.617] [bmv2] [D] [thread 13039] [7.0] [cxt 0] Deparsing header 'ethernet'
[05:10:21.617] [bmv2] [D] [thread 13039] [7.0] [cxt 0] Deparsing header 'ipv4'
[05:10:21.617] [bmv2] [D] [thread 13039] [7.0] [cxt 0] Deparser 'deparser': end
[05:10:21.617] [bmv2] [D] [thread 13040] [7.0] [cxt 0] Transmitting packet of size 98 out of port 3
[05:10:21.626] [bmv2] [D] [thread 13035] [8.0] [cxt 0] Processing packet received on port 1
[05:10:21.626] [bmv2] [D] [thread 13035] [8.0] [cxt 0] Parser 'parser': start
[05:10:21.626] [bmv2] [D] [thread 13035] [8.0] [cxt 0] Parser 'parser' entering state 'start'
[05:10:21.626] [bmv2] [D] [thread 13035] [8.0] [cxt 0] Extracting header 'ethernet'
[05:10:21.626] [bmv2] [D] [thread 13035] [8.0] [cxt 0] Parser state 'start': key is 0800
[05:10:21.626] [bmv2] [T] [thread 13035] [8.0] [cxt 0] Bytes parsed: 14
[05:10:21.626] [bmv2] [D] [thread 13035] [8.0] [cxt 0] Parser 'parser' entering state 'parse_ipv4'
[05:10:21.626] [bmv2] [D] [thread 13035] [8.0] [cxt 0] Extracting header 'ipv4'
[05:10:21.626] [bmv2] [D] [thread 13035] [8.0] [cxt 0] Parser state 'parse_ipv4': key is 01
[05:10:21.626] [bmv2] [T] [thread 13035] [8.0] [cxt 0] Bytes parsed: 34
[05:10:21.626] [bmv2] [D] [thread 13035] [8.0] [cxt 0] Parser 'parser': end
[05:10:21.626] [bmv2] [D] [thread 13035] [8.0] [cxt 0] Pipeline 'ingress': start
[05:10:21.626] [bmv2] [T] [thread 13035] [8.0] [cxt 0] /home/p4/drill/ecmp/p4src/ecmp.p4(83) Condition "hdr.ipv4.isValid()" (node_2) is true
[05:10:21.626] [bmv2] [T] [thread 13035] [8.0] [cxt 0] Applying table 'MyIngress.ipv4_lpm'
[05:10:21.626] [bmv2] [D] [thread 13035] [8.0] [cxt 0] Looking up key:
* hdr.ipv4.dstAddr    : 0a000101

[05:10:21.626] [bmv2] [D] [thread 13035] [8.0] [cxt 0] Table 'MyIngress.ipv4_lpm': hit with handle 1
[05:10:21.626] [bmv2] [D] [thread 13035] [8.0] [cxt 0] Dumping entry 1
Match key:
* hdr.ipv4.dstAddr    : LPM       0a000100/24
Action entry: MyIngress.ecmp_group - 1,4,

[05:10:21.626] [bmv2] [D] [thread 13035] [8.0] [cxt 0] Action entry is MyIngress.ecmp_group - 1,4,
[05:10:21.626] [bmv2] [T] [thread 13035] [8.0] [cxt 0] Action MyIngress.ecmp_group
[05:10:21.626] [bmv2] [T] [thread 13035] [8.0] [cxt 0] /home/p4/drill/ecmp/p4src/ecmp.p4(32) Primitive hdr.ipv4.srcAddr
[05:10:21.626] [bmv2] [T] [thread 13035] [8.0] [cxt 0] /home/p4/drill/ecmp/p4src/ecmp.p4(33) Primitive hdr.ipv4.dstAddr
[05:10:21.626] [bmv2] [T] [thread 13035] [8.0] [cxt 0] /home/p4/drill/ecmp/p4src/ecmp.p4(34) Primitive hdr.tcp.srcPort
[05:10:21.626] [bmv2] [T] [thread 13035] [8.0] [cxt 0] /home/p4/drill/ecmp/p4src/ecmp.p4(35) Primitive hdr.tcp.dstPort
[05:10:21.626] [bmv2] [T] [thread 13035] [8.0] [cxt 0] /home/p4/drill/ecmp/p4src/ecmp.p4(36) Primitive hdr.ipv4.protocol
[05:10:21.626] [bmv2] [T] [thread 13035] [8.0] [cxt 0] /home/p4/drill/ecmp/p4src/ecmp.p4(29) Primitive hash(meta.ecmp_hash, ...
[05:10:21.626] [bmv2] [T] [thread 13035] [8.0] [cxt 0] hash(base=0, max=4) = 1
[05:10:21.626] [bmv2] [T] [thread 13035] [8.0] [cxt 0] /home/p4/drill/ecmp/p4src/ecmp.p4(39) Primitive meta.ecmp_group_id = ecmp_group_id
[05:10:21.626] [bmv2] [T] [thread 13035] [8.0] [cxt 0] Applying table 'MyIngress.ecmp_group_to_nhop'
[05:10:21.626] [bmv2] [D] [thread 13035] [8.0] [cxt 0] Looking up key:
* meta.ecmp_group_id  : 0001
* meta.ecmp_hash      : 0001

[05:10:21.626] [bmv2] [D] [thread 13035] [8.0] [cxt 0] Table 'MyIngress.ecmp_group_to_nhop': hit with handle 1
[05:10:21.626] [bmv2] [D] [thread 13035] [8.0] [cxt 0] Dumping entry 1
Match key:
* meta.ecmp_group_id  : EXACT     0001
* meta.ecmp_hash      : EXACT     0001
Action entry: MyIngress.set_nhop - 30600,3,

[05:10:21.626] [bmv2] [D] [thread 13035] [8.0] [cxt 0] Action entry is MyIngress.set_nhop - 30600,3,
[05:10:21.626] [bmv2] [T] [thread 13035] [8.0] [cxt 0] Action MyIngress.set_nhop
[05:10:21.626] [bmv2] [T] [thread 13035] [8.0] [cxt 0] /home/p4/drill/ecmp/p4src/ecmp.p4(45) Primitive hdr.ethernet.srcAddr = hdr.ethernet.dstAddr
[05:10:21.626] [bmv2] [T] [thread 13035] [8.0] [cxt 0] /home/p4/drill/ecmp/p4src/ecmp.p4(48) Primitive hdr.ethernet.dstAddr = dstAddr
[05:10:21.626] [bmv2] [T] [thread 13035] [8.0] [cxt 0] /home/p4/drill/ecmp/p4src/ecmp.p4(51) Primitive standard_metadata.egress_spec = port
[05:10:21.626] [bmv2] [T] [thread 13035] [8.0] [cxt 0] /home/p4/drill/ecmp/p4src/ecmp.p4(54) Primitive hdr.ipv4.ttl = hdr.ipv4.ttl - 1
[05:10:21.626] [bmv2] [D] [thread 13035] [8.0] [cxt 0] Pipeline 'ingress': end
[05:10:21.626] [bmv2] [D] [thread 13035] [8.0] [cxt 0] Egress port is 3
[05:10:21.626] [bmv2] [D] [thread 13039] [8.0] [cxt 0] Pipeline 'egress': start
[05:10:21.627] [bmv2] [D] [thread 13039] [8.0] [cxt 0] Pipeline 'egress': end
[05:10:21.627] [bmv2] [D] [thread 13039] [8.0] [cxt 0] Deparser 'deparser': start
[05:10:21.627] [bmv2] [D] [thread 13039] [8.0] [cxt 0] Updating checksum 'cksum'
[05:10:21.627] [bmv2] [D] [thread 13039] [8.0] [cxt 0] Deparsing header 'ethernet'
[05:10:21.627] [bmv2] [D] [thread 13039] [8.0] [cxt 0] Deparsing header 'ipv4'
[05:10:21.627] [bmv2] [D] [thread 13039] [8.0] [cxt 0] Deparser 'deparser': end
[05:10:21.627] [bmv2] [D] [thread 13040] [8.0] [cxt 0] Transmitting packet of size 98 out of port 3
[05:10:21.632] [bmv2] [D] [thread 13035] [9.0] [cxt 0] Processing packet received on port 3
[05:10:21.632] [bmv2] [D] [thread 13035] [9.0] [cxt 0] Parser 'parser': start
[05:10:21.632] [bmv2] [D] [thread 13035] [9.0] [cxt 0] Parser 'parser' entering state 'start'
[05:10:21.632] [bmv2] [D] [thread 13035] [9.0] [cxt 0] Extracting header 'ethernet'
[05:10:21.632] [bmv2] [D] [thread 13035] [9.0] [cxt 0] Parser state 'start': key is 0800
[05:10:21.632] [bmv2] [T] [thread 13035] [9.0] [cxt 0] Bytes parsed: 14
[05:10:21.632] [bmv2] [D] [thread 13035] [9.0] [cxt 0] Parser 'parser' entering state 'parse_ipv4'
[05:10:21.632] [bmv2] [D] [thread 13035] [9.0] [cxt 0] Extracting header 'ipv4'
[05:10:21.632] [bmv2] [D] [thread 13035] [9.0] [cxt 0] Parser state 'parse_ipv4': key is 01
[05:10:21.632] [bmv2] [T] [thread 13035] [9.0] [cxt 0] Bytes parsed: 34
[05:10:21.632] [bmv2] [D] [thread 13035] [9.0] [cxt 0] Parser 'parser': end
[05:10:21.632] [bmv2] [D] [thread 13035] [9.0] [cxt 0] Pipeline 'ingress': start
[05:10:21.632] [bmv2] [T] [thread 13035] [9.0] [cxt 0] /home/p4/drill/ecmp/p4src/ecmp.p4(83) Condition "hdr.ipv4.isValid()" (node_2) is true
[05:10:21.632] [bmv2] [T] [thread 13035] [9.0] [cxt 0] Applying table 'MyIngress.ipv4_lpm'
[05:10:21.632] [bmv2] [D] [thread 13035] [9.0] [cxt 0] Looking up key:
* hdr.ipv4.dstAddr    : 0a000602

[05:10:21.632] [bmv2] [D] [thread 13035] [9.0] [cxt 0] Table 'MyIngress.ipv4_lpm': hit with handle 0
[05:10:21.632] [bmv2] [D] [thread 13035] [9.0] [cxt 0] Dumping entry 0
Match key:
* hdr.ipv4.dstAddr    : LPM       0a000602/32
Action entry: MyIngress.set_nhop - a000602,1,

[05:10:21.632] [bmv2] [D] [thread 13035] [9.0] [cxt 0] Action entry is MyIngress.set_nhop - a000602,1,
[05:10:21.632] [bmv2] [T] [thread 13035] [9.0] [cxt 0] Action MyIngress.set_nhop
[05:10:21.632] [bmv2] [T] [thread 13035] [9.0] [cxt 0] /home/p4/drill/ecmp/p4src/ecmp.p4(45) Primitive hdr.ethernet.srcAddr = hdr.ethernet.dstAddr
[05:10:21.632] [bmv2] [T] [thread 13035] [9.0] [cxt 0] /home/p4/drill/ecmp/p4src/ecmp.p4(48) Primitive hdr.ethernet.dstAddr = dstAddr
[05:10:21.632] [bmv2] [T] [thread 13035] [9.0] [cxt 0] /home/p4/drill/ecmp/p4src/ecmp.p4(51) Primitive standard_metadata.egress_spec = port
[05:10:21.632] [bmv2] [T] [thread 13035] [9.0] [cxt 0] /home/p4/drill/ecmp/p4src/ecmp.p4(54) Primitive hdr.ipv4.ttl = hdr.ipv4.ttl - 1
[05:10:21.632] [bmv2] [D] [thread 13035] [9.0] [cxt 0] Pipeline 'ingress': end
[05:10:21.632] [bmv2] [D] [thread 13035] [9.0] [cxt 0] Egress port is 1
[05:10:21.632] [bmv2] [D] [thread 13037] [9.0] [cxt 0] Pipeline 'egress': start
[05:10:21.632] [bmv2] [D] [thread 13037] [9.0] [cxt 0] Pipeline 'egress': end
[05:10:21.632] [bmv2] [D] [thread 13037] [9.0] [cxt 0] Deparser 'deparser': start
[05:10:21.632] [bmv2] [D] [thread 13037] [9.0] [cxt 0] Updating checksum 'cksum'
[05:10:21.632] [bmv2] [D] [thread 13037] [9.0] [cxt 0] Deparsing header 'ethernet'
[05:10:21.632] [bmv2] [D] [thread 13037] [9.0] [cxt 0] Deparsing header 'ipv4'
[05:10:21.632] [bmv2] [D] [thread 13037] [9.0] [cxt 0] Deparser 'deparser': end
[05:10:21.632] [bmv2] [D] [thread 13040] [9.0] [cxt 0] Transmitting packet of size 98 out of port 1
open: No such file or directory
open: No such file or directory
open: No such file or directory
open: No such file or directory
open: No such file or directory
open: No such file or directory
open: No such file or directory
open: No such file or directory
open: No such file or directory
open: No such file or directory
open: No such file or directory
open: No such file or directory
open: No such file or directory
