Calling target program-options parser
[05:10:17.536] [bmv2] [D] [thread 13003] Set default default entry for table 'MyIngress.ipv4_lpm': MyIngress.drop - 
[05:10:17.536] [bmv2] [D] [thread 13003] Set default default entry for table 'MyIngress.ecmp_group_to_nhop': NoAction - 
Adding interface s4-eth1 as port 1
[05:10:17.538] [bmv2] [D] [thread 13003] Adding interface s4-eth1 as port 1
Adding interface s4-eth2 as port 2
[05:10:17.557] [bmv2] [D] [thread 13003] Adding interface s4-eth2 as port 2
[05:10:17.561] [bmv2] [I] [thread 13003] Starting Thrift server on port 9093
[05:10:17.561] [bmv2] [I] [thread 13003] Thrift server was started
[05:10:17.594] [bmv2] [D] [thread 13009] [0.0] [cxt 0] Processing packet received on port 2
[05:10:17.594] [bmv2] [D] [thread 13009] [0.0] [cxt 0] Parser 'parser': start
[05:10:17.594] [bmv2] [D] [thread 13009] [0.0] [cxt 0] Parser 'parser' entering state 'start'
[05:10:17.594] [bmv2] [D] [thread 13009] [0.0] [cxt 0] Extracting header 'ethernet'
[05:10:17.594] [bmv2] [D] [thread 13009] [0.0] [cxt 0] Parser state 'start': key is 86dd
[05:10:17.594] [bmv2] [T] [thread 13009] [0.0] [cxt 0] Bytes parsed: 14
[05:10:17.594] [bmv2] [D] [thread 13009] [0.0] [cxt 0] Parser 'parser': end
[05:10:17.594] [bmv2] [D] [thread 13009] [0.0] [cxt 0] Pipeline 'ingress': start
[05:10:17.594] [bmv2] [T] [thread 13009] [0.0] [cxt 0] /home/p4/drill/ecmp/p4src/ecmp.p4(83) Condition "hdr.ipv4.isValid()" (node_2) is false
[05:10:17.594] [bmv2] [D] [thread 13009] [0.0] [cxt 0] Pipeline 'ingress': end
[05:10:17.594] [bmv2] [D] [thread 13009] [0.0] [cxt 0] Egress port is 0
[05:10:17.595] [bmv2] [D] [thread 13010] [0.0] [cxt 0] Pipeline 'egress': start
[05:10:17.595] [bmv2] [D] [thread 13010] [0.0] [cxt 0] Pipeline 'egress': end
[05:10:17.595] [bmv2] [D] [thread 13010] [0.0] [cxt 0] Deparser 'deparser': start
[05:10:17.595] [bmv2] [T] [thread 13010] [0.0] [cxt 0] Skipping checksum 'cksum' update because condition not met
[05:10:17.595] [bmv2] [D] [thread 13010] [0.0] [cxt 0] Deparsing header 'ethernet'
[05:10:17.595] [bmv2] [D] [thread 13010] [0.0] [cxt 0] Deparser 'deparser': end
[05:10:17.595] [bmv2] [D] [thread 13014] [0.0] [cxt 0] Transmitting packet of size 90 out of port 0
[05:10:17.706] [bmv2] [D] [thread 13009] [1.0] [cxt 0] Processing packet received on port 2
[05:10:17.706] [bmv2] [D] [thread 13009] [1.0] [cxt 0] Parser 'parser': start
[05:10:17.706] [bmv2] [D] [thread 13009] [1.0] [cxt 0] Parser 'parser' entering state 'start'
[05:10:17.706] [bmv2] [D] [thread 13009] [1.0] [cxt 0] Extracting header 'ethernet'
[05:10:17.706] [bmv2] [D] [thread 13009] [1.0] [cxt 0] Parser state 'start': key is 86dd
[05:10:17.706] [bmv2] [T] [thread 13009] [1.0] [cxt 0] Bytes parsed: 14
[05:10:17.706] [bmv2] [D] [thread 13009] [1.0] [cxt 0] Parser 'parser': end
[05:10:17.706] [bmv2] [D] [thread 13009] [1.0] [cxt 0] Pipeline 'ingress': start
[05:10:17.706] [bmv2] [T] [thread 13009] [1.0] [cxt 0] /home/p4/drill/ecmp/p4src/ecmp.p4(83) Condition "hdr.ipv4.isValid()" (node_2) is false
[05:10:17.706] [bmv2] [D] [thread 13009] [1.0] [cxt 0] Pipeline 'ingress': end
[05:10:17.706] [bmv2] [D] [thread 13009] [1.0] [cxt 0] Egress port is 0
[05:10:17.707] [bmv2] [D] [thread 13010] [1.0] [cxt 0] Pipeline 'egress': start
[05:10:17.708] [bmv2] [D] [thread 13010] [1.0] [cxt 0] Pipeline 'egress': end
[05:10:17.708] [bmv2] [D] [thread 13010] [1.0] [cxt 0] Deparser 'deparser': start
[05:10:17.708] [bmv2] [T] [thread 13010] [1.0] [cxt 0] Skipping checksum 'cksum' update because condition not met
[05:10:17.708] [bmv2] [D] [thread 13010] [1.0] [cxt 0] Deparsing header 'ethernet'
[05:10:17.708] [bmv2] [D] [thread 13010] [1.0] [cxt 0] Deparser 'deparser': end
[05:10:17.708] [bmv2] [D] [thread 13014] [1.0] [cxt 0] Transmitting packet of size 90 out of port 0
[05:10:17.769] [bmv2] [D] [thread 13009] [2.0] [cxt 0] Processing packet received on port 1
[05:10:17.769] [bmv2] [D] [thread 13009] [2.0] [cxt 0] Parser 'parser': start
[05:10:17.769] [bmv2] [D] [thread 13009] [2.0] [cxt 0] Parser 'parser' entering state 'start'
[05:10:17.769] [bmv2] [D] [thread 13009] [2.0] [cxt 0] Extracting header 'ethernet'
[05:10:17.769] [bmv2] [D] [thread 13009] [2.0] [cxt 0] Parser state 'start': key is 86dd
[05:10:17.769] [bmv2] [T] [thread 13009] [2.0] [cxt 0] Bytes parsed: 14
[05:10:17.769] [bmv2] [D] [thread 13009] [2.0] [cxt 0] Parser 'parser': end
[05:10:17.769] [bmv2] [D] [thread 13009] [2.0] [cxt 0] Pipeline 'ingress': start
[05:10:17.769] [bmv2] [T] [thread 13009] [2.0] [cxt 0] /home/p4/drill/ecmp/p4src/ecmp.p4(83) Condition "hdr.ipv4.isValid()" (node_2) is false
[05:10:17.769] [bmv2] [D] [thread 13009] [2.0] [cxt 0] Pipeline 'ingress': end
[05:10:17.769] [bmv2] [D] [thread 13009] [2.0] [cxt 0] Egress port is 0
[05:10:17.769] [bmv2] [D] [thread 13010] [2.0] [cxt 0] Pipeline 'egress': start
[05:10:17.769] [bmv2] [D] [thread 13010] [2.0] [cxt 0] Pipeline 'egress': end
[05:10:17.769] [bmv2] [D] [thread 13010] [2.0] [cxt 0] Deparser 'deparser': start
[05:10:17.769] [bmv2] [T] [thread 13010] [2.0] [cxt 0] Skipping checksum 'cksum' update because condition not met
[05:10:17.769] [bmv2] [D] [thread 13010] [2.0] [cxt 0] Deparsing header 'ethernet'
[05:10:17.769] [bmv2] [D] [thread 13010] [2.0] [cxt 0] Deparser 'deparser': end
[05:10:17.770] [bmv2] [D] [thread 13014] [2.0] [cxt 0] Transmitting packet of size 90 out of port 0
[05:10:17.835] [bmv2] [D] [thread 13009] [3.0] [cxt 0] Processing packet received on port 2
[05:10:17.835] [bmv2] [D] [thread 13009] [3.0] [cxt 0] Parser 'parser': start
[05:10:17.835] [bmv2] [D] [thread 13009] [3.0] [cxt 0] Parser 'parser' entering state 'start'
[05:10:17.835] [bmv2] [D] [thread 13009] [3.0] [cxt 0] Extracting header 'ethernet'
[05:10:17.835] [bmv2] [D] [thread 13009] [3.0] [cxt 0] Parser state 'start': key is 86dd
[05:10:17.835] [bmv2] [T] [thread 13009] [3.0] [cxt 0] Bytes parsed: 14
[05:10:17.835] [bmv2] [D] [thread 13009] [3.0] [cxt 0] Parser 'parser': end
[05:10:17.835] [bmv2] [D] [thread 13009] [3.0] [cxt 0] Pipeline 'ingress': start
[05:10:17.835] [bmv2] [T] [thread 13009] [3.0] [cxt 0] /home/p4/drill/ecmp/p4src/ecmp.p4(83) Condition "hdr.ipv4.isValid()" (node_2) is false
[05:10:17.835] [bmv2] [D] [thread 13009] [3.0] [cxt 0] Pipeline 'ingress': end
[05:10:17.835] [bmv2] [D] [thread 13009] [3.0] [cxt 0] Egress port is 0
[05:10:17.835] [bmv2] [D] [thread 13010] [3.0] [cxt 0] Pipeline 'egress': start
[05:10:17.835] [bmv2] [D] [thread 13010] [3.0] [cxt 0] Pipeline 'egress': end
[05:10:17.835] [bmv2] [D] [thread 13010] [3.0] [cxt 0] Deparser 'deparser': start
[05:10:17.835] [bmv2] [T] [thread 13010] [3.0] [cxt 0] Skipping checksum 'cksum' update because condition not met
[05:10:17.835] [bmv2] [D] [thread 13010] [3.0] [cxt 0] Deparsing header 'ethernet'
[05:10:17.835] [bmv2] [D] [thread 13010] [3.0] [cxt 0] Deparser 'deparser': end
[05:10:17.835] [bmv2] [D] [thread 13014] [3.0] [cxt 0] Transmitting packet of size 86 out of port 0
[05:10:18.692] [bmv2] [T] [thread 13157] bm_get_config
[05:10:18.694] [bmv2] [T] [thread 13157] bm_set_default_action
[05:10:18.695] [bmv2] [D] [thread 13157] Set default entry for table 'MyIngress.ipv4_lpm': MyIngress.drop - 
[05:10:18.695] [bmv2] [T] [thread 13157] bm_set_default_action
[05:10:18.695] [bmv2] [D] [thread 13157] Set default entry for table 'MyIngress.ecmp_group_to_nhop': MyIngress.drop - 
[05:10:18.696] [bmv2] [T] [thread 13157] bm_table_add_entry
[05:10:18.696] [bmv2] [D] [thread 13157] Entry 0 added to table 'MyIngress.ipv4_lpm'
[05:10:18.696] [bmv2] [D] [thread 13157] Dumping entry 0
Match key:
* hdr.ipv4.dstAddr    : LPM       0a000101/32
Action entry: MyIngress.set_nhop - 10400,1,

[05:10:18.696] [bmv2] [T] [thread 13157] bm_table_add_entry
[05:10:18.696] [bmv2] [D] [thread 13157] Entry 1 added to table 'MyIngress.ipv4_lpm'
[05:10:18.697] [bmv2] [D] [thread 13157] Dumping entry 1
Match key:
* hdr.ipv4.dstAddr    : LPM       0a000602/32
Action entry: MyIngress.set_nhop - 60400,2,

open: No such file or directory
open: No such file or directory
open: No such file or directory
