Obtaining JSON from switch...
Done
Control utility for runtime P4 table manipulation
RuntimeCmd: Setting default action of ipv4_lpm
action:              drop
runtime data:        
RuntimeCmd: Setting default action of ecmp_group_to_nhop
action:              drop
runtime data:        
RuntimeCmd: Adding entry to lpm match table ipv4_lpm
match key:           LPM-0a:00:01:01/32
action:              set_nhop
runtime data:        00:00:00:01:04:00	00:01
Entry has been added with handle 0
RuntimeCmd: Adding entry to lpm match table ipv4_lpm
match key:           LPM-0a:00:06:02/32
action:              set_nhop
runtime data:        00:00:00:06:04:00	00:02
Entry has been added with handle 1
RuntimeCmd: 
