Calling target program-options parser
[09:15:58.832] [bmv2] [D] [thread 50289] Set default default entry for table 'MyIngress.ipv4_lpm': MyIngress.drop - 
[09:15:58.832] [bmv2] [D] [thread 50289] Set default default entry for table 'MyIngress.ecmp_group_to_nhop': NoAction - 
[09:15:58.834] [bmv2] [D] [thread 50289] Set default default entry for table 'tbl_ecmp152': ecmp152 - 
[09:15:58.834] [bmv2] [D] [thread 50289] Set default default entry for table 'tbl_ecmp154': ecmp154 - 
Adding interface s4-eth1 as port 1
[09:15:58.838] [bmv2] [D] [thread 50289] Adding interface s4-eth1 as port 1
Adding interface s4-eth2 as port 2
[09:15:58.850] [bmv2] [D] [thread 50289] Adding interface s4-eth2 as port 2
Adding interface s4-eth3 as port 3
[09:15:58.860] [bmv2] [D] [thread 50289] Adding interface s4-eth3 as port 3
Adding interface s4-eth4 as port 4
[09:15:58.875] [bmv2] [D] [thread 50289] Adding interface s4-eth4 as port 4
[09:15:58.893] [bmv2] [I] [thread 50289] Starting Thrift server on port 9097
[09:15:58.893] [bmv2] [I] [thread 50289] Thrift server was started
[09:15:58.896] [bmv2] [D] [thread 50295] [0.0] [cxt 0] Processing packet received on port 1
[09:15:58.896] [bmv2] [D] [thread 50295] [0.0] [cxt 0] Parser 'parser': start
[09:15:58.896] [bmv2] [D] [thread 50295] [0.0] [cxt 0] Parser 'parser' entering state 'start'
[09:15:58.896] [bmv2] [D] [thread 50295] [0.0] [cxt 0] Extracting header 'ethernet'
[09:15:58.896] [bmv2] [D] [thread 50295] [0.0] [cxt 0] Parser state 'start': key is 86dd
[09:15:58.896] [bmv2] [T] [thread 50295] [0.0] [cxt 0] Bytes parsed: 14
[09:15:58.896] [bmv2] [D] [thread 50295] [0.0] [cxt 0] Parser 'parser': end
[09:15:58.896] [bmv2] [D] [thread 50295] [0.0] [cxt 0] Pipeline 'ingress': start
[09:15:58.896] [bmv2] [T] [thread 50295] [0.0] [cxt 0] /home/p4/drill/drill_4_4/p4src/ecmp.p4(132) Condition "hdr.ipv4.isValid()" (node_2) is false
[09:15:58.896] [bmv2] [D] [thread 50295] [0.0] [cxt 0] Pipeline 'ingress': end
[09:15:58.896] [bmv2] [D] [thread 50295] [0.0] [cxt 0] Egress port is 0
[09:15:58.896] [bmv2] [D] [thread 50296] [0.0] [cxt 0] Pipeline 'egress': start
[09:15:58.896] [bmv2] [T] [thread 50296] [0.0] [cxt 0] Applying table 'tbl_ecmp152'
[09:15:58.896] [bmv2] [D] [thread 50296] [0.0] [cxt 0] Looking up key:

[09:15:58.896] [bmv2] [D] [thread 50296] [0.0] [cxt 0] Table 'tbl_ecmp152': miss
[09:15:58.896] [bmv2] [D] [thread 50296] [0.0] [cxt 0] Action entry is ecmp152 - 
[09:15:58.896] [bmv2] [T] [thread 50296] [0.0] [cxt 0] Action ecmp152
[09:15:58.896] [bmv2] [T] [thread 50296] [0.0] [cxt 0] /home/p4/drill/drill_4_4/p4src/ecmp.p4(152) Primitive (bit<32>)standard_metadata.egress_port
[09:15:58.896] [bmv2] [T] [thread 50296] [0.0] [cxt 0] /home/p4/drill/drill_4_4/p4src/ecmp.p4(152) Primitive q_depth_reg.read(current_q_len,(bit<32>)standard_metadata.egress_port)
[09:15:58.896] [bmv2] [T] [thread 50296] [0.0] [cxt 0] Read register 'q_depth_reg' at index 0 read value 0
[09:15:58.896] [bmv2] [T] [thread 50296] [0.0] [cxt 0] /home/p4/drill/drill_4_4/p4src/ecmp.p4(153) Condition "current_q_len > 0" (node_8) is false
[09:15:58.896] [bmv2] [D] [thread 50296] [0.0] [cxt 0] Pipeline 'egress': end
[09:15:58.896] [bmv2] [D] [thread 50296] [0.0] [cxt 0] Deparser 'deparser': start
[09:15:58.896] [bmv2] [T] [thread 50296] [0.0] [cxt 0] Skipping checksum 'cksum' update because condition not met
[09:15:58.896] [bmv2] [D] [thread 50296] [0.0] [cxt 0] Deparsing header 'ethernet'
[09:15:58.896] [bmv2] [D] [thread 50296] [0.0] [cxt 0] Deparser 'deparser': end
[09:15:58.896] [bmv2] [D] [thread 50300] [0.0] [cxt 0] Transmitting packet of size 90 out of port 0
[09:15:58.952] [bmv2] [D] [thread 50295] [1.0] [cxt 0] Processing packet received on port 2
[09:15:58.952] [bmv2] [D] [thread 50295] [1.0] [cxt 0] Parser 'parser': start
[09:15:58.952] [bmv2] [D] [thread 50295] [1.0] [cxt 0] Parser 'parser' entering state 'start'
[09:15:58.952] [bmv2] [D] [thread 50295] [1.0] [cxt 0] Extracting header 'ethernet'
[09:15:58.952] [bmv2] [D] [thread 50295] [1.0] [cxt 0] Parser state 'start': key is 86dd
[09:15:58.952] [bmv2] [T] [thread 50295] [1.0] [cxt 0] Bytes parsed: 14
[09:15:58.952] [bmv2] [D] [thread 50295] [1.0] [cxt 0] Parser 'parser': end
[09:15:58.952] [bmv2] [D] [thread 50295] [1.0] [cxt 0] Pipeline 'ingress': start
[09:15:58.952] [bmv2] [T] [thread 50295] [1.0] [cxt 0] /home/p4/drill/drill_4_4/p4src/ecmp.p4(132) Condition "hdr.ipv4.isValid()" (node_2) is false
[09:15:58.952] [bmv2] [D] [thread 50295] [1.0] [cxt 0] Pipeline 'ingress': end
[09:15:58.952] [bmv2] [D] [thread 50295] [1.0] [cxt 0] Egress port is 0
[09:15:58.952] [bmv2] [D] [thread 50296] [1.0] [cxt 0] Pipeline 'egress': start
[09:15:58.952] [bmv2] [T] [thread 50296] [1.0] [cxt 0] Applying table 'tbl_ecmp152'
[09:15:58.952] [bmv2] [D] [thread 50296] [1.0] [cxt 0] Looking up key:

[09:15:58.952] [bmv2] [D] [thread 50296] [1.0] [cxt 0] Table 'tbl_ecmp152': miss
[09:15:58.952] [bmv2] [D] [thread 50296] [1.0] [cxt 0] Action entry is ecmp152 - 
[09:15:58.952] [bmv2] [T] [thread 50296] [1.0] [cxt 0] Action ecmp152
[09:15:58.952] [bmv2] [T] [thread 50296] [1.0] [cxt 0] /home/p4/drill/drill_4_4/p4src/ecmp.p4(152) Primitive (bit<32>)standard_metadata.egress_port
[09:15:58.952] [bmv2] [T] [thread 50296] [1.0] [cxt 0] /home/p4/drill/drill_4_4/p4src/ecmp.p4(152) Primitive q_depth_reg.read(current_q_len,(bit<32>)standard_metadata.egress_port)
[09:15:58.952] [bmv2] [T] [thread 50296] [1.0] [cxt 0] Read register 'q_depth_reg' at index 0 read value 0
[09:15:58.952] [bmv2] [T] [thread 50296] [1.0] [cxt 0] /home/p4/drill/drill_4_4/p4src/ecmp.p4(153) Condition "current_q_len > 0" (node_8) is false
[09:15:58.952] [bmv2] [D] [thread 50296] [1.0] [cxt 0] Pipeline 'egress': end
[09:15:58.953] [bmv2] [D] [thread 50296] [1.0] [cxt 0] Deparser 'deparser': start
[09:15:58.953] [bmv2] [T] [thread 50296] [1.0] [cxt 0] Skipping checksum 'cksum' update because condition not met
[09:15:58.953] [bmv2] [D] [thread 50296] [1.0] [cxt 0] Deparsing header 'ethernet'
[09:15:58.953] [bmv2] [D] [thread 50296] [1.0] [cxt 0] Deparser 'deparser': end
[09:15:58.953] [bmv2] [D] [thread 50300] [1.0] [cxt 0] Transmitting packet of size 203 out of port 0
[09:15:58.954] [bmv2] [D] [thread 50295] [2.0] [cxt 0] Processing packet received on port 1
[09:15:58.954] [bmv2] [D] [thread 50295] [2.0] [cxt 0] Parser 'parser': start
[09:15:58.954] [bmv2] [D] [thread 50295] [2.0] [cxt 0] Parser 'parser' entering state 'start'
[09:15:58.954] [bmv2] [D] [thread 50295] [2.0] [cxt 0] Extracting header 'ethernet'
[09:15:58.954] [bmv2] [D] [thread 50295] [2.0] [cxt 0] Parser state 'start': key is 86dd
[09:15:58.954] [bmv2] [T] [thread 50295] [2.0] [cxt 0] Bytes parsed: 14
[09:15:58.954] [bmv2] [D] [thread 50295] [2.0] [cxt 0] Parser 'parser': end
[09:15:58.954] [bmv2] [D] [thread 50295] [2.0] [cxt 0] Pipeline 'ingress': start
[09:15:58.954] [bmv2] [T] [thread 50295] [2.0] [cxt 0] /home/p4/drill/drill_4_4/p4src/ecmp.p4(132) Condition "hdr.ipv4.isValid()" (node_2) is false
[09:15:58.954] [bmv2] [D] [thread 50295] [2.0] [cxt 0] Pipeline 'ingress': end
[09:15:58.954] [bmv2] [D] [thread 50295] [2.0] [cxt 0] Egress port is 0
[09:15:58.954] [bmv2] [D] [thread 50296] [2.0] [cxt 0] Pipeline 'egress': start
[09:15:58.954] [bmv2] [T] [thread 50296] [2.0] [cxt 0] Applying table 'tbl_ecmp152'
[09:15:58.954] [bmv2] [D] [thread 50296] [2.0] [cxt 0] Looking up key:

[09:15:58.954] [bmv2] [D] [thread 50296] [2.0] [cxt 0] Table 'tbl_ecmp152': miss
[09:15:58.954] [bmv2] [D] [thread 50296] [2.0] [cxt 0] Action entry is ecmp152 - 
[09:15:58.955] [bmv2] [T] [thread 50296] [2.0] [cxt 0] Action ecmp152
[09:15:58.955] [bmv2] [T] [thread 50296] [2.0] [cxt 0] /home/p4/drill/drill_4_4/p4src/ecmp.p4(152) Primitive (bit<32>)standard_metadata.egress_port
[09:15:58.955] [bmv2] [T] [thread 50296] [2.0] [cxt 0] /home/p4/drill/drill_4_4/p4src/ecmp.p4(152) Primitive q_depth_reg.read(current_q_len,(bit<32>)standard_metadata.egress_port)
[09:15:58.955] [bmv2] [T] [thread 50296] [2.0] [cxt 0] Read register 'q_depth_reg' at index 0 read value 0
[09:15:58.955] [bmv2] [T] [thread 50296] [2.0] [cxt 0] /home/p4/drill/drill_4_4/p4src/ecmp.p4(153) Condition "current_q_len > 0" (node_8) is false
[09:15:58.955] [bmv2] [D] [thread 50296] [2.0] [cxt 0] Pipeline 'egress': end
[09:15:58.955] [bmv2] [D] [thread 50296] [2.0] [cxt 0] Deparser 'deparser': start
[09:15:58.955] [bmv2] [T] [thread 50296] [2.0] [cxt 0] Skipping checksum 'cksum' update because condition not met
[09:15:58.955] [bmv2] [D] [thread 50296] [2.0] [cxt 0] Deparsing header 'ethernet'
[09:15:58.955] [bmv2] [D] [thread 50296] [2.0] [cxt 0] Deparser 'deparser': end
[09:15:58.955] [bmv2] [D] [thread 50300] [2.0] [cxt 0] Transmitting packet of size 203 out of port 0
[09:15:58.978] [bmv2] [D] [thread 50295] [3.0] [cxt 0] Processing packet received on port 1
[09:15:58.978] [bmv2] [D] [thread 50295] [3.0] [cxt 0] Parser 'parser': start
[09:15:58.978] [bmv2] [D] [thread 50295] [3.0] [cxt 0] Parser 'parser' entering state 'start'
[09:15:58.978] [bmv2] [D] [thread 50295] [3.0] [cxt 0] Extracting header 'ethernet'
[09:15:58.978] [bmv2] [D] [thread 50295] [3.0] [cxt 0] Parser state 'start': key is 86dd
[09:15:58.978] [bmv2] [T] [thread 50295] [3.0] [cxt 0] Bytes parsed: 14
[09:15:58.978] [bmv2] [D] [thread 50295] [3.0] [cxt 0] Parser 'parser': end
[09:15:58.978] [bmv2] [D] [thread 50295] [3.0] [cxt 0] Pipeline 'ingress': start
[09:15:58.978] [bmv2] [T] [thread 50295] [3.0] [cxt 0] /home/p4/drill/drill_4_4/p4src/ecmp.p4(132) Condition "hdr.ipv4.isValid()" (node_2) is false
[09:15:58.978] [bmv2] [D] [thread 50295] [3.0] [cxt 0] Pipeline 'ingress': end
[09:15:58.978] [bmv2] [D] [thread 50295] [3.0] [cxt 0] Egress port is 0
[09:15:58.978] [bmv2] [D] [thread 50295] [4.0] [cxt 0] Processing packet received on port 2
[09:15:58.978] [bmv2] [D] [thread 50295] [4.0] [cxt 0] Parser 'parser': start
[09:15:58.978] [bmv2] [D] [thread 50295] [4.0] [cxt 0] Parser 'parser' entering state 'start'
[09:15:58.978] [bmv2] [D] [thread 50295] [4.0] [cxt 0] Extracting header 'ethernet'
[09:15:58.978] [bmv2] [D] [thread 50295] [4.0] [cxt 0] Parser state 'start': key is 86dd
[09:15:58.978] [bmv2] [T] [thread 50295] [4.0] [cxt 0] Bytes parsed: 14
[09:15:58.978] [bmv2] [D] [thread 50295] [4.0] [cxt 0] Parser 'parser': end
[09:15:58.978] [bmv2] [D] [thread 50295] [4.0] [cxt 0] Pipeline 'ingress': start
[09:15:58.978] [bmv2] [T] [thread 50295] [4.0] [cxt 0] /home/p4/drill/drill_4_4/p4src/ecmp.p4(132) Condition "hdr.ipv4.isValid()" (node_2) is false
[09:15:58.978] [bmv2] [D] [thread 50295] [4.0] [cxt 0] Pipeline 'ingress': end
[09:15:58.978] [bmv2] [D] [thread 50295] [4.0] [cxt 0] Egress port is 0
[09:15:58.980] [bmv2] [D] [thread 50296] [3.0] [cxt 0] Pipeline 'egress': start
[09:15:58.980] [bmv2] [T] [thread 50296] [3.0] [cxt 0] Applying table 'tbl_ecmp152'
[09:15:58.980] [bmv2] [D] [thread 50296] [3.0] [cxt 0] Looking up key:

[09:15:58.980] [bmv2] [D] [thread 50296] [3.0] [cxt 0] Table 'tbl_ecmp152': miss
[09:15:58.980] [bmv2] [D] [thread 50296] [3.0] [cxt 0] Action entry is ecmp152 - 
[09:15:58.980] [bmv2] [T] [thread 50296] [3.0] [cxt 0] Action ecmp152
[09:15:58.980] [bmv2] [T] [thread 50296] [3.0] [cxt 0] /home/p4/drill/drill_4_4/p4src/ecmp.p4(152) Primitive (bit<32>)standard_metadata.egress_port
[09:15:58.980] [bmv2] [T] [thread 50296] [3.0] [cxt 0] /home/p4/drill/drill_4_4/p4src/ecmp.p4(152) Primitive q_depth_reg.read(current_q_len,(bit<32>)standard_metadata.egress_port)
[09:15:58.980] [bmv2] [T] [thread 50296] [3.0] [cxt 0] Read register 'q_depth_reg' at index 0 read value 0
[09:15:58.980] [bmv2] [T] [thread 50296] [3.0] [cxt 0] /home/p4/drill/drill_4_4/p4src/ecmp.p4(153) Condition "current_q_len > 0" (node_8) is false
[09:15:58.980] [bmv2] [D] [thread 50296] [3.0] [cxt 0] Pipeline 'egress': end
[09:15:58.980] [bmv2] [D] [thread 50296] [3.0] [cxt 0] Deparser 'deparser': start
[09:15:58.980] [bmv2] [T] [thread 50296] [3.0] [cxt 0] Skipping checksum 'cksum' update because condition not met
[09:15:58.980] [bmv2] [D] [thread 50296] [3.0] [cxt 0] Deparsing header 'ethernet'
[09:15:58.980] [bmv2] [D] [thread 50296] [3.0] [cxt 0] Deparser 'deparser': end
[09:15:58.980] [bmv2] [D] [thread 50296] [4.0] [cxt 0] Pipeline 'egress': start
[09:15:58.980] [bmv2] [T] [thread 50296] [4.0] [cxt 0] Applying table 'tbl_ecmp152'
[09:15:58.980] [bmv2] [D] [thread 50296] [4.0] [cxt 0] Looking up key:

[09:15:58.980] [bmv2] [D] [thread 50296] [4.0] [cxt 0] Table 'tbl_ecmp152': miss
[09:15:58.980] [bmv2] [D] [thread 50296] [4.0] [cxt 0] Action entry is ecmp152 - 
[09:15:58.980] [bmv2] [T] [thread 50296] [4.0] [cxt 0] Action ecmp152
[09:15:58.980] [bmv2] [T] [thread 50296] [4.0] [cxt 0] /home/p4/drill/drill_4_4/p4src/ecmp.p4(152) Primitive (bit<32>)standard_metadata.egress_port
[09:15:58.980] [bmv2] [T] [thread 50296] [4.0] [cxt 0] /home/p4/drill/drill_4_4/p4src/ecmp.p4(152) Primitive q_depth_reg.read(current_q_len,(bit<32>)standard_metadata.egress_port)
[09:15:58.980] [bmv2] [T] [thread 50296] [4.0] [cxt 0] Read register 'q_depth_reg' at index 0 read value 0
[09:15:58.980] [bmv2] [T] [thread 50296] [4.0] [cxt 0] /home/p4/drill/drill_4_4/p4src/ecmp.p4(153) Condition "current_q_len > 0" (node_8) is false
[09:15:58.980] [bmv2] [D] [thread 50296] [4.0] [cxt 0] Pipeline 'egress': end
[09:15:58.980] [bmv2] [D] [thread 50296] [4.0] [cxt 0] Deparser 'deparser': start
[09:15:58.980] [bmv2] [T] [thread 50296] [4.0] [cxt 0] Skipping checksum 'cksum' update because condition not met
[09:15:58.980] [bmv2] [D] [thread 50296] [4.0] [cxt 0] Deparsing header 'ethernet'
[09:15:58.980] [bmv2] [D] [thread 50296] [4.0] [cxt 0] Deparser 'deparser': end
[09:15:58.980] [bmv2] [D] [thread 50300] [3.0] [cxt 0] Transmitting packet of size 211 out of port 0
[09:15:58.980] [bmv2] [D] [thread 50300] [4.0] [cxt 0] Transmitting packet of size 211 out of port 0
[09:15:59.035] [bmv2] [D] [thread 50295] [5.0] [cxt 0] Processing packet received on port 1
[09:15:59.035] [bmv2] [D] [thread 50295] [5.0] [cxt 0] Parser 'parser': start
[09:15:59.035] [bmv2] [D] [thread 50295] [5.0] [cxt 0] Parser 'parser' entering state 'start'
[09:15:59.035] [bmv2] [D] [thread 50295] [5.0] [cxt 0] Extracting header 'ethernet'
[09:15:59.035] [bmv2] [D] [thread 50295] [5.0] [cxt 0] Parser state 'start': key is 86dd
[09:15:59.035] [bmv2] [T] [thread 50295] [5.0] [cxt 0] Bytes parsed: 14
[09:15:59.035] [bmv2] [D] [thread 50295] [5.0] [cxt 0] Parser 'parser': end
[09:15:59.035] [bmv2] [D] [thread 50295] [5.0] [cxt 0] Pipeline 'ingress': start
[09:15:59.035] [bmv2] [T] [thread 50295] [5.0] [cxt 0] /home/p4/drill/drill_4_4/p4src/ecmp.p4(132) Condition "hdr.ipv4.isValid()" (node_2) is false
[09:15:59.035] [bmv2] [D] [thread 50295] [5.0] [cxt 0] Pipeline 'ingress': end
[09:15:59.035] [bmv2] [D] [thread 50295] [5.0] [cxt 0] Egress port is 0
[09:15:59.035] [bmv2] [D] [thread 50296] [5.0] [cxt 0] Pipeline 'egress': start
[09:15:59.035] [bmv2] [T] [thread 50296] [5.0] [cxt 0] Applying table 'tbl_ecmp152'
[09:15:59.035] [bmv2] [D] [thread 50296] [5.0] [cxt 0] Looking up key:

[09:15:59.035] [bmv2] [D] [thread 50296] [5.0] [cxt 0] Table 'tbl_ecmp152': miss
[09:15:59.035] [bmv2] [D] [thread 50296] [5.0] [cxt 0] Action entry is ecmp152 - 
[09:15:59.035] [bmv2] [T] [thread 50296] [5.0] [cxt 0] Action ecmp152
[09:15:59.035] [bmv2] [T] [thread 50296] [5.0] [cxt 0] /home/p4/drill/drill_4_4/p4src/ecmp.p4(152) Primitive (bit<32>)standard_metadata.egress_port
[09:15:59.035] [bmv2] [T] [thread 50296] [5.0] [cxt 0] /home/p4/drill/drill_4_4/p4src/ecmp.p4(152) Primitive q_depth_reg.read(current_q_len,(bit<32>)standard_metadata.egress_port)
[09:15:59.035] [bmv2] [T] [thread 50296] [5.0] [cxt 0] Read register 'q_depth_reg' at index 0 read value 0
[09:15:59.035] [bmv2] [T] [thread 50296] [5.0] [cxt 0] /home/p4/drill/drill_4_4/p4src/ecmp.p4(153) Condition "current_q_len > 0" (node_8) is false
[09:15:59.035] [bmv2] [D] [thread 50296] [5.0] [cxt 0] Pipeline 'egress': end
[09:15:59.035] [bmv2] [D] [thread 50296] [5.0] [cxt 0] Deparser 'deparser': start
[09:15:59.035] [bmv2] [T] [thread 50296] [5.0] [cxt 0] Skipping checksum 'cksum' update because condition not met
[09:15:59.035] [bmv2] [D] [thread 50296] [5.0] [cxt 0] Deparsing header 'ethernet'
[09:15:59.035] [bmv2] [D] [thread 50296] [5.0] [cxt 0] Deparser 'deparser': end
[09:15:59.035] [bmv2] [D] [thread 50300] [5.0] [cxt 0] Transmitting packet of size 90 out of port 0
[09:15:59.039] [bmv2] [D] [thread 50295] [6.0] [cxt 0] Processing packet received on port 1
[09:15:59.039] [bmv2] [D] [thread 50295] [6.0] [cxt 0] Parser 'parser': start
[09:15:59.039] [bmv2] [D] [thread 50295] [6.0] [cxt 0] Parser 'parser' entering state 'start'
[09:15:59.039] [bmv2] [D] [thread 50295] [6.0] [cxt 0] Extracting header 'ethernet'
[09:15:59.039] [bmv2] [D] [thread 50295] [6.0] [cxt 0] Parser state 'start': key is 86dd
[09:15:59.039] [bmv2] [T] [thread 50295] [6.0] [cxt 0] Bytes parsed: 14
[09:15:59.039] [bmv2] [D] [thread 50295] [6.0] [cxt 0] Parser 'parser': end
[09:15:59.039] [bmv2] [D] [thread 50295] [6.0] [cxt 0] Pipeline 'ingress': start
[09:15:59.039] [bmv2] [T] [thread 50295] [6.0] [cxt 0] /home/p4/drill/drill_4_4/p4src/ecmp.p4(132) Condition "hdr.ipv4.isValid()" (node_2) is false
[09:15:59.039] [bmv2] [D] [thread 50295] [6.0] [cxt 0] Pipeline 'ingress': end
[09:15:59.039] [bmv2] [D] [thread 50295] [6.0] [cxt 0] Egress port is 0
[09:15:59.039] [bmv2] [D] [thread 50295] [7.0] [cxt 0] Processing packet received on port 3
[09:15:59.039] [bmv2] [D] [thread 50295] [7.0] [cxt 0] Parser 'parser': start
[09:15:59.039] [bmv2] [D] [thread 50295] [7.0] [cxt 0] Parser 'parser' entering state 'start'
[09:15:59.039] [bmv2] [D] [thread 50295] [7.0] [cxt 0] Extracting header 'ethernet'
[09:15:59.039] [bmv2] [D] [thread 50295] [7.0] [cxt 0] Parser state 'start': key is 86dd
[09:15:59.039] [bmv2] [T] [thread 50295] [7.0] [cxt 0] Bytes parsed: 14
[09:15:59.039] [bmv2] [D] [thread 50295] [7.0] [cxt 0] Parser 'parser': end
[09:15:59.039] [bmv2] [D] [thread 50295] [7.0] [cxt 0] Pipeline 'ingress': start
[09:15:59.039] [bmv2] [T] [thread 50295] [7.0] [cxt 0] /home/p4/drill/drill_4_4/p4src/ecmp.p4(132) Condition "hdr.ipv4.isValid()" (node_2) is false
[09:15:59.039] [bmv2] [D] [thread 50295] [7.0] [cxt 0] Pipeline 'ingress': end
[09:15:59.039] [bmv2] [D] [thread 50295] [7.0] [cxt 0] Egress port is 0
[09:15:59.039] [bmv2] [D] [thread 50295] [8.0] [cxt 0] Processing packet received on port 3
[09:15:59.039] [bmv2] [D] [thread 50295] [8.0] [cxt 0] Parser 'parser': start
[09:15:59.039] [bmv2] [D] [thread 50295] [8.0] [cxt 0] Parser 'parser' entering state 'start'
[09:15:59.039] [bmv2] [D] [thread 50295] [8.0] [cxt 0] Extracting header 'ethernet'
[09:15:59.039] [bmv2] [D] [thread 50295] [8.0] [cxt 0] Parser state 'start': key is 86dd
[09:15:59.039] [bmv2] [T] [thread 50295] [8.0] [cxt 0] Bytes parsed: 14
[09:15:59.039] [bmv2] [D] [thread 50295] [8.0] [cxt 0] Parser 'parser': end
[09:15:59.039] [bmv2] [D] [thread 50295] [8.0] [cxt 0] Pipeline 'ingress': start
[09:15:59.039] [bmv2] [T] [thread 50295] [8.0] [cxt 0] /home/p4/drill/drill_4_4/p4src/ecmp.p4(132) Condition "hdr.ipv4.isValid()" (node_2) is false
[09:15:59.039] [bmv2] [D] [thread 50295] [8.0] [cxt 0] Pipeline 'ingress': end
[09:15:59.039] [bmv2] [D] [thread 50295] [8.0] [cxt 0] Egress port is 0
[09:15:59.043] [bmv2] [D] [thread 50296] [6.0] [cxt 0] Pipeline 'egress': start
[09:15:59.043] [bmv2] [T] [thread 50296] [6.0] [cxt 0] Applying table 'tbl_ecmp152'
[09:15:59.043] [bmv2] [D] [thread 50296] [6.0] [cxt 0] Looking up key:

[09:15:59.043] [bmv2] [D] [thread 50296] [6.0] [cxt 0] Table 'tbl_ecmp152': miss
[09:15:59.043] [bmv2] [D] [thread 50296] [6.0] [cxt 0] Action entry is ecmp152 - 
[09:15:59.043] [bmv2] [T] [thread 50296] [6.0] [cxt 0] Action ecmp152
[09:15:59.043] [bmv2] [T] [thread 50296] [6.0] [cxt 0] /home/p4/drill/drill_4_4/p4src/ecmp.p4(152) Primitive (bit<32>)standard_metadata.egress_port
[09:15:59.043] [bmv2] [T] [thread 50296] [6.0] [cxt 0] /home/p4/drill/drill_4_4/p4src/ecmp.p4(152) Primitive q_depth_reg.read(current_q_len,(bit<32>)standard_metadata.egress_port)
[09:15:59.043] [bmv2] [T] [thread 50296] [6.0] [cxt 0] Read register 'q_depth_reg' at index 0 read value 0
[09:15:59.043] [bmv2] [T] [thread 50296] [6.0] [cxt 0] /home/p4/drill/drill_4_4/p4src/ecmp.p4(153) Condition "current_q_len > 0" (node_8) is false
[09:15:59.043] [bmv2] [D] [thread 50296] [6.0] [cxt 0] Pipeline 'egress': end
[09:15:59.043] [bmv2] [D] [thread 50296] [6.0] [cxt 0] Deparser 'deparser': start
[09:15:59.043] [bmv2] [T] [thread 50296] [6.0] [cxt 0] Skipping checksum 'cksum' update because condition not met
[09:15:59.043] [bmv2] [D] [thread 50296] [6.0] [cxt 0] Deparsing header 'ethernet'
[09:15:59.043] [bmv2] [D] [thread 50296] [6.0] [cxt 0] Deparser 'deparser': end
[09:15:59.043] [bmv2] [D] [thread 50296] [7.0] [cxt 0] Pipeline 'egress': start
[09:15:59.043] [bmv2] [T] [thread 50296] [7.0] [cxt 0] Applying table 'tbl_ecmp152'
[09:15:59.043] [bmv2] [D] [thread 50296] [7.0] [cxt 0] Looking up key:

[09:15:59.043] [bmv2] [D] [thread 50296] [7.0] [cxt 0] Table 'tbl_ecmp152': miss
[09:15:59.043] [bmv2] [D] [thread 50296] [7.0] [cxt 0] Action entry is ecmp152 - 
[09:15:59.043] [bmv2] [T] [thread 50296] [7.0] [cxt 0] Action ecmp152
[09:15:59.043] [bmv2] [T] [thread 50296] [7.0] [cxt 0] /home/p4/drill/drill_4_4/p4src/ecmp.p4(152) Primitive (bit<32>)standard_metadata.egress_port
[09:15:59.043] [bmv2] [T] [thread 50296] [7.0] [cxt 0] /home/p4/drill/drill_4_4/p4src/ecmp.p4(152) Primitive q_depth_reg.read(current_q_len,(bit<32>)standard_metadata.egress_port)
[09:15:59.043] [bmv2] [T] [thread 50296] [7.0] [cxt 0] Read register 'q_depth_reg' at index 0 read value 0
[09:15:59.043] [bmv2] [T] [thread 50296] [7.0] [cxt 0] /home/p4/drill/drill_4_4/p4src/ecmp.p4(153) Condition "current_q_len > 0" (node_8) is false
[09:15:59.043] [bmv2] [D] [thread 50296] [7.0] [cxt 0] Pipeline 'egress': end
[09:15:59.043] [bmv2] [D] [thread 50296] [7.0] [cxt 0] Deparser 'deparser': start
[09:15:59.043] [bmv2] [T] [thread 50296] [7.0] [cxt 0] Skipping checksum 'cksum' update because condition not met
[09:15:59.043] [bmv2] [D] [thread 50296] [7.0] [cxt 0] Deparsing header 'ethernet'
[09:15:59.043] [bmv2] [D] [thread 50296] [7.0] [cxt 0] Deparser 'deparser': end
[09:15:59.043] [bmv2] [D] [thread 50296] [8.0] [cxt 0] Pipeline 'egress': start
[09:15:59.043] [bmv2] [T] [thread 50296] [8.0] [cxt 0] Applying table 'tbl_ecmp152'
[09:15:59.043] [bmv2] [D] [thread 50296] [8.0] [cxt 0] Looking up key:

[09:15:59.043] [bmv2] [D] [thread 50296] [8.0] [cxt 0] Table 'tbl_ecmp152': miss
[09:15:59.043] [bmv2] [D] [thread 50296] [8.0] [cxt 0] Action entry is ecmp152 - 
[09:15:59.043] [bmv2] [T] [thread 50296] [8.0] [cxt 0] Action ecmp152
[09:15:59.043] [bmv2] [T] [thread 50296] [8.0] [cxt 0] /home/p4/drill/drill_4_4/p4src/ecmp.p4(152) Primitive (bit<32>)standard_metadata.egress_port
[09:15:59.043] [bmv2] [T] [thread 50296] [8.0] [cxt 0] /home/p4/drill/drill_4_4/p4src/ecmp.p4(152) Primitive q_depth_reg.read(current_q_len,(bit<32>)standard_metadata.egress_port)
[09:15:59.043] [bmv2] [T] [thread 50296] [8.0] [cxt 0] Read register 'q_depth_reg' at index 0 read value 0
[09:15:59.043] [bmv2] [T] [thread 50296] [8.0] [cxt 0] /home/p4/drill/drill_4_4/p4src/ecmp.p4(153) Condition "current_q_len > 0" (node_8) is false
[09:15:59.043] [bmv2] [D] [thread 50296] [8.0] [cxt 0] Pipeline 'egress': end
[09:15:59.043] [bmv2] [D] [thread 50296] [8.0] [cxt 0] Deparser 'deparser': start
[09:15:59.043] [bmv2] [T] [thread 50296] [8.0] [cxt 0] Skipping checksum 'cksum' update because condition not met
[09:15:59.043] [bmv2] [D] [thread 50296] [8.0] [cxt 0] Deparsing header 'ethernet'
[09:15:59.043] [bmv2] [D] [thread 50296] [8.0] [cxt 0] Deparser 'deparser': end
[09:15:59.045] [bmv2] [D] [thread 50300] [6.0] [cxt 0] Transmitting packet of size 70 out of port 0
[09:15:59.045] [bmv2] [D] [thread 50300] [7.0] [cxt 0] Transmitting packet of size 90 out of port 0
[09:15:59.045] [bmv2] [D] [thread 50300] [8.0] [cxt 0] Transmitting packet of size 70 out of port 0
[09:15:59.045] [bmv2] [D] [thread 50295] [9.0] [cxt 0] Processing packet received on port 1
[09:15:59.045] [bmv2] [D] [thread 50295] [9.0] [cxt 0] Parser 'parser': start
[09:15:59.045] [bmv2] [D] [thread 50295] [9.0] [cxt 0] Parser 'parser' entering state 'start'
[09:15:59.045] [bmv2] [D] [thread 50295] [9.0] [cxt 0] Extracting header 'ethernet'
[09:15:59.045] [bmv2] [D] [thread 50295] [9.0] [cxt 0] Parser state 'start': key is 86dd
[09:15:59.045] [bmv2] [T] [thread 50295] [9.0] [cxt 0] Bytes parsed: 14
[09:15:59.045] [bmv2] [D] [thread 50295] [9.0] [cxt 0] Parser 'parser': end
[09:15:59.045] [bmv2] [D] [thread 50295] [9.0] [cxt 0] Pipeline 'ingress': start
[09:15:59.045] [bmv2] [T] [thread 50295] [9.0] [cxt 0] /home/p4/drill/drill_4_4/p4src/ecmp.p4(132) Condition "hdr.ipv4.isValid()" (node_2) is false
[09:15:59.045] [bmv2] [D] [thread 50295] [9.0] [cxt 0] Pipeline 'ingress': end
[09:15:59.045] [bmv2] [D] [thread 50295] [9.0] [cxt 0] Egress port is 0
[09:15:59.045] [bmv2] [D] [thread 50295] [10.0] [cxt 0] Processing packet received on port 3
[09:15:59.045] [bmv2] [D] [thread 50295] [10.0] [cxt 0] Parser 'parser': start
[09:15:59.045] [bmv2] [D] [thread 50295] [10.0] [cxt 0] Parser 'parser' entering state 'start'
[09:15:59.045] [bmv2] [D] [thread 50295] [10.0] [cxt 0] Extracting header 'ethernet'
[09:15:59.045] [bmv2] [D] [thread 50295] [10.0] [cxt 0] Parser state 'start': key is 86dd
[09:15:59.045] [bmv2] [T] [thread 50295] [10.0] [cxt 0] Bytes parsed: 14
[09:15:59.045] [bmv2] [D] [thread 50295] [10.0] [cxt 0] Parser 'parser': end
[09:15:59.045] [bmv2] [D] [thread 50295] [10.0] [cxt 0] Pipeline 'ingress': start
[09:15:59.045] [bmv2] [T] [thread 50295] [10.0] [cxt 0] /home/p4/drill/drill_4_4/p4src/ecmp.p4(132) Condition "hdr.ipv4.isValid()" (node_2) is false
[09:15:59.045] [bmv2] [D] [thread 50295] [10.0] [cxt 0] Pipeline 'ingress': end
[09:15:59.045] [bmv2] [D] [thread 50295] [10.0] [cxt 0] Egress port is 0
[09:15:59.045] [bmv2] [D] [thread 50296] [9.0] [cxt 0] Pipeline 'egress': start
[09:15:59.045] [bmv2] [T] [thread 50296] [9.0] [cxt 0] Applying table 'tbl_ecmp152'
[09:15:59.045] [bmv2] [D] [thread 50296] [9.0] [cxt 0] Looking up key:

[09:15:59.045] [bmv2] [D] [thread 50296] [9.0] [cxt 0] Table 'tbl_ecmp152': miss
[09:15:59.045] [bmv2] [D] [thread 50296] [9.0] [cxt 0] Action entry is ecmp152 - 
[09:15:59.045] [bmv2] [T] [thread 50296] [9.0] [cxt 0] Action ecmp152
[09:15:59.045] [bmv2] [T] [thread 50296] [9.0] [cxt 0] /home/p4/drill/drill_4_4/p4src/ecmp.p4(152) Primitive (bit<32>)standard_metadata.egress_port
[09:15:59.045] [bmv2] [T] [thread 50296] [9.0] [cxt 0] /home/p4/drill/drill_4_4/p4src/ecmp.p4(152) Primitive q_depth_reg.read(current_q_len,(bit<32>)standard_metadata.egress_port)
[09:15:59.045] [bmv2] [T] [thread 50296] [9.0] [cxt 0] Read register 'q_depth_reg' at index 0 read value 0
[09:15:59.045] [bmv2] [T] [thread 50296] [9.0] [cxt 0] /home/p4/drill/drill_4_4/p4src/ecmp.p4(153) Condition "current_q_len > 0" (node_8) is false
[09:15:59.045] [bmv2] [D] [thread 50296] [9.0] [cxt 0] Pipeline 'egress': end
[09:15:59.045] [bmv2] [D] [thread 50296] [9.0] [cxt 0] Deparser 'deparser': start
[09:15:59.045] [bmv2] [T] [thread 50296] [9.0] [cxt 0] Skipping checksum 'cksum' update because condition not met
[09:15:59.045] [bmv2] [D] [thread 50296] [9.0] [cxt 0] Deparsing header 'ethernet'
[09:15:59.045] [bmv2] [D] [thread 50296] [9.0] [cxt 0] Deparser 'deparser': end
[09:15:59.046] [bmv2] [D] [thread 50300] [9.0] [cxt 0] Transmitting packet of size 90 out of port 0
[09:15:59.046] [bmv2] [D] [thread 50296] [10.0] [cxt 0] Pipeline 'egress': start
[09:15:59.046] [bmv2] [T] [thread 50296] [10.0] [cxt 0] Applying table 'tbl_ecmp152'
[09:15:59.046] [bmv2] [D] [thread 50296] [10.0] [cxt 0] Looking up key:

[09:15:59.046] [bmv2] [D] [thread 50296] [10.0] [cxt 0] Table 'tbl_ecmp152': miss
[09:15:59.046] [bmv2] [D] [thread 50296] [10.0] [cxt 0] Action entry is ecmp152 - 
[09:15:59.046] [bmv2] [T] [thread 50296] [10.0] [cxt 0] Action ecmp152
[09:15:59.046] [bmv2] [T] [thread 50296] [10.0] [cxt 0] /home/p4/drill/drill_4_4/p4src/ecmp.p4(152) Primitive (bit<32>)standard_metadata.egress_port
[09:15:59.046] [bmv2] [T] [thread 50296] [10.0] [cxt 0] /home/p4/drill/drill_4_4/p4src/ecmp.p4(152) Primitive q_depth_reg.read(current_q_len,(bit<32>)standard_metadata.egress_port)
[09:15:59.046] [bmv2] [T] [thread 50296] [10.0] [cxt 0] Read register 'q_depth_reg' at index 0 read value 0
[09:15:59.046] [bmv2] [T] [thread 50296] [10.0] [cxt 0] /home/p4/drill/drill_4_4/p4src/ecmp.p4(153) Condition "current_q_len > 0" (node_8) is false
[09:15:59.046] [bmv2] [D] [thread 50296] [10.0] [cxt 0] Pipeline 'egress': end
[09:15:59.046] [bmv2] [D] [thread 50296] [10.0] [cxt 0] Deparser 'deparser': start
[09:15:59.046] [bmv2] [T] [thread 50296] [10.0] [cxt 0] Skipping checksum 'cksum' update because condition not met
[09:15:59.046] [bmv2] [D] [thread 50296] [10.0] [cxt 0] Deparsing header 'ethernet'
[09:15:59.046] [bmv2] [D] [thread 50296] [10.0] [cxt 0] Deparser 'deparser': end
[09:15:59.046] [bmv2] [D] [thread 50300] [10.0] [cxt 0] Transmitting packet of size 90 out of port 0
[09:15:59.099] [bmv2] [D] [thread 50295] [11.0] [cxt 0] Processing packet received on port 3
[09:15:59.099] [bmv2] [D] [thread 50295] [11.0] [cxt 0] Parser 'parser': start
[09:15:59.099] [bmv2] [D] [thread 50295] [11.0] [cxt 0] Parser 'parser' entering state 'start'
[09:15:59.099] [bmv2] [D] [thread 50295] [11.0] [cxt 0] Extracting header 'ethernet'
[09:15:59.099] [bmv2] [D] [thread 50295] [11.0] [cxt 0] Parser state 'start': key is 86dd
[09:15:59.099] [bmv2] [T] [thread 50295] [11.0] [cxt 0] Bytes parsed: 14
[09:15:59.099] [bmv2] [D] [thread 50295] [11.0] [cxt 0] Parser 'parser': end
[09:15:59.099] [bmv2] [D] [thread 50295] [11.0] [cxt 0] Pipeline 'ingress': start
[09:15:59.099] [bmv2] [T] [thread 50295] [11.0] [cxt 0] /home/p4/drill/drill_4_4/p4src/ecmp.p4(132) Condition "hdr.ipv4.isValid()" (node_2) is false
[09:15:59.099] [bmv2] [D] [thread 50295] [11.0] [cxt 0] Pipeline 'ingress': end
[09:15:59.099] [bmv2] [D] [thread 50295] [11.0] [cxt 0] Egress port is 0
[09:15:59.099] [bmv2] [D] [thread 50296] [11.0] [cxt 0] Pipeline 'egress': start
[09:15:59.099] [bmv2] [T] [thread 50296] [11.0] [cxt 0] Applying table 'tbl_ecmp152'
[09:15:59.099] [bmv2] [D] [thread 50296] [11.0] [cxt 0] Looking up key:

[09:15:59.099] [bmv2] [D] [thread 50296] [11.0] [cxt 0] Table 'tbl_ecmp152': miss
[09:15:59.099] [bmv2] [D] [thread 50296] [11.0] [cxt 0] Action entry is ecmp152 - 
[09:15:59.099] [bmv2] [T] [thread 50296] [11.0] [cxt 0] Action ecmp152
[09:15:59.099] [bmv2] [T] [thread 50296] [11.0] [cxt 0] /home/p4/drill/drill_4_4/p4src/ecmp.p4(152) Primitive (bit<32>)standard_metadata.egress_port
[09:15:59.099] [bmv2] [T] [thread 50296] [11.0] [cxt 0] /home/p4/drill/drill_4_4/p4src/ecmp.p4(152) Primitive q_depth_reg.read(current_q_len,(bit<32>)standard_metadata.egress_port)
[09:15:59.099] [bmv2] [T] [thread 50296] [11.0] [cxt 0] Read register 'q_depth_reg' at index 0 read value 0
[09:15:59.099] [bmv2] [T] [thread 50296] [11.0] [cxt 0] /home/p4/drill/drill_4_4/p4src/ecmp.p4(153) Condition "current_q_len > 0" (node_8) is false
[09:15:59.099] [bmv2] [D] [thread 50296] [11.0] [cxt 0] Pipeline 'egress': end
[09:15:59.099] [bmv2] [D] [thread 50296] [11.0] [cxt 0] Deparser 'deparser': start
[09:15:59.099] [bmv2] [T] [thread 50296] [11.0] [cxt 0] Skipping checksum 'cksum' update because condition not met
[09:15:59.099] [bmv2] [D] [thread 50296] [11.0] [cxt 0] Deparsing header 'ethernet'
[09:15:59.099] [bmv2] [D] [thread 50296] [11.0] [cxt 0] Deparser 'deparser': end
[09:15:59.099] [bmv2] [D] [thread 50300] [11.0] [cxt 0] Transmitting packet of size 90 out of port 0
[09:15:59.100] [bmv2] [D] [thread 50295] [12.0] [cxt 0] Processing packet received on port 3
[09:15:59.100] [bmv2] [D] [thread 50295] [12.0] [cxt 0] Parser 'parser': start
[09:15:59.100] [bmv2] [D] [thread 50295] [12.0] [cxt 0] Parser 'parser' entering state 'start'
[09:15:59.100] [bmv2] [D] [thread 50295] [12.0] [cxt 0] Extracting header 'ethernet'
[09:15:59.100] [bmv2] [D] [thread 50295] [12.0] [cxt 0] Parser state 'start': key is 86dd
[09:15:59.100] [bmv2] [T] [thread 50295] [12.0] [cxt 0] Bytes parsed: 14
[09:15:59.100] [bmv2] [D] [thread 50295] [12.0] [cxt 0] Parser 'parser': end
[09:15:59.100] [bmv2] [D] [thread 50295] [12.0] [cxt 0] Pipeline 'ingress': start
[09:15:59.100] [bmv2] [T] [thread 50295] [12.0] [cxt 0] /home/p4/drill/drill_4_4/p4src/ecmp.p4(132) Condition "hdr.ipv4.isValid()" (node_2) is false
[09:15:59.100] [bmv2] [D] [thread 50295] [12.0] [cxt 0] Pipeline 'ingress': end
[09:15:59.100] [bmv2] [D] [thread 50295] [12.0] [cxt 0] Egress port is 0
[09:15:59.101] [bmv2] [D] [thread 50296] [12.0] [cxt 0] Pipeline 'egress': start
[09:15:59.101] [bmv2] [T] [thread 50296] [12.0] [cxt 0] Applying table 'tbl_ecmp152'
[09:15:59.101] [bmv2] [D] [thread 50296] [12.0] [cxt 0] Looking up key:

[09:15:59.101] [bmv2] [D] [thread 50296] [12.0] [cxt 0] Table 'tbl_ecmp152': miss
[09:15:59.101] [bmv2] [D] [thread 50296] [12.0] [cxt 0] Action entry is ecmp152 - 
[09:15:59.101] [bmv2] [T] [thread 50296] [12.0] [cxt 0] Action ecmp152
[09:15:59.101] [bmv2] [T] [thread 50296] [12.0] [cxt 0] /home/p4/drill/drill_4_4/p4src/ecmp.p4(152) Primitive (bit<32>)standard_metadata.egress_port
[09:15:59.101] [bmv2] [T] [thread 50296] [12.0] [cxt 0] /home/p4/drill/drill_4_4/p4src/ecmp.p4(152) Primitive q_depth_reg.read(current_q_len,(bit<32>)standard_metadata.egress_port)
[09:15:59.101] [bmv2] [T] [thread 50296] [12.0] [cxt 0] Read register 'q_depth_reg' at index 0 read value 0
[09:15:59.101] [bmv2] [T] [thread 50296] [12.0] [cxt 0] /home/p4/drill/drill_4_4/p4src/ecmp.p4(153) Condition "current_q_len > 0" (node_8) is false
[09:15:59.101] [bmv2] [D] [thread 50296] [12.0] [cxt 0] Pipeline 'egress': end
[09:15:59.101] [bmv2] [D] [thread 50296] [12.0] [cxt 0] Deparser 'deparser': start
[09:15:59.101] [bmv2] [T] [thread 50296] [12.0] [cxt 0] Skipping checksum 'cksum' update because condition not met
[09:15:59.101] [bmv2] [D] [thread 50296] [12.0] [cxt 0] Deparsing header 'ethernet'
[09:15:59.101] [bmv2] [D] [thread 50296] [12.0] [cxt 0] Deparser 'deparser': end
[09:15:59.101] [bmv2] [D] [thread 50300] [12.0] [cxt 0] Transmitting packet of size 70 out of port 0
[09:15:59.104] [bmv2] [D] [thread 50295] [13.0] [cxt 0] Processing packet received on port 3
[09:15:59.104] [bmv2] [D] [thread 50295] [13.0] [cxt 0] Parser 'parser': start
[09:15:59.104] [bmv2] [D] [thread 50295] [13.0] [cxt 0] Parser 'parser' entering state 'start'
[09:15:59.104] [bmv2] [D] [thread 50295] [13.0] [cxt 0] Extracting header 'ethernet'
[09:15:59.104] [bmv2] [D] [thread 50295] [13.0] [cxt 0] Parser state 'start': key is 86dd
[09:15:59.104] [bmv2] [T] [thread 50295] [13.0] [cxt 0] Bytes parsed: 14
[09:15:59.104] [bmv2] [D] [thread 50295] [13.0] [cxt 0] Parser 'parser': end
[09:15:59.104] [bmv2] [D] [thread 50295] [13.0] [cxt 0] Pipeline 'ingress': start
[09:15:59.104] [bmv2] [T] [thread 50295] [13.0] [cxt 0] /home/p4/drill/drill_4_4/p4src/ecmp.p4(132) Condition "hdr.ipv4.isValid()" (node_2) is false
[09:15:59.104] [bmv2] [D] [thread 50295] [13.0] [cxt 0] Pipeline 'ingress': end
[09:15:59.104] [bmv2] [D] [thread 50295] [13.0] [cxt 0] Egress port is 0
[09:15:59.104] [bmv2] [D] [thread 50296] [13.0] [cxt 0] Pipeline 'egress': start
[09:15:59.104] [bmv2] [T] [thread 50296] [13.0] [cxt 0] Applying table 'tbl_ecmp152'
[09:15:59.104] [bmv2] [D] [thread 50296] [13.0] [cxt 0] Looking up key:

[09:15:59.104] [bmv2] [D] [thread 50296] [13.0] [cxt 0] Table 'tbl_ecmp152': miss
[09:15:59.104] [bmv2] [D] [thread 50296] [13.0] [cxt 0] Action entry is ecmp152 - 
[09:15:59.104] [bmv2] [T] [thread 50296] [13.0] [cxt 0] Action ecmp152
[09:15:59.104] [bmv2] [T] [thread 50296] [13.0] [cxt 0] /home/p4/drill/drill_4_4/p4src/ecmp.p4(152) Primitive (bit<32>)standard_metadata.egress_port
[09:15:59.104] [bmv2] [T] [thread 50296] [13.0] [cxt 0] /home/p4/drill/drill_4_4/p4src/ecmp.p4(152) Primitive q_depth_reg.read(current_q_len,(bit<32>)standard_metadata.egress_port)
[09:15:59.104] [bmv2] [T] [thread 50296] [13.0] [cxt 0] Read register 'q_depth_reg' at index 0 read value 0
[09:15:59.104] [bmv2] [T] [thread 50296] [13.0] [cxt 0] /home/p4/drill/drill_4_4/p4src/ecmp.p4(153) Condition "current_q_len > 0" (node_8) is false
[09:15:59.104] [bmv2] [D] [thread 50296] [13.0] [cxt 0] Pipeline 'egress': end
[09:15:59.104] [bmv2] [D] [thread 50296] [13.0] [cxt 0] Deparser 'deparser': start
[09:15:59.104] [bmv2] [T] [thread 50296] [13.0] [cxt 0] Skipping checksum 'cksum' update because condition not met
[09:15:59.104] [bmv2] [D] [thread 50296] [13.0] [cxt 0] Deparsing header 'ethernet'
[09:15:59.104] [bmv2] [D] [thread 50296] [13.0] [cxt 0] Deparser 'deparser': end
[09:15:59.104] [bmv2] [D] [thread 50300] [13.0] [cxt 0] Transmitting packet of size 90 out of port 0
[09:15:59.138] [bmv2] [D] [thread 50295] [14.0] [cxt 0] Processing packet received on port 1
[09:15:59.138] [bmv2] [D] [thread 50295] [14.0] [cxt 0] Parser 'parser': start
[09:15:59.138] [bmv2] [D] [thread 50295] [14.0] [cxt 0] Parser 'parser' entering state 'start'
[09:15:59.138] [bmv2] [D] [thread 50295] [14.0] [cxt 0] Extracting header 'ethernet'
[09:15:59.138] [bmv2] [D] [thread 50295] [14.0] [cxt 0] Parser state 'start': key is 86dd
[09:15:59.138] [bmv2] [T] [thread 50295] [14.0] [cxt 0] Bytes parsed: 14
[09:15:59.139] [bmv2] [D] [thread 50295] [14.0] [cxt 0] Parser 'parser': end
[09:15:59.139] [bmv2] [D] [thread 50295] [14.0] [cxt 0] Pipeline 'ingress': start
[09:15:59.139] [bmv2] [T] [thread 50295] [14.0] [cxt 0] /home/p4/drill/drill_4_4/p4src/ecmp.p4(132) Condition "hdr.ipv4.isValid()" (node_2) is false
[09:15:59.139] [bmv2] [D] [thread 50295] [14.0] [cxt 0] Pipeline 'ingress': end
[09:15:59.139] [bmv2] [D] [thread 50295] [14.0] [cxt 0] Egress port is 0
[09:15:59.140] [bmv2] [D] [thread 50296] [14.0] [cxt 0] Pipeline 'egress': start
[09:15:59.140] [bmv2] [T] [thread 50296] [14.0] [cxt 0] Applying table 'tbl_ecmp152'
[09:15:59.140] [bmv2] [D] [thread 50296] [14.0] [cxt 0] Looking up key:

[09:15:59.140] [bmv2] [D] [thread 50296] [14.0] [cxt 0] Table 'tbl_ecmp152': miss
[09:15:59.140] [bmv2] [D] [thread 50296] [14.0] [cxt 0] Action entry is ecmp152 - 
[09:15:59.140] [bmv2] [T] [thread 50296] [14.0] [cxt 0] Action ecmp152
[09:15:59.140] [bmv2] [T] [thread 50296] [14.0] [cxt 0] /home/p4/drill/drill_4_4/p4src/ecmp.p4(152) Primitive (bit<32>)standard_metadata.egress_port
[09:15:59.140] [bmv2] [T] [thread 50296] [14.0] [cxt 0] /home/p4/drill/drill_4_4/p4src/ecmp.p4(152) Primitive q_depth_reg.read(current_q_len,(bit<32>)standard_metadata.egress_port)
[09:15:59.140] [bmv2] [T] [thread 50296] [14.0] [cxt 0] Read register 'q_depth_reg' at index 0 read value 0
[09:15:59.140] [bmv2] [T] [thread 50296] [14.0] [cxt 0] /home/p4/drill/drill_4_4/p4src/ecmp.p4(153) Condition "current_q_len > 0" (node_8) is false
[09:15:59.140] [bmv2] [D] [thread 50296] [14.0] [cxt 0] Pipeline 'egress': end
[09:15:59.140] [bmv2] [D] [thread 50296] [14.0] [cxt 0] Deparser 'deparser': start
[09:15:59.140] [bmv2] [T] [thread 50296] [14.0] [cxt 0] Skipping checksum 'cksum' update because condition not met
[09:15:59.140] [bmv2] [D] [thread 50296] [14.0] [cxt 0] Deparsing header 'ethernet'
[09:15:59.140] [bmv2] [D] [thread 50296] [14.0] [cxt 0] Deparser 'deparser': end
[09:15:59.140] [bmv2] [D] [thread 50300] [14.0] [cxt 0] Transmitting packet of size 203 out of port 0
[09:15:59.141] [bmv2] [D] [thread 50295] [15.0] [cxt 0] Processing packet received on port 3
[09:15:59.141] [bmv2] [D] [thread 50295] [15.0] [cxt 0] Parser 'parser': start
[09:15:59.141] [bmv2] [D] [thread 50295] [15.0] [cxt 0] Parser 'parser' entering state 'start'
[09:15:59.141] [bmv2] [D] [thread 50295] [15.0] [cxt 0] Extracting header 'ethernet'
[09:15:59.141] [bmv2] [D] [thread 50295] [15.0] [cxt 0] Parser state 'start': key is 86dd
[09:15:59.141] [bmv2] [T] [thread 50295] [15.0] [cxt 0] Bytes parsed: 14
[09:15:59.141] [bmv2] [D] [thread 50295] [15.0] [cxt 0] Parser 'parser': end
[09:15:59.141] [bmv2] [D] [thread 50295] [15.0] [cxt 0] Pipeline 'ingress': start
[09:15:59.141] [bmv2] [T] [thread 50295] [15.0] [cxt 0] /home/p4/drill/drill_4_4/p4src/ecmp.p4(132) Condition "hdr.ipv4.isValid()" (node_2) is false
[09:15:59.141] [bmv2] [D] [thread 50295] [15.0] [cxt 0] Pipeline 'ingress': end
[09:15:59.141] [bmv2] [D] [thread 50295] [15.0] [cxt 0] Egress port is 0
[09:15:59.141] [bmv2] [D] [thread 50296] [15.0] [cxt 0] Pipeline 'egress': start
[09:15:59.141] [bmv2] [T] [thread 50296] [15.0] [cxt 0] Applying table 'tbl_ecmp152'
[09:15:59.141] [bmv2] [D] [thread 50296] [15.0] [cxt 0] Looking up key:

[09:15:59.141] [bmv2] [D] [thread 50296] [15.0] [cxt 0] Table 'tbl_ecmp152': miss
[09:15:59.141] [bmv2] [D] [thread 50296] [15.0] [cxt 0] Action entry is ecmp152 - 
[09:15:59.141] [bmv2] [T] [thread 50296] [15.0] [cxt 0] Action ecmp152
[09:15:59.141] [bmv2] [T] [thread 50296] [15.0] [cxt 0] /home/p4/drill/drill_4_4/p4src/ecmp.p4(152) Primitive (bit<32>)standard_metadata.egress_port
[09:15:59.141] [bmv2] [T] [thread 50296] [15.0] [cxt 0] /home/p4/drill/drill_4_4/p4src/ecmp.p4(152) Primitive q_depth_reg.read(current_q_len,(bit<32>)standard_metadata.egress_port)
[09:15:59.141] [bmv2] [T] [thread 50296] [15.0] [cxt 0] Read register 'q_depth_reg' at index 0 read value 0
[09:15:59.141] [bmv2] [T] [thread 50296] [15.0] [cxt 0] /home/p4/drill/drill_4_4/p4src/ecmp.p4(153) Condition "current_q_len > 0" (node_8) is false
[09:15:59.141] [bmv2] [D] [thread 50296] [15.0] [cxt 0] Pipeline 'egress': end
[09:15:59.141] [bmv2] [D] [thread 50296] [15.0] [cxt 0] Deparser 'deparser': start
[09:15:59.141] [bmv2] [T] [thread 50296] [15.0] [cxt 0] Skipping checksum 'cksum' update because condition not met
[09:15:59.141] [bmv2] [D] [thread 50296] [15.0] [cxt 0] Deparsing header 'ethernet'
[09:15:59.141] [bmv2] [D] [thread 50296] [15.0] [cxt 0] Deparser 'deparser': end
[09:15:59.141] [bmv2] [D] [thread 50300] [15.0] [cxt 0] Transmitting packet of size 203 out of port 0
[09:15:59.156] [bmv2] [D] [thread 50295] [16.0] [cxt 0] Processing packet received on port 1
[09:15:59.156] [bmv2] [D] [thread 50295] [16.0] [cxt 0] Parser 'parser': start
[09:15:59.156] [bmv2] [D] [thread 50295] [16.0] [cxt 0] Parser 'parser' entering state 'start'
[09:15:59.156] [bmv2] [D] [thread 50295] [16.0] [cxt 0] Extracting header 'ethernet'
[09:15:59.156] [bmv2] [D] [thread 50295] [16.0] [cxt 0] Parser state 'start': key is 86dd
[09:15:59.156] [bmv2] [T] [thread 50295] [16.0] [cxt 0] Bytes parsed: 14
[09:15:59.156] [bmv2] [D] [thread 50295] [16.0] [cxt 0] Parser 'parser': end
[09:15:59.156] [bmv2] [D] [thread 50295] [16.0] [cxt 0] Pipeline 'ingress': start
[09:15:59.156] [bmv2] [T] [thread 50295] [16.0] [cxt 0] /home/p4/drill/drill_4_4/p4src/ecmp.p4(132) Condition "hdr.ipv4.isValid()" (node_2) is false
[09:15:59.156] [bmv2] [D] [thread 50295] [16.0] [cxt 0] Pipeline 'ingress': end
[09:15:59.156] [bmv2] [D] [thread 50295] [16.0] [cxt 0] Egress port is 0
[09:15:59.157] [bmv2] [D] [thread 50296] [16.0] [cxt 0] Pipeline 'egress': start
[09:15:59.157] [bmv2] [T] [thread 50296] [16.0] [cxt 0] Applying table 'tbl_ecmp152'
[09:15:59.157] [bmv2] [D] [thread 50296] [16.0] [cxt 0] Looking up key:

[09:15:59.157] [bmv2] [D] [thread 50296] [16.0] [cxt 0] Table 'tbl_ecmp152': miss
[09:15:59.157] [bmv2] [D] [thread 50296] [16.0] [cxt 0] Action entry is ecmp152 - 
[09:15:59.157] [bmv2] [T] [thread 50296] [16.0] [cxt 0] Action ecmp152
[09:15:59.157] [bmv2] [T] [thread 50296] [16.0] [cxt 0] /home/p4/drill/drill_4_4/p4src/ecmp.p4(152) Primitive (bit<32>)standard_metadata.egress_port
[09:15:59.157] [bmv2] [T] [thread 50296] [16.0] [cxt 0] /home/p4/drill/drill_4_4/p4src/ecmp.p4(152) Primitive q_depth_reg.read(current_q_len,(bit<32>)standard_metadata.egress_port)
[09:15:59.157] [bmv2] [T] [thread 50296] [16.0] [cxt 0] Read register 'q_depth_reg' at index 0 read value 0
[09:15:59.157] [bmv2] [T] [thread 50296] [16.0] [cxt 0] /home/p4/drill/drill_4_4/p4src/ecmp.p4(153) Condition "current_q_len > 0" (node_8) is false
[09:15:59.157] [bmv2] [D] [thread 50296] [16.0] [cxt 0] Pipeline 'egress': end
[09:15:59.157] [bmv2] [D] [thread 50296] [16.0] [cxt 0] Deparser 'deparser': start
[09:15:59.157] [bmv2] [T] [thread 50296] [16.0] [cxt 0] Skipping checksum 'cksum' update because condition not met
[09:15:59.157] [bmv2] [D] [thread 50296] [16.0] [cxt 0] Deparsing header 'ethernet'
[09:15:59.157] [bmv2] [D] [thread 50296] [16.0] [cxt 0] Deparser 'deparser': end
[09:15:59.157] [bmv2] [D] [thread 50300] [16.0] [cxt 0] Transmitting packet of size 211 out of port 0
[09:15:59.157] [bmv2] [D] [thread 50295] [17.0] [cxt 0] Processing packet received on port 3
[09:15:59.157] [bmv2] [D] [thread 50295] [17.0] [cxt 0] Parser 'parser': start
[09:15:59.157] [bmv2] [D] [thread 50295] [17.0] [cxt 0] Parser 'parser' entering state 'start'
[09:15:59.157] [bmv2] [D] [thread 50295] [17.0] [cxt 0] Extracting header 'ethernet'
[09:15:59.157] [bmv2] [D] [thread 50295] [17.0] [cxt 0] Parser state 'start': key is 86dd
[09:15:59.157] [bmv2] [T] [thread 50295] [17.0] [cxt 0] Bytes parsed: 14
[09:15:59.157] [bmv2] [D] [thread 50295] [17.0] [cxt 0] Parser 'parser': end
[09:15:59.157] [bmv2] [D] [thread 50295] [17.0] [cxt 0] Pipeline 'ingress': start
[09:15:59.157] [bmv2] [T] [thread 50295] [17.0] [cxt 0] /home/p4/drill/drill_4_4/p4src/ecmp.p4(132) Condition "hdr.ipv4.isValid()" (node_2) is false
[09:15:59.157] [bmv2] [D] [thread 50295] [17.0] [cxt 0] Pipeline 'ingress': end
[09:15:59.157] [bmv2] [D] [thread 50295] [17.0] [cxt 0] Egress port is 0
[09:15:59.157] [bmv2] [D] [thread 50296] [17.0] [cxt 0] Pipeline 'egress': start
[09:15:59.157] [bmv2] [T] [thread 50296] [17.0] [cxt 0] Applying table 'tbl_ecmp152'
[09:15:59.157] [bmv2] [D] [thread 50296] [17.0] [cxt 0] Looking up key:

[09:15:59.157] [bmv2] [D] [thread 50296] [17.0] [cxt 0] Table 'tbl_ecmp152': miss
[09:15:59.157] [bmv2] [D] [thread 50296] [17.0] [cxt 0] Action entry is ecmp152 - 
[09:15:59.157] [bmv2] [T] [thread 50296] [17.0] [cxt 0] Action ecmp152
[09:15:59.157] [bmv2] [T] [thread 50296] [17.0] [cxt 0] /home/p4/drill/drill_4_4/p4src/ecmp.p4(152) Primitive (bit<32>)standard_metadata.egress_port
[09:15:59.157] [bmv2] [T] [thread 50296] [17.0] [cxt 0] /home/p4/drill/drill_4_4/p4src/ecmp.p4(152) Primitive q_depth_reg.read(current_q_len,(bit<32>)standard_metadata.egress_port)
[09:15:59.157] [bmv2] [T] [thread 50296] [17.0] [cxt 0] Read register 'q_depth_reg' at index 0 read value 0
[09:15:59.157] [bmv2] [T] [thread 50296] [17.0] [cxt 0] /home/p4/drill/drill_4_4/p4src/ecmp.p4(153) Condition "current_q_len > 0" (node_8) is false
[09:15:59.157] [bmv2] [D] [thread 50296] [17.0] [cxt 0] Pipeline 'egress': end
[09:15:59.157] [bmv2] [D] [thread 50296] [17.0] [cxt 0] Deparser 'deparser': start
[09:15:59.157] [bmv2] [T] [thread 50296] [17.0] [cxt 0] Skipping checksum 'cksum' update because condition not met
[09:15:59.157] [bmv2] [D] [thread 50296] [17.0] [cxt 0] Deparsing header 'ethernet'
[09:15:59.157] [bmv2] [D] [thread 50296] [17.0] [cxt 0] Deparser 'deparser': end
[09:15:59.157] [bmv2] [D] [thread 50300] [17.0] [cxt 0] Transmitting packet of size 211 out of port 0
[09:15:59.222] [bmv2] [D] [thread 50295] [18.0] [cxt 0] Processing packet received on port 3
[09:15:59.222] [bmv2] [D] [thread 50295] [18.0] [cxt 0] Parser 'parser': start
[09:15:59.222] [bmv2] [D] [thread 50295] [18.0] [cxt 0] Parser 'parser' entering state 'start'
[09:15:59.222] [bmv2] [D] [thread 50295] [18.0] [cxt 0] Extracting header 'ethernet'
[09:15:59.222] [bmv2] [D] [thread 50295] [18.0] [cxt 0] Parser state 'start': key is 86dd
[09:15:59.222] [bmv2] [T] [thread 50295] [18.0] [cxt 0] Bytes parsed: 14
[09:15:59.222] [bmv2] [D] [thread 50295] [18.0] [cxt 0] Parser 'parser': end
[09:15:59.222] [bmv2] [D] [thread 50295] [18.0] [cxt 0] Pipeline 'ingress': start
[09:15:59.222] [bmv2] [T] [thread 50295] [18.0] [cxt 0] /home/p4/drill/drill_4_4/p4src/ecmp.p4(132) Condition "hdr.ipv4.isValid()" (node_2) is false
[09:15:59.222] [bmv2] [D] [thread 50295] [18.0] [cxt 0] Pipeline 'ingress': end
[09:15:59.222] [bmv2] [D] [thread 50295] [18.0] [cxt 0] Egress port is 0
[09:15:59.222] [bmv2] [D] [thread 50296] [18.0] [cxt 0] Pipeline 'egress': start
[09:15:59.222] [bmv2] [T] [thread 50296] [18.0] [cxt 0] Applying table 'tbl_ecmp152'
[09:15:59.222] [bmv2] [D] [thread 50296] [18.0] [cxt 0] Looking up key:

[09:15:59.222] [bmv2] [D] [thread 50296] [18.0] [cxt 0] Table 'tbl_ecmp152': miss
[09:15:59.222] [bmv2] [D] [thread 50296] [18.0] [cxt 0] Action entry is ecmp152 - 
[09:15:59.222] [bmv2] [T] [thread 50296] [18.0] [cxt 0] Action ecmp152
[09:15:59.222] [bmv2] [T] [thread 50296] [18.0] [cxt 0] /home/p4/drill/drill_4_4/p4src/ecmp.p4(152) Primitive (bit<32>)standard_metadata.egress_port
[09:15:59.222] [bmv2] [T] [thread 50296] [18.0] [cxt 0] /home/p4/drill/drill_4_4/p4src/ecmp.p4(152) Primitive q_depth_reg.read(current_q_len,(bit<32>)standard_metadata.egress_port)
[09:15:59.222] [bmv2] [T] [thread 50296] [18.0] [cxt 0] Read register 'q_depth_reg' at index 0 read value 0
[09:15:59.222] [bmv2] [T] [thread 50296] [18.0] [cxt 0] /home/p4/drill/drill_4_4/p4src/ecmp.p4(153) Condition "current_q_len > 0" (node_8) is false
[09:15:59.222] [bmv2] [D] [thread 50296] [18.0] [cxt 0] Pipeline 'egress': end
[09:15:59.222] [bmv2] [D] [thread 50296] [18.0] [cxt 0] Deparser 'deparser': start
[09:15:59.222] [bmv2] [T] [thread 50296] [18.0] [cxt 0] Skipping checksum 'cksum' update because condition not met
[09:15:59.222] [bmv2] [D] [thread 50296] [18.0] [cxt 0] Deparsing header 'ethernet'
[09:15:59.222] [bmv2] [D] [thread 50296] [18.0] [cxt 0] Deparser 'deparser': end
[09:15:59.222] [bmv2] [D] [thread 50300] [18.0] [cxt 0] Transmitting packet of size 211 out of port 0
[09:15:59.225] [bmv2] [D] [thread 50295] [19.0] [cxt 0] Processing packet received on port 2
[09:15:59.226] [bmv2] [D] [thread 50295] [19.0] [cxt 0] Parser 'parser': start
[09:15:59.226] [bmv2] [D] [thread 50295] [19.0] [cxt 0] Parser 'parser' entering state 'start'
[09:15:59.226] [bmv2] [D] [thread 50295] [19.0] [cxt 0] Extracting header 'ethernet'
[09:15:59.226] [bmv2] [D] [thread 50295] [19.0] [cxt 0] Parser state 'start': key is 86dd
[09:15:59.226] [bmv2] [T] [thread 50295] [19.0] [cxt 0] Bytes parsed: 14
[09:15:59.226] [bmv2] [D] [thread 50295] [19.0] [cxt 0] Parser 'parser': end
[09:15:59.226] [bmv2] [D] [thread 50295] [19.0] [cxt 0] Pipeline 'ingress': start
[09:15:59.226] [bmv2] [T] [thread 50295] [19.0] [cxt 0] /home/p4/drill/drill_4_4/p4src/ecmp.p4(132) Condition "hdr.ipv4.isValid()" (node_2) is false
[09:15:59.226] [bmv2] [D] [thread 50295] [19.0] [cxt 0] Pipeline 'ingress': end
[09:15:59.226] [bmv2] [D] [thread 50295] [19.0] [cxt 0] Egress port is 0
[09:15:59.226] [bmv2] [D] [thread 50296] [19.0] [cxt 0] Pipeline 'egress': start
[09:15:59.226] [bmv2] [T] [thread 50296] [19.0] [cxt 0] Applying table 'tbl_ecmp152'
[09:15:59.226] [bmv2] [D] [thread 50296] [19.0] [cxt 0] Looking up key:

[09:15:59.226] [bmv2] [D] [thread 50296] [19.0] [cxt 0] Table 'tbl_ecmp152': miss
[09:15:59.226] [bmv2] [D] [thread 50296] [19.0] [cxt 0] Action entry is ecmp152 - 
[09:15:59.226] [bmv2] [T] [thread 50296] [19.0] [cxt 0] Action ecmp152
[09:15:59.226] [bmv2] [T] [thread 50296] [19.0] [cxt 0] /home/p4/drill/drill_4_4/p4src/ecmp.p4(152) Primitive (bit<32>)standard_metadata.egress_port
[09:15:59.226] [bmv2] [T] [thread 50296] [19.0] [cxt 0] /home/p4/drill/drill_4_4/p4src/ecmp.p4(152) Primitive q_depth_reg.read(current_q_len,(bit<32>)standard_metadata.egress_port)
[09:15:59.226] [bmv2] [T] [thread 50296] [19.0] [cxt 0] Read register 'q_depth_reg' at index 0 read value 0
[09:15:59.226] [bmv2] [T] [thread 50296] [19.0] [cxt 0] /home/p4/drill/drill_4_4/p4src/ecmp.p4(153) Condition "current_q_len > 0" (node_8) is false
[09:15:59.226] [bmv2] [D] [thread 50296] [19.0] [cxt 0] Pipeline 'egress': end
[09:15:59.226] [bmv2] [D] [thread 50296] [19.0] [cxt 0] Deparser 'deparser': start
[09:15:59.226] [bmv2] [T] [thread 50296] [19.0] [cxt 0] Skipping checksum 'cksum' update because condition not met
[09:15:59.226] [bmv2] [D] [thread 50296] [19.0] [cxt 0] Deparsing header 'ethernet'
[09:15:59.226] [bmv2] [D] [thread 50296] [19.0] [cxt 0] Deparser 'deparser': end
[09:15:59.226] [bmv2] [D] [thread 50300] [19.0] [cxt 0] Transmitting packet of size 211 out of port 0
[09:15:59.267] [bmv2] [D] [thread 50295] [20.0] [cxt 0] Processing packet received on port 2
[09:15:59.267] [bmv2] [D] [thread 50295] [20.0] [cxt 0] Parser 'parser': start
[09:15:59.267] [bmv2] [D] [thread 50295] [20.0] [cxt 0] Parser 'parser' entering state 'start'
[09:15:59.267] [bmv2] [D] [thread 50295] [20.0] [cxt 0] Extracting header 'ethernet'
[09:15:59.267] [bmv2] [D] [thread 50295] [20.0] [cxt 0] Parser state 'start': key is 86dd
[09:15:59.267] [bmv2] [T] [thread 50295] [20.0] [cxt 0] Bytes parsed: 14
[09:15:59.267] [bmv2] [D] [thread 50295] [20.0] [cxt 0] Parser 'parser': end
[09:15:59.267] [bmv2] [D] [thread 50295] [20.0] [cxt 0] Pipeline 'ingress': start
[09:15:59.267] [bmv2] [T] [thread 50295] [20.0] [cxt 0] /home/p4/drill/drill_4_4/p4src/ecmp.p4(132) Condition "hdr.ipv4.isValid()" (node_2) is false
[09:15:59.267] [bmv2] [D] [thread 50295] [20.0] [cxt 0] Pipeline 'ingress': end
[09:15:59.267] [bmv2] [D] [thread 50295] [20.0] [cxt 0] Egress port is 0
[09:15:59.268] [bmv2] [D] [thread 50296] [20.0] [cxt 0] Pipeline 'egress': start
[09:15:59.268] [bmv2] [T] [thread 50296] [20.0] [cxt 0] Applying table 'tbl_ecmp152'
[09:15:59.268] [bmv2] [D] [thread 50296] [20.0] [cxt 0] Looking up key:

[09:15:59.268] [bmv2] [D] [thread 50296] [20.0] [cxt 0] Table 'tbl_ecmp152': miss
[09:15:59.268] [bmv2] [D] [thread 50296] [20.0] [cxt 0] Action entry is ecmp152 - 
[09:15:59.268] [bmv2] [T] [thread 50296] [20.0] [cxt 0] Action ecmp152
[09:15:59.268] [bmv2] [T] [thread 50296] [20.0] [cxt 0] /home/p4/drill/drill_4_4/p4src/ecmp.p4(152) Primitive (bit<32>)standard_metadata.egress_port
[09:15:59.268] [bmv2] [T] [thread 50296] [20.0] [cxt 0] /home/p4/drill/drill_4_4/p4src/ecmp.p4(152) Primitive q_depth_reg.read(current_q_len,(bit<32>)standard_metadata.egress_port)
[09:15:59.268] [bmv2] [T] [thread 50296] [20.0] [cxt 0] Read register 'q_depth_reg' at index 0 read value 0
[09:15:59.268] [bmv2] [T] [thread 50296] [20.0] [cxt 0] /home/p4/drill/drill_4_4/p4src/ecmp.p4(153) Condition "current_q_len > 0" (node_8) is false
[09:15:59.268] [bmv2] [D] [thread 50296] [20.0] [cxt 0] Pipeline 'egress': end
[09:15:59.268] [bmv2] [D] [thread 50296] [20.0] [cxt 0] Deparser 'deparser': start
[09:15:59.268] [bmv2] [T] [thread 50296] [20.0] [cxt 0] Skipping checksum 'cksum' update because condition not met
[09:15:59.268] [bmv2] [D] [thread 50296] [20.0] [cxt 0] Deparsing header 'ethernet'
[09:15:59.268] [bmv2] [D] [thread 50296] [20.0] [cxt 0] Deparser 'deparser': end
[09:15:59.268] [bmv2] [D] [thread 50300] [20.0] [cxt 0] Transmitting packet of size 90 out of port 0
[09:15:59.306] [bmv2] [D] [thread 50295] [21.0] [cxt 0] Processing packet received on port 3
[09:15:59.306] [bmv2] [D] [thread 50295] [21.0] [cxt 0] Parser 'parser': start
[09:15:59.306] [bmv2] [D] [thread 50295] [21.0] [cxt 0] Parser 'parser' entering state 'start'
[09:15:59.306] [bmv2] [D] [thread 50295] [21.0] [cxt 0] Extracting header 'ethernet'
[09:15:59.307] [bmv2] [D] [thread 50295] [21.0] [cxt 0] Parser state 'start': key is 86dd
[09:15:59.307] [bmv2] [T] [thread 50295] [21.0] [cxt 0] Bytes parsed: 14
[09:15:59.307] [bmv2] [D] [thread 50295] [21.0] [cxt 0] Parser 'parser': end
[09:15:59.307] [bmv2] [D] [thread 50295] [21.0] [cxt 0] Pipeline 'ingress': start
[09:15:59.307] [bmv2] [T] [thread 50295] [21.0] [cxt 0] /home/p4/drill/drill_4_4/p4src/ecmp.p4(132) Condition "hdr.ipv4.isValid()" (node_2) is false
[09:15:59.307] [bmv2] [D] [thread 50295] [21.0] [cxt 0] Pipeline 'ingress': end
[09:15:59.307] [bmv2] [D] [thread 50295] [21.0] [cxt 0] Egress port is 0
[09:15:59.307] [bmv2] [D] [thread 50296] [21.0] [cxt 0] Pipeline 'egress': start
[09:15:59.307] [bmv2] [T] [thread 50296] [21.0] [cxt 0] Applying table 'tbl_ecmp152'
[09:15:59.307] [bmv2] [D] [thread 50296] [21.0] [cxt 0] Looking up key:

[09:15:59.307] [bmv2] [D] [thread 50296] [21.0] [cxt 0] Table 'tbl_ecmp152': miss
[09:15:59.307] [bmv2] [D] [thread 50296] [21.0] [cxt 0] Action entry is ecmp152 - 
[09:15:59.307] [bmv2] [T] [thread 50296] [21.0] [cxt 0] Action ecmp152
[09:15:59.307] [bmv2] [T] [thread 50296] [21.0] [cxt 0] /home/p4/drill/drill_4_4/p4src/ecmp.p4(152) Primitive (bit<32>)standard_metadata.egress_port
[09:15:59.307] [bmv2] [T] [thread 50296] [21.0] [cxt 0] /home/p4/drill/drill_4_4/p4src/ecmp.p4(152) Primitive q_depth_reg.read(current_q_len,(bit<32>)standard_metadata.egress_port)
[09:15:59.307] [bmv2] [T] [thread 50296] [21.0] [cxt 0] Read register 'q_depth_reg' at index 0 read value 0
[09:15:59.307] [bmv2] [T] [thread 50296] [21.0] [cxt 0] /home/p4/drill/drill_4_4/p4src/ecmp.p4(153) Condition "current_q_len > 0" (node_8) is false
[09:15:59.307] [bmv2] [D] [thread 50296] [21.0] [cxt 0] Pipeline 'egress': end
[09:15:59.307] [bmv2] [D] [thread 50296] [21.0] [cxt 0] Deparser 'deparser': start
[09:15:59.307] [bmv2] [T] [thread 50296] [21.0] [cxt 0] Skipping checksum 'cksum' update because condition not met
[09:15:59.307] [bmv2] [D] [thread 50296] [21.0] [cxt 0] Deparsing header 'ethernet'
[09:15:59.307] [bmv2] [D] [thread 50296] [21.0] [cxt 0] Deparser 'deparser': end
[09:15:59.307] [bmv2] [D] [thread 50300] [21.0] [cxt 0] Transmitting packet of size 110 out of port 0
[09:15:59.358] [bmv2] [D] [thread 50295] [22.0] [cxt 0] Processing packet received on port 2
[09:15:59.358] [bmv2] [D] [thread 50295] [22.0] [cxt 0] Parser 'parser': start
[09:15:59.358] [bmv2] [D] [thread 50295] [22.0] [cxt 0] Parser 'parser' entering state 'start'
[09:15:59.358] [bmv2] [D] [thread 50295] [22.0] [cxt 0] Extracting header 'ethernet'
[09:15:59.358] [bmv2] [D] [thread 50295] [22.0] [cxt 0] Parser state 'start': key is 86dd
[09:15:59.358] [bmv2] [T] [thread 50295] [22.0] [cxt 0] Bytes parsed: 14
[09:15:59.358] [bmv2] [D] [thread 50295] [22.0] [cxt 0] Parser 'parser': end
[09:15:59.358] [bmv2] [D] [thread 50295] [22.0] [cxt 0] Pipeline 'ingress': start
[09:15:59.358] [bmv2] [T] [thread 50295] [22.0] [cxt 0] /home/p4/drill/drill_4_4/p4src/ecmp.p4(132) Condition "hdr.ipv4.isValid()" (node_2) is false
[09:15:59.358] [bmv2] [D] [thread 50295] [22.0] [cxt 0] Pipeline 'ingress': end
[09:15:59.358] [bmv2] [D] [thread 50295] [22.0] [cxt 0] Egress port is 0
[09:15:59.358] [bmv2] [D] [thread 50295] [23.0] [cxt 0] Processing packet received on port 4
[09:15:59.358] [bmv2] [D] [thread 50295] [23.0] [cxt 0] Parser 'parser': start
[09:15:59.358] [bmv2] [D] [thread 50295] [23.0] [cxt 0] Parser 'parser' entering state 'start'
[09:15:59.358] [bmv2] [D] [thread 50295] [23.0] [cxt 0] Extracting header 'ethernet'
[09:15:59.358] [bmv2] [D] [thread 50295] [23.0] [cxt 0] Parser state 'start': key is 86dd
[09:15:59.358] [bmv2] [T] [thread 50295] [23.0] [cxt 0] Bytes parsed: 14
[09:15:59.358] [bmv2] [D] [thread 50295] [23.0] [cxt 0] Parser 'parser': end
[09:15:59.358] [bmv2] [D] [thread 50295] [23.0] [cxt 0] Pipeline 'ingress': start
[09:15:59.358] [bmv2] [T] [thread 50295] [23.0] [cxt 0] /home/p4/drill/drill_4_4/p4src/ecmp.p4(132) Condition "hdr.ipv4.isValid()" (node_2) is false
[09:15:59.358] [bmv2] [D] [thread 50295] [23.0] [cxt 0] Pipeline 'ingress': end
[09:15:59.358] [bmv2] [D] [thread 50295] [23.0] [cxt 0] Egress port is 0
[09:15:59.358] [bmv2] [D] [thread 50295] [24.0] [cxt 0] Processing packet received on port 2
[09:15:59.358] [bmv2] [D] [thread 50295] [24.0] [cxt 0] Parser 'parser': start
[09:15:59.358] [bmv2] [D] [thread 50295] [24.0] [cxt 0] Parser 'parser' entering state 'start'
[09:15:59.358] [bmv2] [D] [thread 50295] [24.0] [cxt 0] Extracting header 'ethernet'
[09:15:59.358] [bmv2] [D] [thread 50296] [22.0] [cxt 0] Pipeline 'egress': start
[09:15:59.358] [bmv2] [T] [thread 50296] [22.0] [cxt 0] Applying table 'tbl_ecmp152'
[09:15:59.358] [bmv2] [D] [thread 50296] [22.0] [cxt 0] Looking up key:

[09:15:59.358] [bmv2] [D] [thread 50296] [22.0] [cxt 0] Table 'tbl_ecmp152': miss
[09:15:59.358] [bmv2] [D] [thread 50296] [22.0] [cxt 0] Action entry is ecmp152 - 
[09:15:59.358] [bmv2] [T] [thread 50296] [22.0] [cxt 0] Action ecmp152
[09:15:59.358] [bmv2] [T] [thread 50296] [22.0] [cxt 0] /home/p4/drill/drill_4_4/p4src/ecmp.p4(152) Primitive (bit<32>)standard_metadata.egress_port
[09:15:59.358] [bmv2] [T] [thread 50296] [22.0] [cxt 0] /home/p4/drill/drill_4_4/p4src/ecmp.p4(152) Primitive q_depth_reg.read(current_q_len,(bit<32>)standard_metadata.egress_port)
[09:15:59.358] [bmv2] [T] [thread 50296] [22.0] [cxt 0] Read register 'q_depth_reg' at index 0 read value 0
[09:15:59.358] [bmv2] [T] [thread 50296] [22.0] [cxt 0] /home/p4/drill/drill_4_4/p4src/ecmp.p4(153) Condition "current_q_len > 0" (node_8) is false
[09:15:59.358] [bmv2] [D] [thread 50296] [22.0] [cxt 0] Pipeline 'egress': end
[09:15:59.358] [bmv2] [D] [thread 50296] [22.0] [cxt 0] Deparser 'deparser': start
[09:15:59.358] [bmv2] [T] [thread 50296] [22.0] [cxt 0] Skipping checksum 'cksum' update because condition not met
[09:15:59.358] [bmv2] [D] [thread 50296] [22.0] [cxt 0] Deparsing header 'ethernet'
[09:15:59.358] [bmv2] [D] [thread 50296] [22.0] [cxt 0] Deparser 'deparser': end
[09:15:59.358] [bmv2] [D] [thread 50296] [23.0] [cxt 0] Pipeline 'egress': start
[09:15:59.358] [bmv2] [T] [thread 50296] [23.0] [cxt 0] Applying table 'tbl_ecmp152'
[09:15:59.358] [bmv2] [D] [thread 50296] [23.0] [cxt 0] Looking up key:

[09:15:59.358] [bmv2] [D] [thread 50296] [23.0] [cxt 0] Table 'tbl_ecmp152': miss
[09:15:59.358] [bmv2] [D] [thread 50296] [23.0] [cxt 0] Action entry is ecmp152 - 
[09:15:59.358] [bmv2] [T] [thread 50296] [23.0] [cxt 0] Action ecmp152
[09:15:59.358] [bmv2] [T] [thread 50296] [23.0] [cxt 0] /home/p4/drill/drill_4_4/p4src/ecmp.p4(152) Primitive (bit<32>)standard_metadata.egress_port
[09:15:59.358] [bmv2] [T] [thread 50296] [23.0] [cxt 0] /home/p4/drill/drill_4_4/p4src/ecmp.p4(152) Primitive q_depth_reg.read(current_q_len,(bit<32>)standard_metadata.egress_port)
[09:15:59.358] [bmv2] [T] [thread 50296] [23.0] [cxt 0] Read register 'q_depth_reg' at index 0 read value 0
[09:15:59.358] [bmv2] [T] [thread 50296] [23.0] [cxt 0] /home/p4/drill/drill_4_4/p4src/ecmp.p4(153) Condition "current_q_len > 0" (node_8) is false
[09:15:59.358] [bmv2] [D] [thread 50296] [23.0] [cxt 0] Pipeline 'egress': end
[09:15:59.358] [bmv2] [D] [thread 50296] [23.0] [cxt 0] Deparser 'deparser': start
[09:15:59.358] [bmv2] [T] [thread 50296] [23.0] [cxt 0] Skipping checksum 'cksum' update because condition not met
[09:15:59.358] [bmv2] [D] [thread 50296] [23.0] [cxt 0] Deparsing header 'ethernet'
[09:15:59.358] [bmv2] [D] [thread 50296] [23.0] [cxt 0] Deparser 'deparser': end
[09:15:59.358] [bmv2] [D] [thread 50295] [24.0] [cxt 0] Parser state 'start': key is 86dd
[09:15:59.359] [bmv2] [T] [thread 50295] [24.0] [cxt 0] Bytes parsed: 14
[09:15:59.359] [bmv2] [D] [thread 50295] [24.0] [cxt 0] Parser 'parser': end
[09:15:59.359] [bmv2] [D] [thread 50295] [24.0] [cxt 0] Pipeline 'ingress': start
[09:15:59.359] [bmv2] [T] [thread 50295] [24.0] [cxt 0] /home/p4/drill/drill_4_4/p4src/ecmp.p4(132) Condition "hdr.ipv4.isValid()" (node_2) is false
[09:15:59.359] [bmv2] [D] [thread 50295] [24.0] [cxt 0] Pipeline 'ingress': end
[09:15:59.359] [bmv2] [D] [thread 50295] [24.0] [cxt 0] Egress port is 0
[09:15:59.359] [bmv2] [D] [thread 50295] [25.0] [cxt 0] Processing packet received on port 4
[09:15:59.359] [bmv2] [D] [thread 50295] [25.0] [cxt 0] Parser 'parser': start
[09:15:59.359] [bmv2] [D] [thread 50295] [25.0] [cxt 0] Parser 'parser' entering state 'start'
[09:15:59.359] [bmv2] [D] [thread 50295] [25.0] [cxt 0] Extracting header 'ethernet'
[09:15:59.359] [bmv2] [D] [thread 50295] [25.0] [cxt 0] Parser state 'start': key is 86dd
[09:15:59.359] [bmv2] [T] [thread 50295] [25.0] [cxt 0] Bytes parsed: 14
[09:15:59.359] [bmv2] [D] [thread 50295] [25.0] [cxt 0] Parser 'parser': end
[09:15:59.359] [bmv2] [D] [thread 50300] [22.0] [cxt 0] Transmitting packet of size 90 out of port 0
[09:15:59.359] [bmv2] [D] [thread 50300] [23.0] [cxt 0] Transmitting packet of size 90 out of port 0
[09:15:59.359] [bmv2] [D] [thread 50296] [24.0] [cxt 0] Pipeline 'egress': start
[09:15:59.359] [bmv2] [T] [thread 50296] [24.0] [cxt 0] Applying table 'tbl_ecmp152'
[09:15:59.359] [bmv2] [D] [thread 50296] [24.0] [cxt 0] Looking up key:

[09:15:59.359] [bmv2] [D] [thread 50296] [24.0] [cxt 0] Table 'tbl_ecmp152': miss
[09:15:59.359] [bmv2] [D] [thread 50296] [24.0] [cxt 0] Action entry is ecmp152 - 
[09:15:59.359] [bmv2] [T] [thread 50296] [24.0] [cxt 0] Action ecmp152
[09:15:59.359] [bmv2] [T] [thread 50296] [24.0] [cxt 0] /home/p4/drill/drill_4_4/p4src/ecmp.p4(152) Primitive (bit<32>)standard_metadata.egress_port
[09:15:59.359] [bmv2] [T] [thread 50296] [24.0] [cxt 0] /home/p4/drill/drill_4_4/p4src/ecmp.p4(152) Primitive q_depth_reg.read(current_q_len,(bit<32>)standard_metadata.egress_port)
[09:15:59.359] [bmv2] [T] [thread 50296] [24.0] [cxt 0] Read register 'q_depth_reg' at index 0 read value 0
[09:15:59.360] [bmv2] [T] [thread 50296] [24.0] [cxt 0] /home/p4/drill/drill_4_4/p4src/ecmp.p4(153) Condition "current_q_len > 0" (node_8) is false
[09:15:59.360] [bmv2] [D] [thread 50296] [24.0] [cxt 0] Pipeline 'egress': end
[09:15:59.360] [bmv2] [D] [thread 50296] [24.0] [cxt 0] Deparser 'deparser': start
[09:15:59.360] [bmv2] [T] [thread 50296] [24.0] [cxt 0] Skipping checksum 'cksum' update because condition not met
[09:15:59.360] [bmv2] [D] [thread 50296] [24.0] [cxt 0] Deparsing header 'ethernet'
[09:15:59.360] [bmv2] [D] [thread 50296] [24.0] [cxt 0] Deparser 'deparser': end
[09:15:59.361] [bmv2] [D] [thread 50300] [24.0] [cxt 0] Transmitting packet of size 70 out of port 0
[09:15:59.359] [bmv2] [D] [thread 50295] [25.0] [cxt 0] Pipeline 'ingress': start
[09:15:59.361] [bmv2] [T] [thread 50295] [25.0] [cxt 0] /home/p4/drill/drill_4_4/p4src/ecmp.p4(132) Condition "hdr.ipv4.isValid()" (node_2) is false
[09:15:59.361] [bmv2] [D] [thread 50295] [25.0] [cxt 0] Pipeline 'ingress': end
[09:15:59.361] [bmv2] [D] [thread 50295] [25.0] [cxt 0] Egress port is 0
[09:15:59.361] [bmv2] [D] [thread 50295] [26.0] [cxt 0] Processing packet received on port 2
[09:15:59.361] [bmv2] [D] [thread 50295] [26.0] [cxt 0] Parser 'parser': start
[09:15:59.361] [bmv2] [D] [thread 50295] [26.0] [cxt 0] Parser 'parser' entering state 'start'
[09:15:59.361] [bmv2] [D] [thread 50295] [26.0] [cxt 0] Extracting header 'ethernet'
[09:15:59.361] [bmv2] [D] [thread 50295] [26.0] [cxt 0] Parser state 'start': key is 86dd
[09:15:59.361] [bmv2] [T] [thread 50295] [26.0] [cxt 0] Bytes parsed: 14
[09:15:59.361] [bmv2] [D] [thread 50295] [26.0] [cxt 0] Parser 'parser': end
[09:15:59.361] [bmv2] [D] [thread 50295] [26.0] [cxt 0] Pipeline 'ingress': start
[09:15:59.361] [bmv2] [T] [thread 50295] [26.0] [cxt 0] /home/p4/drill/drill_4_4/p4src/ecmp.p4(132) Condition "hdr.ipv4.isValid()" (node_2) is false
[09:15:59.361] [bmv2] [D] [thread 50295] [26.0] [cxt 0] Pipeline 'ingress': end
[09:15:59.361] [bmv2] [D] [thread 50295] [26.0] [cxt 0] Egress port is 0
[09:15:59.361] [bmv2] [D] [thread 50295] [27.0] [cxt 0] Processing packet received on port 4
[09:15:59.361] [bmv2] [D] [thread 50295] [27.0] [cxt 0] Parser 'parser': start
[09:15:59.361] [bmv2] [D] [thread 50295] [27.0] [cxt 0] Parser 'parser' entering state 'start'
[09:15:59.361] [bmv2] [D] [thread 50295] [27.0] [cxt 0] Extracting header 'ethernet'
[09:15:59.361] [bmv2] [D] [thread 50295] [27.0] [cxt 0] Parser state 'start': key is 86dd
[09:15:59.361] [bmv2] [T] [thread 50295] [27.0] [cxt 0] Bytes parsed: 14
[09:15:59.361] [bmv2] [D] [thread 50295] [27.0] [cxt 0] Parser 'parser': end
[09:15:59.361] [bmv2] [D] [thread 50295] [27.0] [cxt 0] Pipeline 'ingress': start
[09:15:59.361] [bmv2] [T] [thread 50295] [27.0] [cxt 0] /home/p4/drill/drill_4_4/p4src/ecmp.p4(132) Condition "hdr.ipv4.isValid()" (node_2) is false
[09:15:59.361] [bmv2] [D] [thread 50295] [27.0] [cxt 0] Pipeline 'ingress': end
[09:15:59.361] [bmv2] [D] [thread 50295] [27.0] [cxt 0] Egress port is 0
[09:15:59.362] [bmv2] [D] [thread 50296] [25.0] [cxt 0] Pipeline 'egress': start
[09:15:59.362] [bmv2] [T] [thread 50296] [25.0] [cxt 0] Applying table 'tbl_ecmp152'
[09:15:59.362] [bmv2] [D] [thread 50296] [25.0] [cxt 0] Looking up key:

[09:15:59.362] [bmv2] [D] [thread 50296] [25.0] [cxt 0] Table 'tbl_ecmp152': miss
[09:15:59.362] [bmv2] [D] [thread 50296] [25.0] [cxt 0] Action entry is ecmp152 - 
[09:15:59.362] [bmv2] [T] [thread 50296] [25.0] [cxt 0] Action ecmp152
[09:15:59.362] [bmv2] [T] [thread 50296] [25.0] [cxt 0] /home/p4/drill/drill_4_4/p4src/ecmp.p4(152) Primitive (bit<32>)standard_metadata.egress_port
[09:15:59.362] [bmv2] [T] [thread 50296] [25.0] [cxt 0] /home/p4/drill/drill_4_4/p4src/ecmp.p4(152) Primitive q_depth_reg.read(current_q_len,(bit<32>)standard_metadata.egress_port)
[09:15:59.362] [bmv2] [T] [thread 50296] [25.0] [cxt 0] Read register 'q_depth_reg' at index 0 read value 0
[09:15:59.362] [bmv2] [T] [thread 50296] [25.0] [cxt 0] /home/p4/drill/drill_4_4/p4src/ecmp.p4(153) Condition "current_q_len > 0" (node_8) is false
[09:15:59.363] [bmv2] [D] [thread 50296] [25.0] [cxt 0] Pipeline 'egress': end
[09:15:59.363] [bmv2] [D] [thread 50296] [25.0] [cxt 0] Deparser 'deparser': start
[09:15:59.363] [bmv2] [T] [thread 50296] [25.0] [cxt 0] Skipping checksum 'cksum' update because condition not met
[09:15:59.363] [bmv2] [D] [thread 50296] [25.0] [cxt 0] Deparsing header 'ethernet'
[09:15:59.363] [bmv2] [D] [thread 50296] [25.0] [cxt 0] Deparser 'deparser': end
[09:15:59.363] [bmv2] [D] [thread 50296] [26.0] [cxt 0] Pipeline 'egress': start
[09:15:59.363] [bmv2] [T] [thread 50296] [26.0] [cxt 0] Applying table 'tbl_ecmp152'
[09:15:59.363] [bmv2] [D] [thread 50296] [26.0] [cxt 0] Looking up key:

[09:15:59.363] [bmv2] [D] [thread 50296] [26.0] [cxt 0] Table 'tbl_ecmp152': miss
[09:15:59.363] [bmv2] [D] [thread 50296] [26.0] [cxt 0] Action entry is ecmp152 - 
[09:15:59.363] [bmv2] [T] [thread 50296] [26.0] [cxt 0] Action ecmp152
[09:15:59.363] [bmv2] [T] [thread 50296] [26.0] [cxt 0] /home/p4/drill/drill_4_4/p4src/ecmp.p4(152) Primitive (bit<32>)standard_metadata.egress_port
[09:15:59.363] [bmv2] [T] [thread 50296] [26.0] [cxt 0] /home/p4/drill/drill_4_4/p4src/ecmp.p4(152) Primitive q_depth_reg.read(current_q_len,(bit<32>)standard_metadata.egress_port)
[09:15:59.363] [bmv2] [T] [thread 50296] [26.0] [cxt 0] Read register 'q_depth_reg' at index 0 read value 0
[09:15:59.363] [bmv2] [T] [thread 50296] [26.0] [cxt 0] /home/p4/drill/drill_4_4/p4src/ecmp.p4(153) Condition "current_q_len > 0" (node_8) is false
[09:15:59.363] [bmv2] [D] [thread 50296] [26.0] [cxt 0] Pipeline 'egress': end
[09:15:59.363] [bmv2] [D] [thread 50296] [26.0] [cxt 0] Deparser 'deparser': start
[09:15:59.363] [bmv2] [T] [thread 50296] [26.0] [cxt 0] Skipping checksum 'cksum' update because condition not met
[09:15:59.363] [bmv2] [D] [thread 50296] [26.0] [cxt 0] Deparsing header 'ethernet'
[09:15:59.363] [bmv2] [D] [thread 50296] [26.0] [cxt 0] Deparser 'deparser': end
[09:15:59.363] [bmv2] [D] [thread 50296] [27.0] [cxt 0] Pipeline 'egress': start
[09:15:59.363] [bmv2] [T] [thread 50296] [27.0] [cxt 0] Applying table 'tbl_ecmp152'
[09:15:59.363] [bmv2] [D] [thread 50296] [27.0] [cxt 0] Looking up key:

[09:15:59.363] [bmv2] [D] [thread 50296] [27.0] [cxt 0] Table 'tbl_ecmp152': miss
[09:15:59.363] [bmv2] [D] [thread 50296] [27.0] [cxt 0] Action entry is ecmp152 - 
[09:15:59.363] [bmv2] [T] [thread 50296] [27.0] [cxt 0] Action ecmp152
[09:15:59.363] [bmv2] [T] [thread 50296] [27.0] [cxt 0] /home/p4/drill/drill_4_4/p4src/ecmp.p4(152) Primitive (bit<32>)standard_metadata.egress_port
[09:15:59.363] [bmv2] [T] [thread 50296] [27.0] [cxt 0] /home/p4/drill/drill_4_4/p4src/ecmp.p4(152) Primitive q_depth_reg.read(current_q_len,(bit<32>)standard_metadata.egress_port)
[09:15:59.363] [bmv2] [T] [thread 50296] [27.0] [cxt 0] Read register 'q_depth_reg' at index 0 read value 0
[09:15:59.363] [bmv2] [T] [thread 50296] [27.0] [cxt 0] /home/p4/drill/drill_4_4/p4src/ecmp.p4(153) Condition "current_q_len > 0" (node_8) is false
[09:15:59.363] [bmv2] [D] [thread 50296] [27.0] [cxt 0] Pipeline 'egress': end
[09:15:59.363] [bmv2] [D] [thread 50296] [27.0] [cxt 0] Deparser 'deparser': start
[09:15:59.363] [bmv2] [T] [thread 50296] [27.0] [cxt 0] Skipping checksum 'cksum' update because condition not met
[09:15:59.363] [bmv2] [D] [thread 50296] [27.0] [cxt 0] Deparsing header 'ethernet'
[09:15:59.363] [bmv2] [D] [thread 50296] [27.0] [cxt 0] Deparser 'deparser': end
[09:15:59.363] [bmv2] [D] [thread 50300] [25.0] [cxt 0] Transmitting packet of size 70 out of port 0
[09:15:59.363] [bmv2] [D] [thread 50300] [26.0] [cxt 0] Transmitting packet of size 90 out of port 0
[09:15:59.363] [bmv2] [D] [thread 50300] [27.0] [cxt 0] Transmitting packet of size 90 out of port 0
[09:15:59.406] [bmv2] [D] [thread 50295] [28.0] [cxt 0] Processing packet received on port 3
[09:15:59.406] [bmv2] [D] [thread 50295] [28.0] [cxt 0] Parser 'parser': start
[09:15:59.406] [bmv2] [D] [thread 50295] [28.0] [cxt 0] Parser 'parser' entering state 'start'
[09:15:59.406] [bmv2] [D] [thread 50295] [28.0] [cxt 0] Extracting header 'ethernet'
[09:15:59.406] [bmv2] [D] [thread 50295] [28.0] [cxt 0] Parser state 'start': key is 86dd
[09:15:59.406] [bmv2] [T] [thread 50295] [28.0] [cxt 0] Bytes parsed: 14
[09:15:59.406] [bmv2] [D] [thread 50295] [28.0] [cxt 0] Parser 'parser': end
[09:15:59.406] [bmv2] [D] [thread 50295] [28.0] [cxt 0] Pipeline 'ingress': start
[09:15:59.406] [bmv2] [T] [thread 50295] [28.0] [cxt 0] /home/p4/drill/drill_4_4/p4src/ecmp.p4(132) Condition "hdr.ipv4.isValid()" (node_2) is false
[09:15:59.406] [bmv2] [D] [thread 50295] [28.0] [cxt 0] Pipeline 'ingress': end
[09:15:59.406] [bmv2] [D] [thread 50295] [28.0] [cxt 0] Egress port is 0
[09:15:59.408] [bmv2] [D] [thread 50296] [28.0] [cxt 0] Pipeline 'egress': start
[09:15:59.408] [bmv2] [T] [thread 50296] [28.0] [cxt 0] Applying table 'tbl_ecmp152'
[09:15:59.408] [bmv2] [D] [thread 50296] [28.0] [cxt 0] Looking up key:

[09:15:59.408] [bmv2] [D] [thread 50296] [28.0] [cxt 0] Table 'tbl_ecmp152': miss
[09:15:59.408] [bmv2] [D] [thread 50296] [28.0] [cxt 0] Action entry is ecmp152 - 
[09:15:59.408] [bmv2] [T] [thread 50296] [28.0] [cxt 0] Action ecmp152
[09:15:59.408] [bmv2] [T] [thread 50296] [28.0] [cxt 0] /home/p4/drill/drill_4_4/p4src/ecmp.p4(152) Primitive (bit<32>)standard_metadata.egress_port
[09:15:59.408] [bmv2] [T] [thread 50296] [28.0] [cxt 0] /home/p4/drill/drill_4_4/p4src/ecmp.p4(152) Primitive q_depth_reg.read(current_q_len,(bit<32>)standard_metadata.egress_port)
[09:15:59.408] [bmv2] [T] [thread 50296] [28.0] [cxt 0] Read register 'q_depth_reg' at index 0 read value 0
[09:15:59.409] [bmv2] [T] [thread 50296] [28.0] [cxt 0] /home/p4/drill/drill_4_4/p4src/ecmp.p4(153) Condition "current_q_len > 0" (node_8) is false
[09:15:59.409] [bmv2] [D] [thread 50296] [28.0] [cxt 0] Pipeline 'egress': end
[09:15:59.409] [bmv2] [D] [thread 50296] [28.0] [cxt 0] Deparser 'deparser': start
[09:15:59.409] [bmv2] [T] [thread 50296] [28.0] [cxt 0] Skipping checksum 'cksum' update because condition not met
[09:15:59.409] [bmv2] [D] [thread 50296] [28.0] [cxt 0] Deparsing header 'ethernet'
[09:15:59.409] [bmv2] [D] [thread 50296] [28.0] [cxt 0] Deparser 'deparser': end
[09:15:59.409] [bmv2] [D] [thread 50300] [28.0] [cxt 0] Transmitting packet of size 211 out of port 0
[09:15:59.461] [bmv2] [D] [thread 50295] [29.0] [cxt 0] Processing packet received on port 4
[09:15:59.461] [bmv2] [D] [thread 50295] [29.0] [cxt 0] Parser 'parser': start
[09:15:59.461] [bmv2] [D] [thread 50295] [29.0] [cxt 0] Parser 'parser' entering state 'start'
[09:15:59.461] [bmv2] [D] [thread 50295] [29.0] [cxt 0] Extracting header 'ethernet'
[09:15:59.461] [bmv2] [D] [thread 50295] [29.0] [cxt 0] Parser state 'start': key is 86dd
[09:15:59.461] [bmv2] [T] [thread 50295] [29.0] [cxt 0] Bytes parsed: 14
[09:15:59.461] [bmv2] [D] [thread 50295] [29.0] [cxt 0] Parser 'parser': end
[09:15:59.461] [bmv2] [D] [thread 50295] [29.0] [cxt 0] Pipeline 'ingress': start
[09:15:59.461] [bmv2] [T] [thread 50295] [29.0] [cxt 0] /home/p4/drill/drill_4_4/p4src/ecmp.p4(132) Condition "hdr.ipv4.isValid()" (node_2) is false
[09:15:59.461] [bmv2] [D] [thread 50295] [29.0] [cxt 0] Pipeline 'ingress': end
[09:15:59.461] [bmv2] [D] [thread 50295] [29.0] [cxt 0] Egress port is 0
[09:15:59.461] [bmv2] [D] [thread 50296] [29.0] [cxt 0] Pipeline 'egress': start
[09:15:59.461] [bmv2] [T] [thread 50296] [29.0] [cxt 0] Applying table 'tbl_ecmp152'
[09:15:59.461] [bmv2] [D] [thread 50296] [29.0] [cxt 0] Looking up key:

[09:15:59.461] [bmv2] [D] [thread 50296] [29.0] [cxt 0] Table 'tbl_ecmp152': miss
[09:15:59.461] [bmv2] [D] [thread 50296] [29.0] [cxt 0] Action entry is ecmp152 - 
[09:15:59.461] [bmv2] [T] [thread 50296] [29.0] [cxt 0] Action ecmp152
[09:15:59.461] [bmv2] [T] [thread 50296] [29.0] [cxt 0] /home/p4/drill/drill_4_4/p4src/ecmp.p4(152) Primitive (bit<32>)standard_metadata.egress_port
[09:15:59.461] [bmv2] [T] [thread 50296] [29.0] [cxt 0] /home/p4/drill/drill_4_4/p4src/ecmp.p4(152) Primitive q_depth_reg.read(current_q_len,(bit<32>)standard_metadata.egress_port)
[09:15:59.461] [bmv2] [T] [thread 50296] [29.0] [cxt 0] Read register 'q_depth_reg' at index 0 read value 0
[09:15:59.461] [bmv2] [T] [thread 50296] [29.0] [cxt 0] /home/p4/drill/drill_4_4/p4src/ecmp.p4(153) Condition "current_q_len > 0" (node_8) is false
[09:15:59.461] [bmv2] [D] [thread 50296] [29.0] [cxt 0] Pipeline 'egress': end
[09:15:59.461] [bmv2] [D] [thread 50296] [29.0] [cxt 0] Deparser 'deparser': start
[09:15:59.461] [bmv2] [T] [thread 50296] [29.0] [cxt 0] Skipping checksum 'cksum' update because condition not met
[09:15:59.461] [bmv2] [D] [thread 50296] [29.0] [cxt 0] Deparsing header 'ethernet'
[09:15:59.461] [bmv2] [D] [thread 50296] [29.0] [cxt 0] Deparser 'deparser': end
[09:15:59.461] [bmv2] [D] [thread 50300] [29.0] [cxt 0] Transmitting packet of size 203 out of port 0
[09:15:59.471] [bmv2] [D] [thread 50295] [30.0] [cxt 0] Processing packet received on port 3
[09:15:59.471] [bmv2] [D] [thread 50295] [30.0] [cxt 0] Parser 'parser': start
[09:15:59.471] [bmv2] [D] [thread 50295] [30.0] [cxt 0] Parser 'parser' entering state 'start'
[09:15:59.471] [bmv2] [D] [thread 50295] [30.0] [cxt 0] Extracting header 'ethernet'
[09:15:59.471] [bmv2] [D] [thread 50295] [30.0] [cxt 0] Parser state 'start': key is 86dd
[09:15:59.471] [bmv2] [T] [thread 50295] [30.0] [cxt 0] Bytes parsed: 14
[09:15:59.471] [bmv2] [D] [thread 50295] [30.0] [cxt 0] Parser 'parser': end
[09:15:59.471] [bmv2] [D] [thread 50295] [30.0] [cxt 0] Pipeline 'ingress': start
[09:15:59.471] [bmv2] [T] [thread 50295] [30.0] [cxt 0] /home/p4/drill/drill_4_4/p4src/ecmp.p4(132) Condition "hdr.ipv4.isValid()" (node_2) is false
[09:15:59.471] [bmv2] [D] [thread 50295] [30.0] [cxt 0] Pipeline 'ingress': end
[09:15:59.471] [bmv2] [D] [thread 50295] [30.0] [cxt 0] Egress port is 0
[09:15:59.471] [bmv2] [D] [thread 50296] [30.0] [cxt 0] Pipeline 'egress': start
[09:15:59.471] [bmv2] [T] [thread 50296] [30.0] [cxt 0] Applying table 'tbl_ecmp152'
[09:15:59.471] [bmv2] [D] [thread 50296] [30.0] [cxt 0] Looking up key:

[09:15:59.471] [bmv2] [D] [thread 50296] [30.0] [cxt 0] Table 'tbl_ecmp152': miss
[09:15:59.471] [bmv2] [D] [thread 50296] [30.0] [cxt 0] Action entry is ecmp152 - 
[09:15:59.471] [bmv2] [T] [thread 50296] [30.0] [cxt 0] Action ecmp152
[09:15:59.471] [bmv2] [T] [thread 50296] [30.0] [cxt 0] /home/p4/drill/drill_4_4/p4src/ecmp.p4(152) Primitive (bit<32>)standard_metadata.egress_port
[09:15:59.471] [bmv2] [T] [thread 50296] [30.0] [cxt 0] /home/p4/drill/drill_4_4/p4src/ecmp.p4(152) Primitive q_depth_reg.read(current_q_len,(bit<32>)standard_metadata.egress_port)
[09:15:59.471] [bmv2] [T] [thread 50296] [30.0] [cxt 0] Read register 'q_depth_reg' at index 0 read value 0
[09:15:59.471] [bmv2] [T] [thread 50296] [30.0] [cxt 0] /home/p4/drill/drill_4_4/p4src/ecmp.p4(153) Condition "current_q_len > 0" (node_8) is false
[09:15:59.471] [bmv2] [D] [thread 50296] [30.0] [cxt 0] Pipeline 'egress': end
[09:15:59.471] [bmv2] [D] [thread 50296] [30.0] [cxt 0] Deparser 'deparser': start
[09:15:59.471] [bmv2] [T] [thread 50296] [30.0] [cxt 0] Skipping checksum 'cksum' update because condition not met
[09:15:59.471] [bmv2] [D] [thread 50296] [30.0] [cxt 0] Deparsing header 'ethernet'
[09:15:59.471] [bmv2] [D] [thread 50296] [30.0] [cxt 0] Deparser 'deparser': end
[09:15:59.471] [bmv2] [D] [thread 50300] [30.0] [cxt 0] Transmitting packet of size 211 out of port 0
[09:15:59.476] [bmv2] [D] [thread 50295] [31.0] [cxt 0] Processing packet received on port 4
[09:15:59.476] [bmv2] [D] [thread 50295] [31.0] [cxt 0] Parser 'parser': start
[09:15:59.476] [bmv2] [D] [thread 50295] [31.0] [cxt 0] Parser 'parser' entering state 'start'
[09:15:59.476] [bmv2] [D] [thread 50295] [31.0] [cxt 0] Extracting header 'ethernet'
[09:15:59.476] [bmv2] [D] [thread 50295] [31.0] [cxt 0] Parser state 'start': key is 86dd
[09:15:59.476] [bmv2] [T] [thread 50295] [31.0] [cxt 0] Bytes parsed: 14
[09:15:59.476] [bmv2] [D] [thread 50295] [31.0] [cxt 0] Parser 'parser': end
[09:15:59.476] [bmv2] [D] [thread 50295] [31.0] [cxt 0] Pipeline 'ingress': start
[09:15:59.476] [bmv2] [T] [thread 50295] [31.0] [cxt 0] /home/p4/drill/drill_4_4/p4src/ecmp.p4(132) Condition "hdr.ipv4.isValid()" (node_2) is false
[09:15:59.476] [bmv2] [D] [thread 50295] [31.0] [cxt 0] Pipeline 'ingress': end
[09:15:59.476] [bmv2] [D] [thread 50295] [31.0] [cxt 0] Egress port is 0
[09:15:59.476] [bmv2] [D] [thread 50296] [31.0] [cxt 0] Pipeline 'egress': start
[09:15:59.476] [bmv2] [T] [thread 50296] [31.0] [cxt 0] Applying table 'tbl_ecmp152'
[09:15:59.476] [bmv2] [D] [thread 50296] [31.0] [cxt 0] Looking up key:

[09:15:59.476] [bmv2] [D] [thread 50296] [31.0] [cxt 0] Table 'tbl_ecmp152': miss
[09:15:59.476] [bmv2] [D] [thread 50296] [31.0] [cxt 0] Action entry is ecmp152 - 
[09:15:59.476] [bmv2] [T] [thread 50296] [31.0] [cxt 0] Action ecmp152
[09:15:59.476] [bmv2] [T] [thread 50296] [31.0] [cxt 0] /home/p4/drill/drill_4_4/p4src/ecmp.p4(152) Primitive (bit<32>)standard_metadata.egress_port
[09:15:59.476] [bmv2] [T] [thread 50296] [31.0] [cxt 0] /home/p4/drill/drill_4_4/p4src/ecmp.p4(152) Primitive q_depth_reg.read(current_q_len,(bit<32>)standard_metadata.egress_port)
[09:15:59.476] [bmv2] [T] [thread 50296] [31.0] [cxt 0] Read register 'q_depth_reg' at index 0 read value 0
[09:15:59.476] [bmv2] [T] [thread 50296] [31.0] [cxt 0] /home/p4/drill/drill_4_4/p4src/ecmp.p4(153) Condition "current_q_len > 0" (node_8) is false
[09:15:59.476] [bmv2] [D] [thread 50296] [31.0] [cxt 0] Pipeline 'egress': end
[09:15:59.476] [bmv2] [D] [thread 50296] [31.0] [cxt 0] Deparser 'deparser': start
[09:15:59.476] [bmv2] [T] [thread 50296] [31.0] [cxt 0] Skipping checksum 'cksum' update because condition not met
[09:15:59.476] [bmv2] [D] [thread 50296] [31.0] [cxt 0] Deparsing header 'ethernet'
[09:15:59.476] [bmv2] [D] [thread 50296] [31.0] [cxt 0] Deparser 'deparser': end
[09:15:59.477] [bmv2] [D] [thread 50300] [31.0] [cxt 0] Transmitting packet of size 211 out of port 0
[09:15:59.614] [bmv2] [D] [thread 50295] [32.0] [cxt 0] Processing packet received on port 4
[09:15:59.614] [bmv2] [D] [thread 50295] [32.0] [cxt 0] Parser 'parser': start
[09:15:59.614] [bmv2] [D] [thread 50295] [32.0] [cxt 0] Parser 'parser' entering state 'start'
[09:15:59.614] [bmv2] [D] [thread 50295] [32.0] [cxt 0] Extracting header 'ethernet'
[09:15:59.614] [bmv2] [D] [thread 50295] [32.0] [cxt 0] Parser state 'start': key is 86dd
[09:15:59.614] [bmv2] [T] [thread 50295] [32.0] [cxt 0] Bytes parsed: 14
[09:15:59.614] [bmv2] [D] [thread 50295] [32.0] [cxt 0] Parser 'parser': end
[09:15:59.614] [bmv2] [D] [thread 50295] [32.0] [cxt 0] Pipeline 'ingress': start
[09:15:59.614] [bmv2] [T] [thread 50295] [32.0] [cxt 0] /home/p4/drill/drill_4_4/p4src/ecmp.p4(132) Condition "hdr.ipv4.isValid()" (node_2) is false
[09:15:59.614] [bmv2] [D] [thread 50295] [32.0] [cxt 0] Pipeline 'ingress': end
[09:15:59.614] [bmv2] [D] [thread 50295] [32.0] [cxt 0] Egress port is 0
[09:15:59.614] [bmv2] [D] [thread 50296] [32.0] [cxt 0] Pipeline 'egress': start
[09:15:59.614] [bmv2] [T] [thread 50296] [32.0] [cxt 0] Applying table 'tbl_ecmp152'
[09:15:59.614] [bmv2] [D] [thread 50296] [32.0] [cxt 0] Looking up key:

[09:15:59.614] [bmv2] [D] [thread 50296] [32.0] [cxt 0] Table 'tbl_ecmp152': miss
[09:15:59.614] [bmv2] [D] [thread 50296] [32.0] [cxt 0] Action entry is ecmp152 - 
[09:15:59.614] [bmv2] [T] [thread 50296] [32.0] [cxt 0] Action ecmp152
[09:15:59.614] [bmv2] [T] [thread 50296] [32.0] [cxt 0] /home/p4/drill/drill_4_4/p4src/ecmp.p4(152) Primitive (bit<32>)standard_metadata.egress_port
[09:15:59.614] [bmv2] [T] [thread 50296] [32.0] [cxt 0] /home/p4/drill/drill_4_4/p4src/ecmp.p4(152) Primitive q_depth_reg.read(current_q_len,(bit<32>)standard_metadata.egress_port)
[09:15:59.614] [bmv2] [T] [thread 50296] [32.0] [cxt 0] Read register 'q_depth_reg' at index 0 read value 0
[09:15:59.614] [bmv2] [T] [thread 50296] [32.0] [cxt 0] /home/p4/drill/drill_4_4/p4src/ecmp.p4(153) Condition "current_q_len > 0" (node_8) is false
[09:15:59.614] [bmv2] [D] [thread 50296] [32.0] [cxt 0] Pipeline 'egress': end
[09:15:59.614] [bmv2] [D] [thread 50296] [32.0] [cxt 0] Deparser 'deparser': start
[09:15:59.614] [bmv2] [T] [thread 50296] [32.0] [cxt 0] Skipping checksum 'cksum' update because condition not met
[09:15:59.614] [bmv2] [D] [thread 50296] [32.0] [cxt 0] Deparsing header 'ethernet'
[09:15:59.614] [bmv2] [D] [thread 50296] [32.0] [cxt 0] Deparser 'deparser': end
[09:15:59.614] [bmv2] [D] [thread 50300] [32.0] [cxt 0] Transmitting packet of size 90 out of port 0
[09:16:00.900] [bmv2] [T] [thread 50481] bm_get_config
[09:16:00.903] [bmv2] [T] [thread 50481] bm_set_default_action
[09:16:00.903] [bmv2] [D] [thread 50481] Set default entry for table 'MyIngress.ipv4_lpm': MyIngress.drop - 
[09:16:00.904] [bmv2] [T] [thread 50481] bm_set_default_action
[09:16:00.904] [bmv2] [D] [thread 50481] Set default entry for table 'MyIngress.ecmp_group_to_nhop': MyIngress.drop - 
[09:16:00.905] [bmv2] [T] [thread 50481] bm_table_add_entry
[09:16:00.905] [bmv2] [D] [thread 50481] Entry 0 added to table 'MyIngress.ipv4_lpm'
[09:16:00.905] [bmv2] [D] [thread 50481] Dumping entry 0
Match key:
* hdr.ipv4.dstAddr    : LPM       0a000100/24
Action entry: MyIngress.set_nhop - 100,1,

[09:16:00.906] [bmv2] [T] [thread 50481] bm_table_add_entry
[09:16:00.906] [bmv2] [D] [thread 50481] Entry 1 added to table 'MyIngress.ipv4_lpm'
[09:16:00.906] [bmv2] [D] [thread 50481] Dumping entry 1
Match key:
* hdr.ipv4.dstAddr    : LPM       0a000200/24
Action entry: MyIngress.set_nhop - 200,2,

[09:16:00.906] [bmv2] [T] [thread 50481] bm_table_add_entry
[09:16:00.907] [bmv2] [D] [thread 50481] Entry 2 added to table 'MyIngress.ipv4_lpm'
[09:16:00.907] [bmv2] [D] [thread 50481] Dumping entry 2
Match key:
* hdr.ipv4.dstAddr    : LPM       0a000300/24
Action entry: MyIngress.set_nhop - 300,3,

[09:16:00.907] [bmv2] [T] [thread 50481] bm_table_add_entry
[09:16:00.907] [bmv2] [D] [thread 50481] Entry 3 added to table 'MyIngress.ipv4_lpm'
[09:16:00.907] [bmv2] [D] [thread 50481] Dumping entry 3
Match key:
* hdr.ipv4.dstAddr    : LPM       0a000400/24
Action entry: MyIngress.set_nhop - 400,4,

open: No such file or directory
open: No such file or directory
open: No such file or directory
open: No such file or directory
open: No such file or directory
open: No such file or directory
open: No such file or directory
open: No such file or directory
open: No such file or directory
open: No such file or directory
open: No such file or directory
open: No such file or directory
open: No such file or directory
open: No such file or directory
open: No such file or directory
open: No such file or directory
open: No such file or directory
open: No such file or directory
open: No such file or directory
open: No such file or directory
open: No such file or directory
